This file contains any messages produced by compilers while
running configure, to aid debugging if configure makes a mistake.

It was created by openocd configure 0.10.0-dev, which was
generated by GNU Autoconf 2.69.  Invocation command line was

  $ /Users/jsjeong/Work/openocd/gnuarmeclipse-openocd.git/configure --prefix=/Users/jsjeong/Work/openocd/install/osx/openocd --datarootdir=/Users/jsjeong/Work/openocd/install/osx --infodir=/Users/jsjeong/Work/openocd/install/osx/openocd/info --localedir=/Users/jsjeong/Work/openocd/install/osx/openocd/locale --mandir=/Users/jsjeong/Work/openocd/install/osx/openocd/man --docdir=/Users/jsjeong/Work/openocd/install/osx/openocd/doc --enable-aice --disable-amtjtagaccel --enable-armjtagew --enable-cmsis-dap --enable-dummy --enable-ftdi --disable-gw16012 --enable-jlink --disable-jtag_vpi --enable-opendous --enable-openjtag_ftdi --enable-osbdm --enable-legacy-ft2232_libftdi --disable-parport --disable-parport-ppdev --disable-parport-giveio --enable-presto_libftdi --enable-remote-bitbang --enable-rlink --enable-stlink --enable-ti-icdi --enable-ulink --enable-usb-blaster-2 --enable-usb_blaster_libftdi --enable-usbprog --enable-vsllink

## --------- ##
## Platform. ##
## --------- ##

hostname = jsjeong-air.local
uname -m = x86_64
uname -r = 14.3.0
uname -s = Darwin
uname -v = Darwin Kernel Version 14.3.0: Mon Mar 23 11:59:05 PDT 2015; root:xnu-2782.20.48~5/RELEASE_X86_64

/usr/bin/uname -p = i386
/bin/uname -X     = unknown

/bin/arch              = unknown
/usr/bin/arch -k       = unknown
/usr/convex/getsysinfo = unknown
/usr/bin/hostinfo      = Mach kernel version:
	 Darwin Kernel Version 14.3.0: Mon Mar 23 11:59:05 PDT 2015; root:xnu-2782.20.48~5/RELEASE_X86_64
Kernel configured for up to 4 processors.
2 processors are physically available.
4 processors are logically available.
Processor type: x86_64h (Intel x86-64h Haswell)
Processors active: 0 1 2 3
Primary memory available: 8.00 gigabytes
Default processor set: 265 tasks, 1294 threads, 4 processors
Load average: 2.51, Mach factor: 1.48
/bin/machine           = unknown
/usr/bin/oslevel       = unknown
/bin/universe          = unknown

PATH: /opt/local/bin
PATH: /opt/local/sbin
PATH: /opt/local/bin
PATH: /opt/local/sbin
PATH: /Users/jsjeong/workspace/nos-cox/tools/arm-none-gnu-eabi/gcc-arm-none-eabi-4_9-2015q1/bin
PATH: /Users/jsjeong/workspace/nos-cox/tools/msp430-tools/msp430-elf-gcc-build/Darwin/bin
PATH: /usr/local/bin
PATH: /usr/bin
PATH: /bin
PATH: /usr/sbin
PATH: /sbin
PATH: /opt/X11/bin


## ----------- ##
## Core tests. ##
## ----------- ##

configure:2587: checking for makeinfo
configure:2603: found /opt/local/bin/makeinfo
configure:2614: result: makeinfo
configure:2674: checking for a BSD-compatible install
configure:2742: result: /usr/bin/install -c
configure:2753: checking whether build environment is sane
configure:2808: result: yes
configure:2959: checking for a thread-safe mkdir -p
configure:2998: result: /Users/jsjeong/Work/openocd/gnuarmeclipse-openocd.git/install-sh -c -d
configure:3005: checking for gawk
configure:3035: result: no
configure:3005: checking for mawk
configure:3035: result: no
configure:3005: checking for nawk
configure:3035: result: no
configure:3005: checking for awk
configure:3021: found /usr/bin/awk
configure:3032: result: awk
configure:3043: checking whether make sets $(MAKE)
configure:3065: result: yes
configure:3094: checking whether make supports nested variables
configure:3111: result: yes
configure:3296: checking for gcc
configure:3312: found /usr/bin/gcc
configure:3323: result: gcc
configure:3552: checking for C compiler version
configure:3561: gcc --version >&5
Apple LLVM version 6.1.0 (clang-602.0.53) (based on LLVM 3.6.0svn)
Target: x86_64-apple-darwin14.3.0
Thread model: posix
Configured with: --prefix=/Applications/Xcode.app/Contents/Developer/usr --with-gxx-include-dir=/usr/include/c++/4.2.1
configure:3572: $? = 0
configure:3561: gcc -v >&5
Configured with: --prefix=/Applications/Xcode.app/Contents/Developer/usr --with-gxx-include-dir=/usr/include/c++/4.2.1
Apple LLVM version 6.1.0 (clang-602.0.53) (based on LLVM 3.6.0svn)
Target: x86_64-apple-darwin14.3.0
Thread model: posix
configure:3572: $? = 0
configure:3561: gcc -V >&5
clang: error: argument to '-V' is missing (expected 1 value)
clang: error: no input files
configure:3572: $? = 1
configure:3561: gcc -qversion >&5
clang: error: unknown argument: '-qversion'
clang: error: no input files
configure:3572: $? = 1
configure:3592: checking whether the C compiler works
configure:3614: gcc  -m64 -pipe  conftest.c  >&5
configure:3618: $? = 0
configure:3666: result: yes
configure:3669: checking for C compiler default output file name
configure:3671: result: a.out
configure:3677: checking for suffix of executables
configure:3684: gcc -o conftest  -m64 -pipe  conftest.c  >&5
configure:3688: $? = 0
configure:3710: result: 
configure:3732: checking whether we are cross compiling
configure:3740: gcc -o conftest  -m64 -pipe  conftest.c  >&5
configure:3744: $? = 0
configure:3751: ./conftest
configure:3755: $? = 0
configure:3770: result: no
configure:3775: checking for suffix of object files
configure:3797: gcc -c  -m64 -pipe conftest.c >&5
configure:3801: $? = 0
configure:3822: result: o
configure:3826: checking whether we are using the GNU C compiler
configure:3845: gcc -c  -m64 -pipe conftest.c >&5
configure:3845: $? = 0
configure:3854: result: yes
configure:3863: checking whether gcc accepts -g
configure:3883: gcc -c -g -m64 -pipe conftest.c >&5
configure:3883: $? = 0
configure:3924: result: yes
configure:3941: checking for gcc option to accept ISO C89
configure:4004: gcc  -c -g -O2 -m64 -pipe conftest.c >&5
configure:4004: $? = 0
configure:4017: result: none needed
configure:4042: checking whether gcc understands -c and -o together
configure:4064: gcc -c conftest.c -o conftest2.o
configure:4067: $? = 0
configure:4064: gcc -c conftest.c -o conftest2.o
configure:4067: $? = 0
configure:4079: result: yes
configure:4107: checking for style of include used by make
configure:4135: result: GNU
configure:4161: checking dependency style of gcc
configure:4272: result: gcc3
configure:4287: checking for gcc option to accept ISO C99
configure:4436: gcc  -c -g -O2 -m64 -pipe conftest.c >&5
configure:4436: $? = 0
configure:4449: result: none needed
configure:4508: checking for ranlib
configure:4524: found /usr/bin/ranlib
configure:4535: result: ranlib
configure:4611: checking for pkg-config
configure:4629: found /opt/local/bin/pkg-config
configure:4641: result: /opt/local/bin/pkg-config
configure:4666: checking pkg-config is at least version 0.23
configure:4669: result: yes
configure:4741: checking build system type
configure:4755: result: x86_64-apple-darwin14.3.0
configure:4775: checking host system type
configure:4788: result: x86_64-apple-darwin14.3.0
configure:4829: checking how to print strings
configure:4856: result: printf
configure:4877: checking for a sed that does not truncate output
configure:4941: result: /usr/bin/sed
configure:4959: checking for grep that handles long lines and -e
configure:5017: result: /usr/bin/grep
configure:5022: checking for egrep
configure:5084: result: /usr/bin/grep -E
configure:5089: checking for fgrep
configure:5151: result: /usr/bin/grep -F
configure:5186: checking for ld used by gcc
configure:5253: result: /Applications/Xcode.app/Contents/Developer/Toolchains/XcodeDefault.xctoolchain/usr/bin/ld
configure:5260: checking if the linker (/Applications/Xcode.app/Contents/Developer/Toolchains/XcodeDefault.xctoolchain/usr/bin/ld) is GNU ld
configure:5275: result: no
configure:5287: checking for BSD- or MS-compatible name lister (nm)
configure:5341: result: /usr/bin/nm
configure:5471: checking the name lister (/usr/bin/nm) interface
configure:5478: gcc -c -g -O2 -m64 -pipe conftest.c >&5
configure:5481: /usr/bin/nm "conftest.o"
configure:5484: output
00000000000001f0 S _some_variable
configure:5491: result: BSD nm
configure:5494: checking whether ln -s works
configure:5498: result: yes
configure:5506: checking the maximum length of command line arguments
configure:5637: result: 196608
configure:5685: checking how to convert x86_64-apple-darwin14.3.0 file names to x86_64-apple-darwin14.3.0 format
configure:5725: result: func_convert_file_noop
configure:5732: checking how to convert x86_64-apple-darwin14.3.0 file names to toolchain format
configure:5752: result: func_convert_file_noop
configure:5759: checking for /Applications/Xcode.app/Contents/Developer/Toolchains/XcodeDefault.xctoolchain/usr/bin/ld option to reload object files
configure:5766: result: -r
configure:5840: checking for objdump
configure:5870: result: no
configure:5899: checking how to recognize dependent libraries
configure:6099: result: pass_all
configure:6184: checking for dlltool
configure:6214: result: no
configure:6244: checking how to associate runtime and link libraries
configure:6271: result: printf %s\n
configure:6332: checking for ar
configure:6348: found /usr/bin/ar
configure:6359: result: ar
configure:6396: checking for archiver @FILE support
configure:6413: gcc -c -g -O2 -m64 -pipe conftest.c >&5
configure:6413: $? = 0
configure:6416: ar cru libconftest.a @conftest.lst >&5
ar: @conftest.lst: No such file or directory
configure:6419: $? = 1
configure:6439: result: no
configure:6497: checking for strip
configure:6513: found /usr/bin/strip
configure:6524: result: strip
configure:6596: checking for ranlib
configure:6623: result: ranlib
configure:6725: checking command to parse /usr/bin/nm output from gcc object
configure:6878: gcc -c -g -O2 -m64 -pipe conftest.c >&5
configure:6881: $? = 0
configure:6885: /usr/bin/nm conftest.o \| sed -n -e 's/^.*[ ]\([BCDEGRST][BCDEGRST]*\)[ ][ ]*\([_A-Za-z][_A-Za-z0-9]*\)$/\1 \2 \2/p' | sed '/ __gnu_lto/d' \> conftest.nm
configure:6888: $? = 0
cannot find nm_test_var in conftest.nm
configure:6878: gcc -c -g -O2 -m64 -pipe conftest.c >&5
configure:6881: $? = 0
configure:6885: /usr/bin/nm conftest.o \| sed -n -e 's/^.*[ ]\([BCDEGRST][BCDEGRST]*\)[ ][ ]*_\([_A-Za-z][_A-Za-z0-9]*\)$/\1 _\2 \2/p' | sed '/ __gnu_lto/d' \> conftest.nm
configure:6888: $? = 0
configure:6954: gcc -o conftest -g -O2 -m64 -pipe  conftest.c conftstm.o >&5
configure:6957: $? = 0
configure:6995: result: ok
configure:7042: checking for sysroot
configure:7072: result: no
configure:7079: checking for a working dd
configure:7117: result: /bin/dd
configure:7121: checking how to truncate binary pipes
configure:7136: result: /bin/dd bs=4096 count=1
configure:7465: checking for mt
configure:7495: result: no
configure:7515: checking if : is a manifest tool
configure:7521: : '-?'
configure:7529: result: no
configure:7585: checking for dsymutil
configure:7601: found /usr/bin/dsymutil
configure:7612: result: dsymutil
configure:7677: checking for nmedit
configure:7693: found /usr/bin/nmedit
configure:7704: result: nmedit
configure:7769: checking for lipo
configure:7785: found /usr/bin/lipo
configure:7796: result: lipo
configure:7861: checking for otool
configure:7877: found /usr/bin/otool
configure:7888: result: otool
configure:7953: checking for otool64
configure:7983: result: no
configure:8028: checking for -single_module linker flag
gcc -g -O2  -o libconftest.dylib -dynamiclib -Wl,-single_module conftest.c
configure:8061: result: yes
configure:8064: checking for -exported_symbols_list linker flag
configure:8084: gcc -o conftest -g -O2 -m64 -pipe  -Wl,-exported_symbols_list,conftest.sym conftest.c  >&5
configure:8084: $? = 0
configure:8094: result: yes
configure:8097: checking for -force_load linker flag
gcc -g -O2 -c -o conftest.o conftest.c
ar cru libconftest.a conftest.o
ranlib libconftest.a
gcc -g -O2  -o conftest conftest.c -Wl,-force_load,./libconftest.a
configure:8129: result: yes
configure:8206: checking how to run the C preprocessor
configure:8237: gcc -E -m64 -pipe conftest.c
configure:8237: $? = 0
configure:8251: gcc -E -m64 -pipe conftest.c
conftest.c:11:10: fatal error: 'ac_nonexistent.h' file not found
#include <ac_nonexistent.h>
         ^
1 error generated.
configure:8251: $? = 1
configure: failed program was:
| /* confdefs.h */
| #define PACKAGE_NAME "openocd"
| #define PACKAGE_TARNAME "openocd"
| #define PACKAGE_VERSION "0.10.0-dev"
| #define PACKAGE_STRING "openocd 0.10.0-dev"
| #define PACKAGE_BUGREPORT "OpenOCD Mailing List <openocd-devel@lists.sourceforge.net>"
| #define PACKAGE_URL ""
| #define PACKAGE "openocd"
| #define VERSION "0.10.0-dev"
| /* end confdefs.h.  */
| #include <ac_nonexistent.h>
configure:8276: result: gcc -E
configure:8296: gcc -E -m64 -pipe conftest.c
configure:8296: $? = 0
configure:8310: gcc -E -m64 -pipe conftest.c
conftest.c:11:10: fatal error: 'ac_nonexistent.h' file not found
#include <ac_nonexistent.h>
         ^
1 error generated.
configure:8310: $? = 1
configure: failed program was:
| /* confdefs.h */
| #define PACKAGE_NAME "openocd"
| #define PACKAGE_TARNAME "openocd"
| #define PACKAGE_VERSION "0.10.0-dev"
| #define PACKAGE_STRING "openocd 0.10.0-dev"
| #define PACKAGE_BUGREPORT "OpenOCD Mailing List <openocd-devel@lists.sourceforge.net>"
| #define PACKAGE_URL ""
| #define PACKAGE "openocd"
| #define VERSION "0.10.0-dev"
| /* end confdefs.h.  */
| #include <ac_nonexistent.h>
configure:8339: checking for ANSI C header files
configure:8359: gcc -c -g -O2 -m64 -pipe conftest.c >&5
configure:8359: $? = 0
configure:8432: gcc -o conftest -g -O2 -m64 -pipe  conftest.c  >&5
configure:8432: $? = 0
configure:8432: ./conftest
configure:8432: $? = 0
configure:8443: result: yes
configure:8456: checking for sys/types.h
configure:8456: gcc -c -g -O2 -m64 -pipe conftest.c >&5
configure:8456: $? = 0
configure:8456: result: yes
configure:8456: checking for sys/stat.h
configure:8456: gcc -c -g -O2 -m64 -pipe conftest.c >&5
configure:8456: $? = 0
configure:8456: result: yes
configure:8456: checking for stdlib.h
configure:8456: gcc -c -g -O2 -m64 -pipe conftest.c >&5
configure:8456: $? = 0
configure:8456: result: yes
configure:8456: checking for string.h
configure:8456: gcc -c -g -O2 -m64 -pipe conftest.c >&5
configure:8456: $? = 0
configure:8456: result: yes
configure:8456: checking for memory.h
configure:8456: gcc -c -g -O2 -m64 -pipe conftest.c >&5
configure:8456: $? = 0
configure:8456: result: yes
configure:8456: checking for strings.h
configure:8456: gcc -c -g -O2 -m64 -pipe conftest.c >&5
configure:8456: $? = 0
configure:8456: result: yes
configure:8456: checking for inttypes.h
configure:8456: gcc -c -g -O2 -m64 -pipe conftest.c >&5
configure:8456: $? = 0
configure:8456: result: yes
configure:8456: checking for stdint.h
configure:8456: gcc -c -g -O2 -m64 -pipe conftest.c >&5
configure:8456: $? = 0
configure:8456: result: yes
configure:8456: checking for unistd.h
configure:8456: gcc -c -g -O2 -m64 -pipe conftest.c >&5
configure:8456: $? = 0
configure:8456: result: yes
configure:8470: checking for dlfcn.h
configure:8470: gcc -c -g -O2 -m64 -pipe conftest.c >&5
configure:8470: $? = 0
configure:8470: result: yes
configure:8696: checking for objdir
configure:8711: result: .libs
configure:8971: checking if gcc supports -fno-rtti -fno-exceptions
configure:8989: gcc -c -g -O2 -m64 -pipe -fno-rtti -fno-exceptions conftest.c >&5
configure:8993: $? = 0
configure:9006: result: yes
configure:9364: checking for gcc option to produce PIC
configure:9371: result: -fno-common -DPIC
configure:9379: checking if gcc PIC flag -fno-common -DPIC works
configure:9397: gcc -c -g -O2 -m64 -pipe -fno-common -DPIC -DPIC conftest.c >&5
configure:9401: $? = 0
configure:9414: result: yes
configure:9443: checking if gcc static flag -static works
configure:9471: result: no
configure:9486: checking if gcc supports -c -o file.o
configure:9507: gcc -c -g -O2 -m64 -pipe -o out/conftest2.o conftest.c >&5
configure:9511: $? = 0
configure:9533: result: yes
configure:9541: checking if gcc supports -c -o file.o
configure:9588: result: yes
configure:9621: checking whether the gcc linker (/Applications/Xcode.app/Contents/Developer/Toolchains/XcodeDefault.xctoolchain/usr/bin/ld) supports shared libraries
configure:10880: result: yes
configure:11120: checking dynamic linker characteristics
configure:11938: result: darwin14.3.0 dyld
configure:12060: checking how to hardcode library paths into programs
configure:12085: result: immediate
configure:12633: checking whether stripping libraries is possible
configure:12647: result: yes
configure:12673: checking if libtool supports shared libraries
configure:12675: result: yes
configure:12678: checking whether to build shared libraries
configure:12703: result: no
configure:12706: checking whether to build static libraries
configure:12710: result: yes
configure:12749: checking for an ANSI C-conforming const
configure:12815: gcc -c -g -O2 -m64 -pipe conftest.c >&5
configure:12815: $? = 0
configure:12822: result: yes
configure:12831: checking for unsigned long long int
configure:12879: result: yes
configure:12889: checking for long long int
configure:12939: result: yes
configure:12948: checking for library containing ioperm
configure:12979: gcc -o conftest -g -O2 -m64 -pipe  conftest.c  >&5
Undefined symbols for architecture x86_64:
  "_ioperm", referenced from:
      _main in conftest-4027c8.o
ld: symbol(s) not found for architecture x86_64
clang: error: linker command failed with exit code 1 (use -v to see invocation)
configure:12979: $? = 1
configure: failed program was:
| /* confdefs.h */
| #define PACKAGE_NAME "openocd"
| #define PACKAGE_TARNAME "openocd"
| #define PACKAGE_VERSION "0.10.0-dev"
| #define PACKAGE_STRING "openocd 0.10.0-dev"
| #define PACKAGE_BUGREPORT "OpenOCD Mailing List <openocd-devel@lists.sourceforge.net>"
| #define PACKAGE_URL ""
| #define PACKAGE "openocd"
| #define VERSION "0.10.0-dev"
| #define STDC_HEADERS 1
| #define HAVE_SYS_TYPES_H 1
| #define HAVE_SYS_STAT_H 1
| #define HAVE_STDLIB_H 1
| #define HAVE_STRING_H 1
| #define HAVE_MEMORY_H 1
| #define HAVE_STRINGS_H 1
| #define HAVE_INTTYPES_H 1
| #define HAVE_STDINT_H 1
| #define HAVE_UNISTD_H 1
| #define HAVE_DLFCN_H 1
| #define LT_OBJDIR ".libs/"
| #define HAVE_UNSIGNED_LONG_LONG_INT 1
| #define HAVE_LONG_LONG_INT 1
| /* end confdefs.h.  */
| 
| /* Override any GCC internal prototype to avoid an error.
|    Use char because int might match the return type of a GCC
|    builtin and then its argument prototype would still apply.  */
| #ifdef __cplusplus
| extern "C"
| #endif
| char ioperm ();
| int
| main ()
| {
| return ioperm ();
|   ;
|   return 0;
| }
configure:12979: gcc -o conftest -g -O2 -m64 -pipe  conftest.c -lioperm   >&5
ld: library not found for -lioperm
clang: error: linker command failed with exit code 1 (use -v to see invocation)
configure:12979: $? = 1
configure: failed program was:
| /* confdefs.h */
| #define PACKAGE_NAME "openocd"
| #define PACKAGE_TARNAME "openocd"
| #define PACKAGE_VERSION "0.10.0-dev"
| #define PACKAGE_STRING "openocd 0.10.0-dev"
| #define PACKAGE_BUGREPORT "OpenOCD Mailing List <openocd-devel@lists.sourceforge.net>"
| #define PACKAGE_URL ""
| #define PACKAGE "openocd"
| #define VERSION "0.10.0-dev"
| #define STDC_HEADERS 1
| #define HAVE_SYS_TYPES_H 1
| #define HAVE_SYS_STAT_H 1
| #define HAVE_STDLIB_H 1
| #define HAVE_STRING_H 1
| #define HAVE_MEMORY_H 1
| #define HAVE_STRINGS_H 1
| #define HAVE_INTTYPES_H 1
| #define HAVE_STDINT_H 1
| #define HAVE_UNISTD_H 1
| #define HAVE_DLFCN_H 1
| #define LT_OBJDIR ".libs/"
| #define HAVE_UNSIGNED_LONG_LONG_INT 1
| #define HAVE_LONG_LONG_INT 1
| /* end confdefs.h.  */
| 
| /* Override any GCC internal prototype to avoid an error.
|    Use char because int might match the return type of a GCC
|    builtin and then its argument prototype would still apply.  */
| #ifdef __cplusplus
| extern "C"
| #endif
| char ioperm ();
| int
| main ()
| {
| return ioperm ();
|   ;
|   return 0;
| }
configure:12996: result: no
configure:13004: checking for library containing dlopen
configure:13035: gcc -o conftest -g -O2 -m64 -pipe  conftest.c  >&5
configure:13035: $? = 0
configure:13052: result: none required
configure:13063: checking sys/socket.h usability
configure:13063: gcc -c -g -O2 -m64 -pipe conftest.c >&5
configure:13063: $? = 0
configure:13063: result: yes
configure:13063: checking sys/socket.h presence
configure:13063: gcc -E -m64 -pipe conftest.c
configure:13063: $? = 0
configure:13063: result: yes
configure:13063: checking for sys/socket.h
configure:13063: result: yes
configure:13075: checking for arpa/inet.h
configure:13075: gcc -c -g -O2 -m64 -pipe conftest.c >&5
configure:13075: $? = 0
configure:13075: result: yes
configure:13100: checking elf.h usability
configure:13100: gcc -c -g -O2 -m64 -pipe conftest.c >&5
conftest.c:60:10: fatal error: 'elf.h' file not found
#include <elf.h>
         ^
1 error generated.
configure:13100: $? = 1
configure: failed program was:
| /* confdefs.h */
| #define PACKAGE_NAME "openocd"
| #define PACKAGE_TARNAME "openocd"
| #define PACKAGE_VERSION "0.10.0-dev"
| #define PACKAGE_STRING "openocd 0.10.0-dev"
| #define PACKAGE_BUGREPORT "OpenOCD Mailing List <openocd-devel@lists.sourceforge.net>"
| #define PACKAGE_URL ""
| #define PACKAGE "openocd"
| #define VERSION "0.10.0-dev"
| #define STDC_HEADERS 1
| #define HAVE_SYS_TYPES_H 1
| #define HAVE_SYS_STAT_H 1
| #define HAVE_STDLIB_H 1
| #define HAVE_STRING_H 1
| #define HAVE_MEMORY_H 1
| #define HAVE_STRINGS_H 1
| #define HAVE_INTTYPES_H 1
| #define HAVE_STDINT_H 1
| #define HAVE_UNISTD_H 1
| #define HAVE_DLFCN_H 1
| #define LT_OBJDIR ".libs/"
| #define HAVE_UNSIGNED_LONG_LONG_INT 1
| #define HAVE_LONG_LONG_INT 1
| #define HAVE_SYS_SOCKET_H 1
| #define HAVE_ARPA_INET_H 1
| /* end confdefs.h.  */
| #include <stdio.h>
| #ifdef HAVE_SYS_TYPES_H
| # include <sys/types.h>
| #endif
| #ifdef HAVE_SYS_STAT_H
| # include <sys/stat.h>
| #endif
| #ifdef STDC_HEADERS
| # include <stdlib.h>
| # include <stddef.h>
| #else
| # ifdef HAVE_STDLIB_H
| #  include <stdlib.h>
| # endif
| #endif
| #ifdef HAVE_STRING_H
| # if !defined STDC_HEADERS && defined HAVE_MEMORY_H
| #  include <memory.h>
| # endif
| # include <string.h>
| #endif
| #ifdef HAVE_STRINGS_H
| # include <strings.h>
| #endif
| #ifdef HAVE_INTTYPES_H
| # include <inttypes.h>
| #endif
| #ifdef HAVE_STDINT_H
| # include <stdint.h>
| #endif
| #ifdef HAVE_UNISTD_H
| # include <unistd.h>
| #endif
| #include <elf.h>
configure:13100: result: no
configure:13100: checking elf.h presence
configure:13100: gcc -E -m64 -pipe conftest.c
conftest.c:27:10: fatal error: 'elf.h' file not found
#include <elf.h>
         ^
1 error generated.
configure:13100: $? = 1
configure: failed program was:
| /* confdefs.h */
| #define PACKAGE_NAME "openocd"
| #define PACKAGE_TARNAME "openocd"
| #define PACKAGE_VERSION "0.10.0-dev"
| #define PACKAGE_STRING "openocd 0.10.0-dev"
| #define PACKAGE_BUGREPORT "OpenOCD Mailing List <openocd-devel@lists.sourceforge.net>"
| #define PACKAGE_URL ""
| #define PACKAGE "openocd"
| #define VERSION "0.10.0-dev"
| #define STDC_HEADERS 1
| #define HAVE_SYS_TYPES_H 1
| #define HAVE_SYS_STAT_H 1
| #define HAVE_STDLIB_H 1
| #define HAVE_STRING_H 1
| #define HAVE_MEMORY_H 1
| #define HAVE_STRINGS_H 1
| #define HAVE_INTTYPES_H 1
| #define HAVE_STDINT_H 1
| #define HAVE_UNISTD_H 1
| #define HAVE_DLFCN_H 1
| #define LT_OBJDIR ".libs/"
| #define HAVE_UNSIGNED_LONG_LONG_INT 1
| #define HAVE_LONG_LONG_INT 1
| #define HAVE_SYS_SOCKET_H 1
| #define HAVE_ARPA_INET_H 1
| /* end confdefs.h.  */
| #include <elf.h>
configure:13100: result: no
configure:13100: checking for elf.h
configure:13100: result: no
configure:13112: checking dirent.h usability
configure:13112: gcc -c -g -O2 -m64 -pipe conftest.c >&5
configure:13112: $? = 0
configure:13112: result: yes
configure:13112: checking dirent.h presence
configure:13112: gcc -E -m64 -pipe conftest.c
configure:13112: $? = 0
configure:13112: result: yes
configure:13112: checking for dirent.h
configure:13112: result: yes
configure:13124: checking fcntl.h usability
configure:13124: gcc -c -g -O2 -m64 -pipe conftest.c >&5
configure:13124: $? = 0
configure:13124: result: yes
configure:13124: checking fcntl.h presence
configure:13124: gcc -E -m64 -pipe conftest.c
configure:13124: $? = 0
configure:13124: result: yes
configure:13124: checking for fcntl.h
configure:13124: result: yes
configure:13136: checking for ifaddrs.h
configure:13136: gcc -c -g -O2 -m64 -pipe conftest.c >&5
configure:13136: $? = 0
configure:13136: result: yes
configure:13161: checking malloc.h usability
configure:13161: gcc -c -g -O2 -m64 -pipe conftest.c >&5
conftest.c:63:10: fatal error: 'malloc.h' file not found
#include <malloc.h>
         ^
1 error generated.
configure:13161: $? = 1
configure: failed program was:
| /* confdefs.h */
| #define PACKAGE_NAME "openocd"
| #define PACKAGE_TARNAME "openocd"
| #define PACKAGE_VERSION "0.10.0-dev"
| #define PACKAGE_STRING "openocd 0.10.0-dev"
| #define PACKAGE_BUGREPORT "OpenOCD Mailing List <openocd-devel@lists.sourceforge.net>"
| #define PACKAGE_URL ""
| #define PACKAGE "openocd"
| #define VERSION "0.10.0-dev"
| #define STDC_HEADERS 1
| #define HAVE_SYS_TYPES_H 1
| #define HAVE_SYS_STAT_H 1
| #define HAVE_STDLIB_H 1
| #define HAVE_STRING_H 1
| #define HAVE_MEMORY_H 1
| #define HAVE_STRINGS_H 1
| #define HAVE_INTTYPES_H 1
| #define HAVE_STDINT_H 1
| #define HAVE_UNISTD_H 1
| #define HAVE_DLFCN_H 1
| #define LT_OBJDIR ".libs/"
| #define HAVE_UNSIGNED_LONG_LONG_INT 1
| #define HAVE_LONG_LONG_INT 1
| #define HAVE_SYS_SOCKET_H 1
| #define HAVE_ARPA_INET_H 1
| #define HAVE_DIRENT_H 1
| #define HAVE_FCNTL_H 1
| #define HAVE_IFADDRS_H 1
| /* end confdefs.h.  */
| #include <stdio.h>
| #ifdef HAVE_SYS_TYPES_H
| # include <sys/types.h>
| #endif
| #ifdef HAVE_SYS_STAT_H
| # include <sys/stat.h>
| #endif
| #ifdef STDC_HEADERS
| # include <stdlib.h>
| # include <stddef.h>
| #else
| # ifdef HAVE_STDLIB_H
| #  include <stdlib.h>
| # endif
| #endif
| #ifdef HAVE_STRING_H
| # if !defined STDC_HEADERS && defined HAVE_MEMORY_H
| #  include <memory.h>
| # endif
| # include <string.h>
| #endif
| #ifdef HAVE_STRINGS_H
| # include <strings.h>
| #endif
| #ifdef HAVE_INTTYPES_H
| # include <inttypes.h>
| #endif
| #ifdef HAVE_STDINT_H
| # include <stdint.h>
| #endif
| #ifdef HAVE_UNISTD_H
| # include <unistd.h>
| #endif
| #include <malloc.h>
configure:13161: result: no
configure:13161: checking malloc.h presence
configure:13161: gcc -E -m64 -pipe conftest.c
conftest.c:30:10: fatal error: 'malloc.h' file not found
#include <malloc.h>
         ^
1 error generated.
configure:13161: $? = 1
configure: failed program was:
| /* confdefs.h */
| #define PACKAGE_NAME "openocd"
| #define PACKAGE_TARNAME "openocd"
| #define PACKAGE_VERSION "0.10.0-dev"
| #define PACKAGE_STRING "openocd 0.10.0-dev"
| #define PACKAGE_BUGREPORT "OpenOCD Mailing List <openocd-devel@lists.sourceforge.net>"
| #define PACKAGE_URL ""
| #define PACKAGE "openocd"
| #define VERSION "0.10.0-dev"
| #define STDC_HEADERS 1
| #define HAVE_SYS_TYPES_H 1
| #define HAVE_SYS_STAT_H 1
| #define HAVE_STDLIB_H 1
| #define HAVE_STRING_H 1
| #define HAVE_MEMORY_H 1
| #define HAVE_STRINGS_H 1
| #define HAVE_INTTYPES_H 1
| #define HAVE_STDINT_H 1
| #define HAVE_UNISTD_H 1
| #define HAVE_DLFCN_H 1
| #define LT_OBJDIR ".libs/"
| #define HAVE_UNSIGNED_LONG_LONG_INT 1
| #define HAVE_LONG_LONG_INT 1
| #define HAVE_SYS_SOCKET_H 1
| #define HAVE_ARPA_INET_H 1
| #define HAVE_DIRENT_H 1
| #define HAVE_FCNTL_H 1
| #define HAVE_IFADDRS_H 1
| /* end confdefs.h.  */
| #include <malloc.h>
configure:13161: result: no
configure:13161: checking for malloc.h
configure:13161: result: no
configure:13173: checking netdb.h usability
configure:13173: gcc -c -g -O2 -m64 -pipe conftest.c >&5
configure:13173: $? = 0
configure:13173: result: yes
configure:13173: checking netdb.h presence
configure:13173: gcc -E -m64 -pipe conftest.c
configure:13173: $? = 0
configure:13173: result: yes
configure:13173: checking for netdb.h
configure:13173: result: yes
configure:13185: checking for netinet/in.h
configure:13185: gcc -c -g -O2 -m64 -pipe conftest.c >&5
configure:13185: $? = 0
configure:13185: result: yes
configure:13210: checking for netinet/tcp.h
configure:13210: gcc -c -g -O2 -m64 -pipe conftest.c >&5
configure:13210: $? = 0
configure:13210: result: yes
configure:13235: checking pthread.h usability
configure:13235: gcc -c -g -O2 -m64 -pipe conftest.c >&5
configure:13235: $? = 0
configure:13235: result: yes
configure:13235: checking pthread.h presence
configure:13235: gcc -E -m64 -pipe conftest.c
configure:13235: $? = 0
configure:13235: result: yes
configure:13235: checking for pthread.h
configure:13235: result: yes
configure:13247: checking for strings.h
configure:13247: result: yes
configure:13259: checking sys/ioctl.h usability
configure:13259: gcc -c -g -O2 -m64 -pipe conftest.c >&5
configure:13259: $? = 0
configure:13259: result: yes
configure:13259: checking sys/ioctl.h presence
configure:13259: gcc -E -m64 -pipe conftest.c
configure:13259: $? = 0
configure:13259: result: yes
configure:13259: checking for sys/ioctl.h
configure:13259: result: yes
configure:13271: checking sys/param.h usability
configure:13271: gcc -c -g -O2 -m64 -pipe conftest.c >&5
configure:13271: $? = 0
configure:13271: result: yes
configure:13271: checking sys/param.h presence
configure:13271: gcc -E -m64 -pipe conftest.c
configure:13271: $? = 0
configure:13271: result: yes
configure:13271: checking for sys/param.h
configure:13271: result: yes
configure:13283: checking sys/poll.h usability
configure:13283: gcc -c -g -O2 -m64 -pipe conftest.c >&5
configure:13283: $? = 0
configure:13283: result: yes
configure:13283: checking sys/poll.h presence
configure:13283: gcc -E -m64 -pipe conftest.c
configure:13283: $? = 0
configure:13283: result: yes
configure:13283: checking for sys/poll.h
configure:13283: result: yes
configure:13295: checking sys/select.h usability
configure:13295: gcc -c -g -O2 -m64 -pipe conftest.c >&5
configure:13295: $? = 0
configure:13295: result: yes
configure:13295: checking sys/select.h presence
configure:13295: gcc -E -m64 -pipe conftest.c
configure:13295: $? = 0
configure:13295: result: yes
configure:13295: checking for sys/select.h
configure:13295: result: yes
configure:13307: checking for sys/stat.h
configure:13307: result: yes
configure:13319: checking sys/time.h usability
configure:13319: gcc -c -g -O2 -m64 -pipe conftest.c >&5
configure:13319: $? = 0
configure:13319: result: yes
configure:13319: checking sys/time.h presence
configure:13319: gcc -E -m64 -pipe conftest.c
configure:13319: $? = 0
configure:13319: result: yes
configure:13319: checking for sys/time.h
configure:13319: result: yes
configure:13331: checking for sys/types.h
configure:13331: result: yes
configure:13343: checking for unistd.h
configure:13343: result: yes
configure:13355: checking for net/if.h
configure:13355: gcc -c -g -O2 -m64 -pipe conftest.c >&5
configure:13355: $? = 0
configure:13355: result: yes
configure:13380: checking whether to enable assertions
configure:13398: result: yes
configure:13401: checking for stdbool.h that conforms to C99
configure:13468: gcc -c -g -O2 -m64 -pipe conftest.c >&5
conftest.c:93:24: warning: address of 's' will always evaluate to 'true' [-Wpointer-bool-conversion]
             bool e = &s;
                  ~    ^
1 warning generated.
configure:13468: $? = 0
configure:13475: result: yes
configure:13477: checking for _Bool
configure:13477: gcc -c -g -O2 -m64 -pipe conftest.c >&5
configure:13477: $? = 0
configure:13477: gcc -c -g -O2 -m64 -pipe conftest.c >&5
conftest.c:80:20: error: expected expression
if (sizeof ((_Bool)))
                   ^
1 error generated.
configure:13477: $? = 1
configure: failed program was:
| /* confdefs.h */
| #define PACKAGE_NAME "openocd"
| #define PACKAGE_TARNAME "openocd"
| #define PACKAGE_VERSION "0.10.0-dev"
| #define PACKAGE_STRING "openocd 0.10.0-dev"
| #define PACKAGE_BUGREPORT "OpenOCD Mailing List <openocd-devel@lists.sourceforge.net>"
| #define PACKAGE_URL ""
| #define PACKAGE "openocd"
| #define VERSION "0.10.0-dev"
| #define STDC_HEADERS 1
| #define HAVE_SYS_TYPES_H 1
| #define HAVE_SYS_STAT_H 1
| #define HAVE_STDLIB_H 1
| #define HAVE_STRING_H 1
| #define HAVE_MEMORY_H 1
| #define HAVE_STRINGS_H 1
| #define HAVE_INTTYPES_H 1
| #define HAVE_STDINT_H 1
| #define HAVE_UNISTD_H 1
| #define HAVE_DLFCN_H 1
| #define LT_OBJDIR ".libs/"
| #define HAVE_UNSIGNED_LONG_LONG_INT 1
| #define HAVE_LONG_LONG_INT 1
| #define HAVE_SYS_SOCKET_H 1
| #define HAVE_ARPA_INET_H 1
| #define HAVE_DIRENT_H 1
| #define HAVE_FCNTL_H 1
| #define HAVE_IFADDRS_H 1
| #define HAVE_NETDB_H 1
| #define HAVE_NETINET_IN_H 1
| #define HAVE_NETINET_TCP_H 1
| #define HAVE_PTHREAD_H 1
| #define HAVE_STRINGS_H 1
| #define HAVE_SYS_IOCTL_H 1
| #define HAVE_SYS_PARAM_H 1
| #define HAVE_SYS_POLL_H 1
| #define HAVE_SYS_SELECT_H 1
| #define HAVE_SYS_STAT_H 1
| #define HAVE_SYS_TIME_H 1
| #define HAVE_SYS_TYPES_H 1
| #define HAVE_UNISTD_H 1
| #define HAVE_NET_IF_H 1
| /* end confdefs.h.  */
| #include <stdio.h>
| #ifdef HAVE_SYS_TYPES_H
| # include <sys/types.h>
| #endif
| #ifdef HAVE_SYS_STAT_H
| # include <sys/stat.h>
| #endif
| #ifdef STDC_HEADERS
| # include <stdlib.h>
| # include <stddef.h>
| #else
| # ifdef HAVE_STDLIB_H
| #  include <stdlib.h>
| # endif
| #endif
| #ifdef HAVE_STRING_H
| # if !defined STDC_HEADERS && defined HAVE_MEMORY_H
| #  include <memory.h>
| # endif
| # include <string.h>
| #endif
| #ifdef HAVE_STRINGS_H
| # include <strings.h>
| #endif
| #ifdef HAVE_INTTYPES_H
| # include <inttypes.h>
| #endif
| #ifdef HAVE_STDINT_H
| # include <stdint.h>
| #endif
| #ifdef HAVE_UNISTD_H
| # include <unistd.h>
| #endif
| int
| main ()
| {
| if (sizeof ((_Bool)))
| 	    return 0;
|   ;
|   return 0;
| }
configure:13477: result: yes
configure:13494: checking whether time.h and sys/time.h may both be included
configure:13514: gcc -c -g -O2 -m64 -pipe conftest.c >&5
configure:13514: $? = 0
configure:13521: result: yes
configure:13530: checking whether byte ordering is bigendian
configure:13545: gcc -c -g -O2 -m64 -pipe conftest.c >&5
configure:13545: $? = 0
configure:13590: gcc -c -g -O2 -m64 -pipe conftest.c >&5
configure:13590: $? = 0
configure:13608: gcc -c -g -O2 -m64 -pipe conftest.c >&5
conftest.c:54:4: error: use of undeclared identifier 'not'
                 not big endian
                 ^
1 error generated.
configure:13608: $? = 1
configure: failed program was:
| /* confdefs.h */
| #define PACKAGE_NAME "openocd"
| #define PACKAGE_TARNAME "openocd"
| #define PACKAGE_VERSION "0.10.0-dev"
| #define PACKAGE_STRING "openocd 0.10.0-dev"
| #define PACKAGE_BUGREPORT "OpenOCD Mailing List <openocd-devel@lists.sourceforge.net>"
| #define PACKAGE_URL ""
| #define PACKAGE "openocd"
| #define VERSION "0.10.0-dev"
| #define STDC_HEADERS 1
| #define HAVE_SYS_TYPES_H 1
| #define HAVE_SYS_STAT_H 1
| #define HAVE_STDLIB_H 1
| #define HAVE_STRING_H 1
| #define HAVE_MEMORY_H 1
| #define HAVE_STRINGS_H 1
| #define HAVE_INTTYPES_H 1
| #define HAVE_STDINT_H 1
| #define HAVE_UNISTD_H 1
| #define HAVE_DLFCN_H 1
| #define LT_OBJDIR ".libs/"
| #define HAVE_UNSIGNED_LONG_LONG_INT 1
| #define HAVE_LONG_LONG_INT 1
| #define HAVE_SYS_SOCKET_H 1
| #define HAVE_ARPA_INET_H 1
| #define HAVE_DIRENT_H 1
| #define HAVE_FCNTL_H 1
| #define HAVE_IFADDRS_H 1
| #define HAVE_NETDB_H 1
| #define HAVE_NETINET_IN_H 1
| #define HAVE_NETINET_TCP_H 1
| #define HAVE_PTHREAD_H 1
| #define HAVE_STRINGS_H 1
| #define HAVE_SYS_IOCTL_H 1
| #define HAVE_SYS_PARAM_H 1
| #define HAVE_SYS_POLL_H 1
| #define HAVE_SYS_SELECT_H 1
| #define HAVE_SYS_STAT_H 1
| #define HAVE_SYS_TIME_H 1
| #define HAVE_SYS_TYPES_H 1
| #define HAVE_UNISTD_H 1
| #define HAVE_NET_IF_H 1
| #define HAVE__BOOL 1
| #define HAVE_STDBOOL_H 1
| #define TIME_WITH_SYS_TIME 1
| /* end confdefs.h.  */
| #include <sys/types.h>
| 		#include <sys/param.h>
| 
| int
| main ()
| {
| #if BYTE_ORDER != BIG_ENDIAN
| 		 not big endian
| 		#endif
| 
|   ;
|   return 0;
| }
configure:13736: result: no
configure:13757: checking for strndup
configure:13757: gcc -o conftest -g -O2 -m64 -pipe  conftest.c  >&5
conftest.c:70:6: warning: incompatible redeclaration of library function 'strndup' [-Wincompatible-library-redeclaration]
char strndup ();
     ^
conftest.c:70:6: note: 'strndup' is a builtin with type 'char *(const char *, unsigned long)'
1 warning generated.
configure:13757: $? = 0
configure:13757: result: yes
configure:13768: checking for strnlen
configure:13768: gcc -o conftest -g -O2 -m64 -pipe  conftest.c  >&5
configure:13768: $? = 0
configure:13768: result: yes
configure:13779: checking for gettimeofday
configure:13779: gcc -o conftest -g -O2 -m64 -pipe  conftest.c  >&5
configure:13779: $? = 0
configure:13779: result: yes
configure:13790: checking for usleep
configure:13790: gcc -o conftest -g -O2 -m64 -pipe  conftest.c  >&5
configure:13790: $? = 0
configure:13790: result: yes
configure:13801: checking for vasprintf
configure:13801: gcc -o conftest -g -O2 -m64 -pipe  conftest.c  >&5
conftest.c:85:19: warning: format string missing [-Wformat]
return vasprintf ();
       ~~~~~~~~~  ^
1 warning generated.
configure:13801: $? = 0
configure:13801: result: yes
configure:13819: checking whether to build a release
configure:13826: result: no
configure:13964: checking whether to build Doxygen as HTML
configure:13966: result: yes
configure:13977: checking whether to build Doxygen as PDF
configure:13979: result: no
configure:14039: checking whether to enable verbose JTAG I/O messages
configure:14041: result: no
configure:14049: checking whether to enable verbose USB I/O messages
configure:14051: result: no
configure:14059: checking whether to enable verbose USB communication messages
configure:14061: result: no
configure:14076: checking whether to enable malloc free space logging
configure:14078: result: no
configure:14429: checking whether to enable ZY1000 minidriver
configure:14440: result: no
configure:14451: checking whether to enable dummy minidriver
configure:14465: result: no
configure:14468: checking whether standard drivers can be built
configure:14477: result: yes
configure:15283: checking for LIBFTDI
configure:15290: $PKG_CONFIG --exists --print-errors "libftdi1"
configure:15293: $? = 0
configure:15307: $PKG_CONFIG --exists --print-errors "libftdi1"
configure:15310: $? = 0
configure:15348: result: yes
configure:15431: checking Build & Link with libftdi...
configure:15467: gcc -c -g -O2 -I/Users/jsjeong/Work/openocd/install/osx/include/libftdi1 -I/Users/jsjeong/Work/openocd/install/osx/include/libusb-1.0  -m64 -pipe conftest.c >&5
conftest.c:77:9: warning: 'BUILD_OPENJTAG' macro redefined [-Wmacro-redefined]
#define BUILD_OPENJTAG 1
        ^
conftest.c:74:9: note: previous definition is here
#define BUILD_OPENJTAG 0
        ^
conftest.c:78:9: warning: 'BUILD_OPENJTAG_LIBFTDI' macro redefined [-Wmacro-redefined]
#define BUILD_OPENJTAG_LIBFTDI 1
        ^
conftest.c:76:9: note: previous definition is here
#define BUILD_OPENJTAG_LIBFTDI 0
        ^
2 warnings generated.
configure:15467: $? = 0
configure:15469: result: Success
configure:15479: checking for libftdi highspeed device support
configure:15497: gcc -c -g -O2 -I/Users/jsjeong/Work/openocd/install/osx/include/libftdi1 -I/Users/jsjeong/Work/openocd/install/osx/include/libusb-1.0  -m64 -pipe conftest.c >&5
conftest.c:77:9: warning: 'BUILD_OPENJTAG' macro redefined [-Wmacro-redefined]
#define BUILD_OPENJTAG 1
        ^
conftest.c:74:9: note: previous definition is here
#define BUILD_OPENJTAG 0
        ^
conftest.c:78:9: warning: 'BUILD_OPENJTAG_LIBFTDI' macro redefined [-Wmacro-redefined]
#define BUILD_OPENJTAG_LIBFTDI 1
        ^
conftest.c:76:9: note: previous definition is here
#define BUILD_OPENJTAG_LIBFTDI 0
        ^
2 warnings generated.
configure:15497: $? = 0
configure:15510: result: yes
configure:15518: checking for libftdi FT232H device support
configure:15536: gcc -c -g -O2 -I/Users/jsjeong/Work/openocd/install/osx/include/libftdi1 -I/Users/jsjeong/Work/openocd/install/osx/include/libusb-1.0  -m64 -pipe conftest.c >&5
conftest.c:77:9: warning: 'BUILD_OPENJTAG' macro redefined [-Wmacro-redefined]
#define BUILD_OPENJTAG 1
        ^
conftest.c:74:9: note: previous definition is here
#define BUILD_OPENJTAG 0
        ^
conftest.c:78:9: warning: 'BUILD_OPENJTAG_LIBFTDI' macro redefined [-Wmacro-redefined]
#define BUILD_OPENJTAG_LIBFTDI 1
        ^
conftest.c:76:9: note: previous definition is here
#define BUILD_OPENJTAG_LIBFTDI 0
        ^
2 warnings generated.
configure:15536: $? = 0
configure:15549: result: yes
configure:15565: checking for LIBUSB1
configure:15572: $PKG_CONFIG --exists --print-errors "libusb-1.0"
configure:15575: $? = 0
configure:15589: $PKG_CONFIG --exists --print-errors "libusb-1.0"
configure:15592: $? = 0
configure:15638: result: yes
configure:15646: $PKG_CONFIG --exists --print-errors "libusb-1.0 >= 1.0.9"
configure:15649: $? = 0
configure:15659: libusb-1.0 header bug workaround: LIBUSB1_CFLAGS changed to "-isystem /Users/jsjeong/Work/openocd/install/osx/include/libusb-1.0"
configure:15666: checking for LIBUSB0
configure:15673: $PKG_CONFIG --exists --print-errors "libusb"
configure:15676: $? = 0
configure:15690: $PKG_CONFIG --exists --print-errors "libusb"
configure:15693: $? = 0
configure:15731: result: yes
configure:15739: checking for HIDAPI
configure:15746: $PKG_CONFIG --exists --print-errors "$hidapi_lib"
configure:15749: $? = 0
configure:15763: $PKG_CONFIG --exists --print-errors "$hidapi_lib"
configure:15766: $? = 0
configure:15808: result: yes
configure:16500: checking for environ in unistd.h and stdlib.h
configure:16518: gcc -c -g -O2 -m64 -pipe conftest.c >&5
conftest.c:77:9: warning: 'BUILD_OPENJTAG' macro redefined [-Wmacro-redefined]
#define BUILD_OPENJTAG 1
        ^
conftest.c:74:9: note: previous definition is here
#define BUILD_OPENJTAG 0
        ^
conftest.c:78:9: warning: 'BUILD_OPENJTAG_LIBFTDI' macro redefined [-Wmacro-redefined]
#define BUILD_OPENJTAG_LIBFTDI 1
        ^
conftest.c:76:9: note: previous definition is here
#define BUILD_OPENJTAG_LIBFTDI 0
        ^
conftest.c:111:13: error: use of undeclared identifier 'environ'
char **ep = environ;
            ^
2 warnings and 1 error generated.
configure:16518: $? = 1
configure: failed program was:
| /* confdefs.h */
| #define PACKAGE_NAME "openocd"
| #define PACKAGE_TARNAME "openocd"
| #define PACKAGE_VERSION "0.10.0-dev"
| #define PACKAGE_STRING "openocd 0.10.0-dev"
| #define PACKAGE_BUGREPORT "OpenOCD Mailing List <openocd-devel@lists.sourceforge.net>"
| #define PACKAGE_URL ""
| #define PACKAGE "openocd"
| #define VERSION "0.10.0-dev"
| #define STDC_HEADERS 1
| #define HAVE_SYS_TYPES_H 1
| #define HAVE_SYS_STAT_H 1
| #define HAVE_STDLIB_H 1
| #define HAVE_STRING_H 1
| #define HAVE_MEMORY_H 1
| #define HAVE_STRINGS_H 1
| #define HAVE_INTTYPES_H 1
| #define HAVE_STDINT_H 1
| #define HAVE_UNISTD_H 1
| #define HAVE_DLFCN_H 1
| #define LT_OBJDIR ".libs/"
| #define HAVE_UNSIGNED_LONG_LONG_INT 1
| #define HAVE_LONG_LONG_INT 1
| #define HAVE_SYS_SOCKET_H 1
| #define HAVE_ARPA_INET_H 1
| #define HAVE_DIRENT_H 1
| #define HAVE_FCNTL_H 1
| #define HAVE_IFADDRS_H 1
| #define HAVE_NETDB_H 1
| #define HAVE_NETINET_IN_H 1
| #define HAVE_NETINET_TCP_H 1
| #define HAVE_PTHREAD_H 1
| #define HAVE_STRINGS_H 1
| #define HAVE_SYS_IOCTL_H 1
| #define HAVE_SYS_PARAM_H 1
| #define HAVE_SYS_POLL_H 1
| #define HAVE_SYS_SELECT_H 1
| #define HAVE_SYS_STAT_H 1
| #define HAVE_SYS_TIME_H 1
| #define HAVE_SYS_TYPES_H 1
| #define HAVE_UNISTD_H 1
| #define HAVE_NET_IF_H 1
| #define HAVE__BOOL 1
| #define HAVE_STDBOOL_H 1
| #define TIME_WITH_SYS_TIME 1
| #define HAVE_STRNDUP 1
| #define HAVE_STRNLEN 1
| #define HAVE_GETTIMEOFDAY 1
| #define HAVE_USLEEP 1
| #define HAVE_VASPRINTF 1
| #define IS_CYGWIN 0
| #define IS_WIN32 0
| #define IS_DARWIN 1
| #define BUILD_PARPORT 0
| #define BUILD_DUMMY 1
| #define BUILD_EP93XX 0
| #define BUILD_ZY1000 0
| #define BUILD_ZY1000_MASTER 0
| #define BUILD_AT91RM9200 0
| #define BUILD_BCM2835GPIO 0
| #define PARPORT_USE_PPDEV 0
| #define PARPORT_USE_GIVEIO 0
| #define BUILD_BITBANG 1
| #define BUILD_FT2232_LIBFTDI 1
| #define BUILD_FT2232_FTD2XX 0
| #define BUILD_USB_BLASTER_LIBFTDI 1
| #define BUILD_JTAG_VPI 0
| #define BUILD_USB_BLASTER_FTD2XX 0
| #define BUILD_AMTJTAGACCEL 0
| #define BUILD_GW16012 0
| #define BUILD_PRESTO_LIBFTDI 1
| #define BUILD_PRESTO_FTD2XX 0
| #define BUILD_BITQ 1
| #define BUILD_OPENJTAG 0
| #define BUILD_OPENJTAG_FTD2XX 0
| #define BUILD_OPENJTAG_LIBFTDI 0
| #define BUILD_OPENJTAG 1
| #define BUILD_OPENJTAG_LIBFTDI 1
| #define BUILD_OOCD_TRACE 0
| #define BUILD_BUSPIRATE 0
| #define BUILD_REMOTE_BITBANG 1
| #define BUILD_SYSFSGPIO 0
| #define BUILD_FT2232_HIGHSPEED 1
| #define HAS_ENUM_FT232H 1
| #define HAVE_LIBUSB1 1
| #define HAVE_LIBUSB_ERROR_NAME 1
| #define BUILD_FTDI 1
| #define BUILD_HLADAPTER_STLINK 1
| #define BUILD_HLADAPTER_ICDI 1
| #define BUILD_ULINK 1
| #define BUILD_USB_BLASTER_2 1
| #define BUILD_VSLLINK 1
| #define BUILD_JLINK 1
| #define BUILD_OSBDM 1
| #define BUILD_OPENDOUS 1
| #define BUILD_AICE 1
| #define BUILD_USBPROG 1
| #define BUILD_RLINK 1
| #define BUILD_ARMJTAGEW 1
| #define BUILD_CMSIS_DAP 1
| #define BUILD_HLADAPTER 1
| /* end confdefs.h.  */
| 
| #define _GNU_SOURCE
| #include <unistd.h>
| #include <stdlib.h>
| 
| int
| main ()
| {
| char **ep = environ;
| 
|   ;
|   return 0;
| }
configure:16526: result: no
configure:16530: checking for extern environ
configure:16546: gcc -o conftest -g -O2 -m64 -pipe  conftest.c  >&5
conftest.c:77:9: warning: 'BUILD_OPENJTAG' macro redefined [-Wmacro-redefined]
#define BUILD_OPENJTAG 1
        ^
conftest.c:74:9: note: previous definition is here
#define BUILD_OPENJTAG 0
        ^
conftest.c:78:9: warning: 'BUILD_OPENJTAG_LIBFTDI' macro redefined [-Wmacro-redefined]
#define BUILD_OPENJTAG_LIBFTDI 1
        ^
conftest.c:76:9: note: previous definition is here
#define BUILD_OPENJTAG_LIBFTDI 0
        ^
2 warnings generated.
configure:16546: $? = 0
configure:16560: result: yes
configure:16705: checking that generated files are newer than configure
configure:16711: result: done
configure:16943: creating ./config.status

## ---------------------- ##
## Running config.status. ##
## ---------------------- ##

This file was extended by openocd config.status 0.10.0-dev, which was
generated by GNU Autoconf 2.69.  Invocation command line was

  CONFIG_FILES    = 
  CONFIG_HEADERS  = 
  CONFIG_LINKS    = 
  CONFIG_COMMANDS = 
  $ ./config.status 

on jsjeong-air.local

config.status:1298: creating Makefile
config.status:1298: creating src/Makefile
config.status:1298: creating src/helper/Makefile
config.status:1298: creating src/jtag/Makefile
config.status:1298: creating src/jtag/drivers/Makefile
config.status:1298: creating src/jtag/drivers/usb_blaster/Makefile
config.status:1298: creating src/jtag/hla/Makefile
config.status:1298: creating src/jtag/aice/Makefile
config.status:1298: creating src/transport/Makefile
config.status:1298: creating src/target/openrisc/Makefile
config.status:1298: creating src/xsvf/Makefile
config.status:1298: creating src/svf/Makefile
config.status:1298: creating src/target/Makefile
config.status:1298: creating src/rtos/Makefile
config.status:1298: creating src/server/Makefile
config.status:1298: creating src/flash/Makefile
config.status:1298: creating src/flash/nor/Makefile
config.status:1298: creating src/flash/nand/Makefile
config.status:1298: creating src/pld/Makefile
config.status:1298: creating doc/Makefile
config.status:1298: creating config.h
config.status:1512: executing depfiles commands
config.status:1512: executing libtool commands
configure:19171: === configuring in jimtcl (/Users/jsjeong/Work/openocd/build/osx/openocd/jimtcl)
configure:19234: running /bin/bash /Users/jsjeong/Work/openocd/gnuarmeclipse-openocd.git/jimtcl/configure.gnu --disable-option-checking '--prefix=/Users/jsjeong/Work/openocd/install/osx/openocd'  '--datarootdir=/Users/jsjeong/Work/openocd/install/osx' '--infodir=/Users/jsjeong/Work/openocd/install/osx/openocd/info' '--localedir=/Users/jsjeong/Work/openocd/install/osx/openocd/locale' '--mandir=/Users/jsjeong/Work/openocd/install/osx/openocd/man' '--docdir=/Users/jsjeong/Work/openocd/install/osx/openocd/doc' '--enable-aice' '--disable-amtjtagaccel' '--enable-armjtagew' '--enable-cmsis-dap' '--enable-dummy' '--enable-ftdi' '--disable-gw16012' '--enable-jlink' '--disable-jtag_vpi' '--enable-opendous' '--enable-openjtag_ftdi' '--enable-osbdm' '--enable-legacy-ft2232_libftdi' '--disable-parport' '--disable-parport-ppdev' '--disable-parport-giveio' '--enable-presto_libftdi' '--enable-remote-bitbang' '--enable-rlink' '--enable-stlink' '--enable-ti-icdi' '--enable-ulink' '--enable-usb-blaster-2' '--enable-usb_blaster_libftdi' '--enable-usbprog' '--enable-vsllink' 'CPPFLAGS=-m64 -pipe' 'PKG_CONFIG_LIBDIR=/Users/jsjeong/Work/openocd/install/osx/lib/pkgconfig:/Users/jsjeong/Work/openocd/install/osx/lib64/pkgconfig' --cache-file=/dev/null --srcdir=/Users/jsjeong/Work/openocd/gnuarmeclipse-openocd.git/jimtcl
configure:19433: WARNING: Building the deprecated 'ft2232' adapter driver.

## ---------------- ##
## Cache variables. ##
## ---------------- ##

ac_cv_build=x86_64-apple-darwin14.3.0
ac_cv_c_bigendian=no
ac_cv_c_compiler_gnu=yes
ac_cv_c_const=yes
ac_cv_env_CC_set=
ac_cv_env_CC_value=
ac_cv_env_CFLAGS_set=
ac_cv_env_CFLAGS_value=
ac_cv_env_CPPFLAGS_set=set
ac_cv_env_CPPFLAGS_value='-m64 -pipe'
ac_cv_env_CPP_set=
ac_cv_env_CPP_value=
ac_cv_env_HIDAPI_CFLAGS_set=
ac_cv_env_HIDAPI_CFLAGS_value=
ac_cv_env_HIDAPI_LIBS_set=
ac_cv_env_HIDAPI_LIBS_value=
ac_cv_env_LDFLAGS_set=
ac_cv_env_LDFLAGS_value=
ac_cv_env_LIBFTDI_CFLAGS_set=
ac_cv_env_LIBFTDI_CFLAGS_value=
ac_cv_env_LIBFTDI_LIBS_set=
ac_cv_env_LIBFTDI_LIBS_value=
ac_cv_env_LIBS_set=
ac_cv_env_LIBS_value=
ac_cv_env_LIBUSB0_CFLAGS_set=
ac_cv_env_LIBUSB0_CFLAGS_value=
ac_cv_env_LIBUSB0_LIBS_set=
ac_cv_env_LIBUSB0_LIBS_value=
ac_cv_env_LIBUSB1_CFLAGS_set=
ac_cv_env_LIBUSB1_CFLAGS_value=
ac_cv_env_LIBUSB1_LIBS_set=
ac_cv_env_LIBUSB1_LIBS_value=
ac_cv_env_LT_SYS_LIBRARY_PATH_set=
ac_cv_env_LT_SYS_LIBRARY_PATH_value=
ac_cv_env_PKG_CONFIG_LIBDIR_set=set
ac_cv_env_PKG_CONFIG_LIBDIR_value=/Users/jsjeong/Work/openocd/install/osx/lib/pkgconfig:/Users/jsjeong/Work/openocd/install/osx/lib64/pkgconfig
ac_cv_env_PKG_CONFIG_PATH_set=
ac_cv_env_PKG_CONFIG_PATH_value=
ac_cv_env_PKG_CONFIG_set=
ac_cv_env_PKG_CONFIG_value=
ac_cv_env_build_alias_set=
ac_cv_env_build_alias_value=
ac_cv_env_host_alias_set=
ac_cv_env_host_alias_value=
ac_cv_env_target_alias_set=
ac_cv_env_target_alias_value=
ac_cv_func_gettimeofday=yes
ac_cv_func_strndup=yes
ac_cv_func_strnlen=yes
ac_cv_func_usleep=yes
ac_cv_func_vasprintf=yes
ac_cv_header_arpa_inet_h=yes
ac_cv_header_dirent_h=yes
ac_cv_header_dlfcn_h=yes
ac_cv_header_elf_h=no
ac_cv_header_fcntl_h=yes
ac_cv_header_ifaddrs_h=yes
ac_cv_header_inttypes_h=yes
ac_cv_header_malloc_h=no
ac_cv_header_memory_h=yes
ac_cv_header_net_if_h=yes
ac_cv_header_netdb_h=yes
ac_cv_header_netinet_in_h=yes
ac_cv_header_netinet_tcp_h=yes
ac_cv_header_pthread_h=yes
ac_cv_header_stdbool_h=yes
ac_cv_header_stdc=yes
ac_cv_header_stdint_h=yes
ac_cv_header_stdlib_h=yes
ac_cv_header_string_h=yes
ac_cv_header_strings_h=yes
ac_cv_header_sys_ioctl_h=yes
ac_cv_header_sys_param_h=yes
ac_cv_header_sys_poll_h=yes
ac_cv_header_sys_select_h=yes
ac_cv_header_sys_socket_h=yes
ac_cv_header_sys_stat_h=yes
ac_cv_header_sys_time_h=yes
ac_cv_header_sys_types_h=yes
ac_cv_header_time=yes
ac_cv_header_unistd_h=yes
ac_cv_host=x86_64-apple-darwin14.3.0
ac_cv_objext=o
ac_cv_path_EGREP='/usr/bin/grep -E'
ac_cv_path_FGREP='/usr/bin/grep -F'
ac_cv_path_GREP=/usr/bin/grep
ac_cv_path_SED=/usr/bin/sed
ac_cv_path_ac_pt_PKG_CONFIG=/opt/local/bin/pkg-config
ac_cv_path_install='/usr/bin/install -c'
ac_cv_path_lt_DD=/bin/dd
ac_cv_prog_AWK=awk
ac_cv_prog_CPP='gcc -E'
ac_cv_prog_MAKEINFO=makeinfo
ac_cv_prog_ac_ct_AR=ar
ac_cv_prog_ac_ct_CC=gcc
ac_cv_prog_ac_ct_DSYMUTIL=dsymutil
ac_cv_prog_ac_ct_LIPO=lipo
ac_cv_prog_ac_ct_NMEDIT=nmedit
ac_cv_prog_ac_ct_OTOOL=otool
ac_cv_prog_ac_ct_RANLIB=ranlib
ac_cv_prog_ac_ct_STRIP=strip
ac_cv_prog_cc_c89=
ac_cv_prog_cc_c99=
ac_cv_prog_cc_g=yes
ac_cv_prog_make_make_set=yes
ac_cv_search_dlopen='none required'
ac_cv_search_ioperm=no
ac_cv_type__Bool=yes
ac_cv_type_long_long_int=yes
ac_cv_type_unsigned_long_long_int=yes
am_cv_CC_dependencies_compiler_type=gcc3
am_cv_make_support_nested_variables=yes
am_cv_prog_cc_c_o=yes
lt_cv_apple_cc_single_mod=yes
lt_cv_ar_at_file=no
lt_cv_deplibs_check_method=pass_all
lt_cv_file_magic_cmd='$MAGIC_CMD'
lt_cv_file_magic_test_file=
lt_cv_ld_exported_symbols_list=yes
lt_cv_ld_force_load=yes
lt_cv_ld_reload_flag=-r
lt_cv_nm_interface='BSD nm'
lt_cv_objdir=.libs
lt_cv_path_LD=/Applications/Xcode.app/Contents/Developer/Toolchains/XcodeDefault.xctoolchain/usr/bin/ld
lt_cv_path_NM=/usr/bin/nm
lt_cv_path_mainfest_tool=no
lt_cv_prog_compiler_c_o=yes
lt_cv_prog_compiler_pic='-fno-common -DPIC'
lt_cv_prog_compiler_pic_works=yes
lt_cv_prog_compiler_rtti_exceptions=yes
lt_cv_prog_compiler_static_works=no
lt_cv_prog_gnu_ld=no
lt_cv_sharedlib_from_linklib_cmd='printf %s\n'
lt_cv_sys_global_symbol_pipe='sed -n -e '\''s/^.*[	 ]\([BCDEGRST][BCDEGRST]*\)[	 ][	 ]*_\([_A-Za-z][_A-Za-z0-9]*\)$/\1 _\2 \2/p'\'' | sed '\''/ __gnu_lto/d'\'''
lt_cv_sys_global_symbol_to_c_name_address='sed -n -e '\''s/^: \(.*\) .*$/  {"\1", (void *) 0},/p'\'' -e '\''s/^[BCDEGRST][BCDEGRST]* .* \(.*\)$/  {"\1", (void *) \&\1},/p'\'''
lt_cv_sys_global_symbol_to_c_name_address_lib_prefix='sed -n -e '\''s/^: \(.*\) .*$/  {"\1", (void *) 0},/p'\'' -e '\''s/^[BCDEGRST][BCDEGRST]* .* \(lib.*\)$/  {"\1", (void *) \&\1},/p'\'' -e '\''s/^[BCDEGRST][BCDEGRST]* .* \(.*\)$/  {"lib\1", (void *) \&\1},/p'\'''
lt_cv_sys_global_symbol_to_cdecl='sed -n -e '\''s/^T .* \(.*\)$/extern int \1();/p'\'' -e '\''s/^[BCDEGRST][BCDEGRST]* .* \(.*\)$/extern char \1;/p'\'''
lt_cv_sys_global_symbol_to_import=
lt_cv_sys_max_cmd_len=196608
lt_cv_to_host_file_cmd=func_convert_file_noop
lt_cv_to_tool_file_cmd=func_convert_file_noop
lt_cv_truncate_bin='/bin/dd bs=4096 count=1'
pkg_cv_HIDAPI_CFLAGS='-I/Users/jsjeong/Work/openocd/install/osx/include/hidapi '
pkg_cv_HIDAPI_LIBS='-L/Users/jsjeong/Work/openocd/install/osx/lib -lhid -framework IOKit -framework CoreFoundation '
pkg_cv_LIBFTDI_CFLAGS='-I/Users/jsjeong/Work/openocd/install/osx/include/libftdi1 -I/Users/jsjeong/Work/openocd/install/osx/include/libusb-1.0 '
pkg_cv_LIBFTDI_LIBS='-L/Users/jsjeong/Work/openocd/install/osx/lib -lftdi1 -lusb-1.0 '
pkg_cv_LIBUSB0_CFLAGS='-I/Users/jsjeong/Work/openocd/install/osx/include -I/Users/jsjeong/Work/openocd/install/osx/include/libusb-1.0 '
pkg_cv_LIBUSB0_LIBS='-L/Users/jsjeong/Work/openocd/install/osx/lib -lusb '
pkg_cv_LIBUSB1_CFLAGS='-I/Users/jsjeong/Work/openocd/install/osx/include/libusb-1.0 '
pkg_cv_LIBUSB1_LIBS='-L/Users/jsjeong/Work/openocd/install/osx/lib -lusb-1.0 '

## ----------------- ##
## Output variables. ##
## ----------------- ##

ACLOCAL='${SHELL} /Users/jsjeong/Work/openocd/gnuarmeclipse-openocd.git/missing aclocal-1.15'
AICE_FALSE='#'
AICE_TRUE=''
AMDEPBACKSLASH='\'
AMDEP_FALSE='#'
AMDEP_TRUE=''
AMTAR='$${TAR-tar}'
AMTJTAGACCEL_FALSE=''
AMTJTAGACCEL_TRUE='#'
AM_BACKSLASH='\'
AM_DEFAULT_V='$(AM_DEFAULT_VERBOSITY)'
AM_DEFAULT_VERBOSITY='1'
AM_V='$(V)'
AR='ar'
ARMJTAGEW_FALSE='#'
ARMJTAGEW_TRUE=''
AT91RM9200_FALSE=''
AT91RM9200_TRUE='#'
AUTOCONF='${SHELL} /Users/jsjeong/Work/openocd/gnuarmeclipse-openocd.git/missing autoconf'
AUTOHEADER='${SHELL} /Users/jsjeong/Work/openocd/gnuarmeclipse-openocd.git/missing autoheader'
AUTOMAKE='${SHELL} /Users/jsjeong/Work/openocd/gnuarmeclipse-openocd.git/missing automake-1.15'
AWK='awk'
BCM2835GPIO_FALSE=''
BCM2835GPIO_TRUE='#'
BITBANG_FALSE='#'
BITBANG_TRUE=''
BITQ_FALSE='#'
BITQ_TRUE=''
BUSPIRATE_FALSE=''
BUSPIRATE_TRUE='#'
CC='gcc'
CCDEPMODE='depmode=gcc3'
CFLAGS='-g -O2 -Wall -Wstrict-prototypes -Wformat-security -Wshadow -Wextra -Wno-unused-parameter -Wbad-function-cast -Wcast-align -Wredundant-decls -Werror'
CMSIS_DAP_FALSE='#'
CMSIS_DAP_TRUE=''
CPP='gcc -E'
CPPFLAGS='-m64 -pipe'
CYGPATH_W='echo'
DEFS='-DHAVE_CONFIG_H'
DEPDIR='.deps'
DLLTOOL='false'
DSYMUTIL='dsymutil'
DUMMY_FALSE='#'
DUMMY_TRUE=''
DUMPBIN=''
ECHO_C=''
ECHO_N='-n'
ECHO_T=''
EGREP='/usr/bin/grep -E'
EP93XX_FALSE=''
EP93XX_TRUE='#'
EXEEXT=''
FGREP='/usr/bin/grep -F'
FT2232_DRIVER_FALSE='#'
FT2232_DRIVER_TRUE=''
FT2232_LIBFTDI_FALSE='#'
FT2232_LIBFTDI_TRUE=''
FTDI_FALSE='#'
FTDI_TRUE=''
GIVEIO_FALSE=''
GIVEIO_TRUE='#'
GREP='/usr/bin/grep'
GW16012_FALSE=''
GW16012_TRUE='#'
HIDAPI_CFLAGS='-I/Users/jsjeong/Work/openocd/install/osx/include/hidapi '
HIDAPI_LIBS='-L/Users/jsjeong/Work/openocd/install/osx/lib -lhid -framework IOKit -framework CoreFoundation '
HLADAPTER_FALSE='#'
HLADAPTER_ICDI_FALSE='#'
HLADAPTER_ICDI_TRUE=''
HLADAPTER_STLINK_FALSE='#'
HLADAPTER_STLINK_TRUE=''
HLADAPTER_TRUE=''
INSTALL_DATA='${INSTALL} -m 644'
INSTALL_PROGRAM='${INSTALL}'
INSTALL_SCRIPT='${INSTALL}'
INSTALL_STRIP_PROGRAM='$(install_sh) -c -s'
INTERNAL_JIMTCL_FALSE='#'
INTERNAL_JIMTCL_TRUE=''
IOUTIL_FALSE=''
IOUTIL_TRUE='#'
IS_CYGWIN_FALSE=''
IS_CYGWIN_TRUE='#'
IS_DARWIN_FALSE='#'
IS_DARWIN_TRUE=''
IS_MINGW_FALSE=''
IS_MINGW_TRUE='#'
IS_WIN32_FALSE=''
IS_WIN32_TRUE='#'
JLINK_FALSE='#'
JLINK_TRUE=''
JTAG_VPI_FALSE=''
JTAG_VPI_TRUE='#'
LD='/Applications/Xcode.app/Contents/Developer/Toolchains/XcodeDefault.xctoolchain/usr/bin/ld'
LDFLAGS=''
LIBFTDI_CFLAGS='-I/Users/jsjeong/Work/openocd/install/osx/include/libftdi1 -I/Users/jsjeong/Work/openocd/install/osx/include/libusb-1.0 '
LIBFTDI_LIBS='-L/Users/jsjeong/Work/openocd/install/osx/lib -lftdi1 -lusb-1.0 '
LIBOBJS=''
LIBS=''
LIBTOOL='$(SHELL) $(top_builddir)/libtool'
LIBTOOL_DEPS='/Users/jsjeong/Work/openocd/gnuarmeclipse-openocd.git/ltmain.sh'
LIBUSB0_CFLAGS='-I/Users/jsjeong/Work/openocd/install/osx/include -I/Users/jsjeong/Work/openocd/install/osx/include/libusb-1.0 '
LIBUSB0_LIBS='-L/Users/jsjeong/Work/openocd/install/osx/lib -lusb '
LIBUSB1_CFLAGS='-isystem /Users/jsjeong/Work/openocd/install/osx/include/libusb-1.0'
LIBUSB1_LIBS='-L/Users/jsjeong/Work/openocd/install/osx/lib -lusb-1.0 '
LIPO='lipo'
LN_S='ln -s'
LTLIBOBJS=''
LT_SYS_LIBRARY_PATH=''
MAKEINFO='makeinfo'
MANIFEST_TOOL=':'
MINIDRIVER_DUMMY_FALSE=''
MINIDRIVER_DUMMY_TRUE='#'
MINIDRIVER_FALSE=''
MINIDRIVER_TRUE='#'
MKDIR_P='/Users/jsjeong/Work/openocd/gnuarmeclipse-openocd.git/install-sh -c -d'
NM='/usr/bin/nm'
NMEDIT='nmedit'
OBJDUMP='false'
OBJEXT='o'
OOCD_TRACE_FALSE=''
OOCD_TRACE_TRUE='#'
OPENDOUS_FALSE='#'
OPENDOUS_TRUE=''
OPENJTAG_FALSE='#'
OPENJTAG_TRUE=''
OSBDM_FALSE='#'
OSBDM_TRUE=''
OTOOL64=':'
OTOOL='otool'
PACKAGE='openocd'
PACKAGE_BUGREPORT='OpenOCD Mailing List <openocd-devel@lists.sourceforge.net>'
PACKAGE_NAME='openocd'
PACKAGE_STRING='openocd 0.10.0-dev'
PACKAGE_TARNAME='openocd'
PACKAGE_URL=''
PACKAGE_VERSION='0.10.0-dev'
PARPORT_FALSE=''
PARPORT_TRUE='#'
PATH_SEPARATOR=':'
PKG_CONFIG='/opt/local/bin/pkg-config'
PKG_CONFIG_LIBDIR='/Users/jsjeong/Work/openocd/install/osx/lib/pkgconfig:/Users/jsjeong/Work/openocd/install/osx/lib64/pkgconfig'
PKG_CONFIG_PATH=''
PRESTO_DRIVER_FALSE='#'
PRESTO_DRIVER_TRUE=''
PRESTO_LIBFTDI_FALSE='#'
PRESTO_LIBFTDI_TRUE=''
RANLIB='ranlib'
RELEASE_FALSE=''
RELEASE_TRUE='#'
REMOTE_BITBANG_FALSE='#'
REMOTE_BITBANG_TRUE=''
RLINK_FALSE='#'
RLINK_TRUE=''
SED='/usr/bin/sed'
SET_MAKE=''
SHELL='/bin/bash'
STRIP='strip'
SYSFSGPIO_FALSE=''
SYSFSGPIO_TRUE='#'
ULINK_FALSE='#'
ULINK_TRUE=''
USBPROG_FALSE='#'
USBPROG_TRUE=''
USB_BLASTER_2_FALSE='#'
USB_BLASTER_2_TRUE=''
USB_BLASTER_DRIVER_FALSE='#'
USB_BLASTER_DRIVER_TRUE=''
USB_BLASTER_FTD2XX_FALSE=''
USB_BLASTER_FTD2XX_TRUE='#'
USB_BLASTER_LIBFTDI_FALSE='#'
USB_BLASTER_LIBFTDI_TRUE=''
USE_LIBUSB0_FALSE='#'
USE_LIBUSB0_TRUE=''
USE_LIBUSB1_FALSE='#'
USE_LIBUSB1_TRUE=''
VERSION='0.10.0-dev'
VSLLINK_FALSE='#'
VSLLINK_TRUE=''
ZY1000_FALSE=''
ZY1000_MASTER_FALSE=''
ZY1000_MASTER_TRUE='#'
ZY1000_TRUE='#'
ac_ct_AR='ar'
ac_ct_CC='gcc'
ac_ct_DUMPBIN=''
am__EXEEXT_FALSE=''
am__EXEEXT_TRUE='#'
am__fastdepCC_FALSE='#'
am__fastdepCC_TRUE=''
am__include='include'
am__isrc=' -I$(srcdir)'
am__leading_dot='.'
am__nodep='_no'
am__quote=''
am__tar='$${TAR-tar} chof - "$$tardir"'
am__untar='$${TAR-tar} xf -'
bindir='${exec_prefix}/bin'
build='x86_64-apple-darwin14.3.0'
build_alias=''
build_cpu='x86_64'
build_os='darwin14.3.0'
build_vendor='apple'
datadir='${datarootdir}'
datarootdir='/Users/jsjeong/Work/openocd/install/osx'
docdir='/Users/jsjeong/Work/openocd/install/osx/openocd/doc'
doxygen_as_html='yes'
doxygen_as_pdf='no'
dvidir='${docdir}'
exec_prefix='${prefix}'
host='x86_64-apple-darwin14.3.0'
host_alias=''
host_cpu='x86_64'
host_os='darwin14.3.0'
host_vendor='apple'
htmldir='${docdir}'
includedir='${prefix}/include'
infodir='/Users/jsjeong/Work/openocd/install/osx/openocd/info'
install_sh='${SHELL} /Users/jsjeong/Work/openocd/gnuarmeclipse-openocd.git/install-sh'
libdir='${exec_prefix}/lib'
libexecdir='${exec_prefix}/libexec'
localedir='/Users/jsjeong/Work/openocd/install/osx/openocd/locale'
localstatedir='${prefix}/var'
mandir='/Users/jsjeong/Work/openocd/install/osx/openocd/man'
mkdir_p='$(MKDIR_P)'
oldincludedir='/usr/include'
pdfdir='${docdir}'
prefix='/Users/jsjeong/Work/openocd/install/osx/openocd'
program_transform_name='s,x,x,'
psdir='${docdir}'
sbindir='${exec_prefix}/sbin'
sharedstatedir='${prefix}/com'
subdirs=' jimtcl'
sysconfdir='${prefix}/etc'
target_alias=''

## ----------- ##
## confdefs.h. ##
## ----------- ##

/* confdefs.h */
#define PACKAGE_NAME "openocd"
#define PACKAGE_TARNAME "openocd"
#define PACKAGE_VERSION "0.10.0-dev"
#define PACKAGE_STRING "openocd 0.10.0-dev"
#define PACKAGE_BUGREPORT "OpenOCD Mailing List <openocd-devel@lists.sourceforge.net>"
#define PACKAGE_URL ""
#define PACKAGE "openocd"
#define VERSION "0.10.0-dev"
#define STDC_HEADERS 1
#define HAVE_SYS_TYPES_H 1
#define HAVE_SYS_STAT_H 1
#define HAVE_STDLIB_H 1
#define HAVE_STRING_H 1
#define HAVE_MEMORY_H 1
#define HAVE_STRINGS_H 1
#define HAVE_INTTYPES_H 1
#define HAVE_STDINT_H 1
#define HAVE_UNISTD_H 1
#define HAVE_DLFCN_H 1
#define LT_OBJDIR ".libs/"
#define HAVE_UNSIGNED_LONG_LONG_INT 1
#define HAVE_LONG_LONG_INT 1
#define HAVE_SYS_SOCKET_H 1
#define HAVE_ARPA_INET_H 1
#define HAVE_DIRENT_H 1
#define HAVE_FCNTL_H 1
#define HAVE_IFADDRS_H 1
#define HAVE_NETDB_H 1
#define HAVE_NETINET_IN_H 1
#define HAVE_NETINET_TCP_H 1
#define HAVE_PTHREAD_H 1
#define HAVE_STRINGS_H 1
#define HAVE_SYS_IOCTL_H 1
#define HAVE_SYS_PARAM_H 1
#define HAVE_SYS_POLL_H 1
#define HAVE_SYS_SELECT_H 1
#define HAVE_SYS_STAT_H 1
#define HAVE_SYS_TIME_H 1
#define HAVE_SYS_TYPES_H 1
#define HAVE_UNISTD_H 1
#define HAVE_NET_IF_H 1
#define HAVE__BOOL 1
#define HAVE_STDBOOL_H 1
#define TIME_WITH_SYS_TIME 1
#define HAVE_STRNDUP 1
#define HAVE_STRNLEN 1
#define HAVE_GETTIMEOFDAY 1
#define HAVE_USLEEP 1
#define HAVE_VASPRINTF 1
#define IS_CYGWIN 0
#define IS_WIN32 0
#define IS_DARWIN 1
#define BUILD_PARPORT 0
#define BUILD_DUMMY 1
#define BUILD_EP93XX 0
#define BUILD_ZY1000 0
#define BUILD_ZY1000_MASTER 0
#define BUILD_AT91RM9200 0
#define BUILD_BCM2835GPIO 0
#define PARPORT_USE_PPDEV 0
#define PARPORT_USE_GIVEIO 0
#define BUILD_BITBANG 1
#define BUILD_FT2232_LIBFTDI 1
#define BUILD_FT2232_FTD2XX 0
#define BUILD_USB_BLASTER_LIBFTDI 1
#define BUILD_JTAG_VPI 0
#define BUILD_USB_BLASTER_FTD2XX 0
#define BUILD_AMTJTAGACCEL 0
#define BUILD_GW16012 0
#define BUILD_PRESTO_LIBFTDI 1
#define BUILD_PRESTO_FTD2XX 0
#define BUILD_BITQ 1
#define BUILD_OPENJTAG 0
#define BUILD_OPENJTAG_FTD2XX 0
#define BUILD_OPENJTAG_LIBFTDI 0
#define BUILD_OPENJTAG 1
#define BUILD_OPENJTAG_LIBFTDI 1
#define BUILD_OOCD_TRACE 0
#define BUILD_BUSPIRATE 0
#define BUILD_REMOTE_BITBANG 1
#define BUILD_SYSFSGPIO 0
#define BUILD_FT2232_HIGHSPEED 1
#define HAS_ENUM_FT232H 1
#define HAVE_LIBUSB1 1
#define HAVE_LIBUSB_ERROR_NAME 1
#define BUILD_FTDI 1
#define BUILD_HLADAPTER_STLINK 1
#define BUILD_HLADAPTER_ICDI 1
#define BUILD_ULINK 1
#define BUILD_USB_BLASTER_2 1
#define BUILD_VSLLINK 1
#define BUILD_JLINK 1
#define BUILD_OSBDM 1
#define BUILD_OPENDOUS 1
#define BUILD_AICE 1
#define BUILD_USBPROG 1
#define BUILD_RLINK 1
#define BUILD_ARMJTAGEW 1
#define BUILD_CMSIS_DAP 1
#define BUILD_HLADAPTER 1
#define NEED_ENVIRON_EXTERN 1
#define _GNU_SOURCE 1

configure: exit 0
