This file contains any messages produced by compilers while
running configure, to aid debugging if configure makes a mistake.

It was created by openocd configure 0.10.0-dev, which was
generated by GNU Autoconf 2.69.  Invocation command line was

  $ /Host/Work/openocd/gnuarmeclipse-openocd.git/configure --build=x86_64-linux-gnu --host=i686-w64-mingw32 --prefix=/Host/Work/openocd/install/win32/openocd --datarootdir=/Host/Work/openocd/install/win32 --infodir=/Host/Work/openocd/install/win32/openocd/info --localedir=/Host/Work/openocd/install/win32/openocd/locale --mandir=/Host/Work/openocd/install/win32/openocd/man --docdir=/Host/Work/openocd/install/win32/openocd/doc --enable-aice --enable-amtjtagaccel --enable-armjtagew --enable-cmsis-dap --enable-dummy --enable-ftdi --enable-gw16012 --enable-jlink --enable-jtag_vpi --enable-opendous --enable-openjtag_ftdi --enable-osbdm --enable-legacy-ft2232_libftdi --enable-parport --disable-parport-ppdev --enable-parport-giveio --enable-presto_libftdi --enable-remote-bitbang --enable-rlink --enable-stlink --enable-ti-icdi --enable-ulink --enable-usb-blaster-2 --enable-usb_blaster_libftdi --enable-usbprog --enable-vsllink

## --------- ##
## Platform. ##
## --------- ##

hostname = docker
uname -m = x86_64
uname -r = 4.0.5-boot2docker
uname -s = Linux
uname -v = #1 SMP Tue Jun 16 01:39:56 UTC 2015

/usr/bin/uname -p = unknown
/bin/uname -X     = unknown

/bin/arch              = unknown
/usr/bin/arch -k       = unknown
/usr/convex/getsysinfo = unknown
/usr/bin/hostinfo      = unknown
/bin/machine           = unknown
/usr/bin/oslevel       = unknown
/bin/universe          = unknown

PATH: /usr/local/sbin
PATH: /usr/local/bin
PATH: /usr/sbin
PATH: /usr/bin
PATH: /sbin
PATH: /bin


## ----------- ##
## Core tests. ##
## ----------- ##

configure:2587: checking for makeinfo
configure:2603: found /usr/bin/makeinfo
configure:2614: result: makeinfo
configure:2674: checking for a BSD-compatible install
configure:2742: result: /usr/bin/install -c
configure:2753: checking whether build environment is sane
configure:2808: result: yes
configure:2867: checking for i686-w64-mingw32-strip
configure:2883: found /usr/bin/i686-w64-mingw32-strip
configure:2894: result: i686-w64-mingw32-strip
configure:2959: checking for a thread-safe mkdir -p
configure:2998: result: /bin/mkdir -p
configure:3005: checking for gawk
configure:3035: result: no
configure:3005: checking for mawk
configure:3021: found /usr/bin/mawk
configure:3032: result: mawk
configure:3043: checking whether make sets $(MAKE)
configure:3065: result: yes
configure:3094: checking whether make supports nested variables
configure:3111: result: yes
configure:3256: checking for i686-w64-mingw32-gcc
configure:3272: found /usr/bin/i686-w64-mingw32-gcc
configure:3283: result: i686-w64-mingw32-gcc
configure:3552: checking for C compiler version
configure:3561: i686-w64-mingw32-gcc --version >&5
i686-w64-mingw32-gcc (GCC) 4.9.1
Copyright (C) 2014 Free Software Foundation, Inc.
This is free software; see the source for copying conditions.  There is NO
warranty; not even for MERCHANTABILITY or FITNESS FOR A PARTICULAR PURPOSE.

configure:3572: $? = 0
configure:3561: i686-w64-mingw32-gcc -v >&5
Using built-in specs.
COLLECT_GCC=i686-w64-mingw32-gcc
COLLECT_LTO_WRAPPER=/usr/lib/gcc/i686-w64-mingw32/4.9-win32/lto-wrapper
Target: i686-w64-mingw32
Configured with: ../../src/configure --build=x86_64-linux-gnu --prefix=/usr --includedir='/usr/include' --mandir='/usr/share/man' --infodir='/usr/share/info' --sysconfdir=/etc --localstatedir=/var --libexecdir='/usr/lib/gcc-mingw-w64' --disable-maintainer-mode --disable-dependency-tracking --prefix=/usr --enable-shared --enable-static --disable-multilib --with-system-zlib --libexecdir=/usr/lib --without-included-gettext --libdir=/usr/lib --enable-libstdcxx-time=yes --with-tune=generic --enable-version-specific-runtime-libs --enable-fully-dynamic-string --enable-libgomp --enable-languages=c,c++,fortran,objc,obj-c++ --enable-lto --with-plugin-ld --enable-threads=win32 --program-suffix=-win32 --program-prefix=i686-w64-mingw32- --target=i686-w64-mingw32 --with-as=/usr/bin/i686-w64-mingw32-as --with-ld=/usr/bin/i686-w64-mingw32-ld
Thread model: win32
gcc version 4.9.1 (GCC) 
configure:3572: $? = 0
configure:3561: i686-w64-mingw32-gcc -V >&5
i686-w64-mingw32-gcc: error: unrecognized command line option '-V'
i686-w64-mingw32-gcc: fatal error: no input files
compilation terminated.
configure:3572: $? = 4
configure:3561: i686-w64-mingw32-gcc -qversion >&5
i686-w64-mingw32-gcc: error: unrecognized command line option '-qversion'
i686-w64-mingw32-gcc: fatal error: no input files
compilation terminated.
configure:3572: $? = 4
configure:3592: checking whether the C compiler works
configure:3614: i686-w64-mingw32-gcc  -m32 -pipe  conftest.c  >&5
configure:3618: $? = 0
configure:3666: result: yes
configure:3669: checking for C compiler default output file name
configure:3671: result: a.exe
configure:3677: checking for suffix of executables
configure:3684: i686-w64-mingw32-gcc -o conftest.exe  -m32 -pipe  conftest.c  >&5
configure:3688: $? = 0
configure:3710: result: .exe
configure:3732: checking whether we are cross compiling
configure:3770: result: yes
configure:3775: checking for suffix of object files
configure:3797: i686-w64-mingw32-gcc -c  -m32 -pipe conftest.c >&5
configure:3801: $? = 0
configure:3822: result: o
configure:3826: checking whether we are using the GNU C compiler
configure:3845: i686-w64-mingw32-gcc -c  -m32 -pipe conftest.c >&5
configure:3845: $? = 0
configure:3854: result: yes
configure:3863: checking whether i686-w64-mingw32-gcc accepts -g
configure:3883: i686-w64-mingw32-gcc -c -g -m32 -pipe conftest.c >&5
configure:3883: $? = 0
configure:3924: result: yes
configure:3941: checking for i686-w64-mingw32-gcc option to accept ISO C89
configure:4004: i686-w64-mingw32-gcc  -c -g -O2 -m32 -pipe conftest.c >&5
configure:4004: $? = 0
configure:4017: result: none needed
configure:4042: checking whether i686-w64-mingw32-gcc understands -c and -o together
configure:4064: i686-w64-mingw32-gcc -c conftest.c -o conftest2.o
configure:4067: $? = 0
configure:4064: i686-w64-mingw32-gcc -c conftest.c -o conftest2.o
configure:4067: $? = 0
configure:4079: result: yes
configure:4107: checking for style of include used by make
configure:4135: result: GNU
configure:4161: checking dependency style of i686-w64-mingw32-gcc
configure:4272: result: gcc3
configure:4287: checking for i686-w64-mingw32-gcc option to accept ISO C99
configure:4436: i686-w64-mingw32-gcc  -c -g -O2 -m32 -pipe conftest.c >&5
conftest.c:61:29: error: expected ';', ',' or ')' before 'text'
 test_restrict (ccp restrict text)
                             ^
conftest.c: In function 'main':
conftest.c:115:18: error: expected '=', ',', ';', 'asm' or '__attribute__' before 'newvar'
   char *restrict newvar = "Another string";
                  ^
conftest.c:115:18: error: 'newvar' undeclared (first use in this function)
conftest.c:115:18: note: each undeclared identifier is reported only once for each function it appears in
conftest.c:125:3: error: 'for' loop initial declarations are only allowed in C99 or C11 mode
   for (int i = 0; i < ia->datasize; ++i)
   ^
conftest.c:125:3: note: use option -std=c99, -std=gnu99, -std=c11 or -std=gnu11 to compile your code
configure:4436: $? = 1
configure: failed program was:
| /* confdefs.h */
| #define PACKAGE_NAME "openocd"
| #define PACKAGE_TARNAME "openocd"
| #define PACKAGE_VERSION "0.10.0-dev"
| #define PACKAGE_STRING "openocd 0.10.0-dev"
| #define PACKAGE_BUGREPORT "OpenOCD Mailing List <openocd-devel@lists.sourceforge.net>"
| #define PACKAGE_URL ""
| #define PACKAGE "openocd"
| #define VERSION "0.10.0-dev"
| /* end confdefs.h.  */
| #include <stdarg.h>
| #include <stdbool.h>
| #include <stdlib.h>
| #include <wchar.h>
| #include <stdio.h>
| 
| // Check varargs macros.  These examples are taken from C99 6.10.3.5.
| #define debug(...) fprintf (stderr, __VA_ARGS__)
| #define showlist(...) puts (#__VA_ARGS__)
| #define report(test,...) ((test) ? puts (#test) : printf (__VA_ARGS__))
| static void
| test_varargs_macros (void)
| {
|   int x = 1234;
|   int y = 5678;
|   debug ("Flag");
|   debug ("X = %d\n", x);
|   showlist (The first, second, and third items.);
|   report (x>y, "x is %d but y is %d", x, y);
| }
| 
| // Check long long types.
| #define BIG64 18446744073709551615ull
| #define BIG32 4294967295ul
| #define BIG_OK (BIG64 / BIG32 == 4294967297ull && BIG64 % BIG32 == 0)
| #if !BIG_OK
|   your preprocessor is broken;
| #endif
| #if BIG_OK
| #else
|   your preprocessor is broken;
| #endif
| static long long int bignum = -9223372036854775807LL;
| static unsigned long long int ubignum = BIG64;
| 
| struct incomplete_array
| {
|   int datasize;
|   double data[];
| };
| 
| struct named_init {
|   int number;
|   const wchar_t *name;
|   double average;
| };
| 
| typedef const char *ccp;
| 
| static inline int
| test_restrict (ccp restrict text)
| {
|   // See if C++-style comments work.
|   // Iterate through items via the restricted pointer.
|   // Also check for declarations in for loops.
|   for (unsigned int i = 0; *(text+i) != '\0'; ++i)
|     continue;
|   return 0;
| }
| 
| // Check varargs and va_copy.
| static void
| test_varargs (const char *format, ...)
| {
|   va_list args;
|   va_start (args, format);
|   va_list args_copy;
|   va_copy (args_copy, args);
| 
|   const char *str;
|   int number;
|   float fnumber;
| 
|   while (*format)
|     {
|       switch (*format++)
| 	{
| 	case 's': // string
| 	  str = va_arg (args_copy, const char *);
| 	  break;
| 	case 'd': // int
| 	  number = va_arg (args_copy, int);
| 	  break;
| 	case 'f': // float
| 	  fnumber = va_arg (args_copy, double);
| 	  break;
| 	default:
| 	  break;
| 	}
|     }
|   va_end (args_copy);
|   va_end (args);
| }
| 
| int
| main ()
| {
| 
|   // Check bool.
|   _Bool success = false;
| 
|   // Check restrict.
|   if (test_restrict ("String literal") == 0)
|     success = true;
|   char *restrict newvar = "Another string";
| 
|   // Check varargs.
|   test_varargs ("s, d' f .", "string", 65, 34.234);
|   test_varargs_macros ();
| 
|   // Check flexible array members.
|   struct incomplete_array *ia =
|     malloc (sizeof (struct incomplete_array) + (sizeof (double) * 10));
|   ia->datasize = 10;
|   for (int i = 0; i < ia->datasize; ++i)
|     ia->data[i] = i * 1.234;
| 
|   // Check named initializers.
|   struct named_init ni = {
|     .number = 34,
|     .name = L"Test wide string",
|     .average = 543.34343,
|   };
| 
|   ni.number = 58;
| 
|   int dynamic_array[ni.number];
|   dynamic_array[ni.number - 1] = 543;
| 
|   // work around unused variable warnings
|   return (!success || bignum == 0LL || ubignum == 0uLL || newvar[0] == 'x'
| 	  || dynamic_array[ni.number - 1] != 543);
| 
|   ;
|   return 0;
| }
configure:4436: i686-w64-mingw32-gcc -std=gnu99 -c -g -O2 -m32 -pipe conftest.c >&5
configure:4436: $? = 0
configure:4456: result: -std=gnu99
configure:4468: checking for i686-w64-mingw32-ranlib
configure:4484: found /usr/bin/i686-w64-mingw32-ranlib
configure:4495: result: i686-w64-mingw32-ranlib
configure:4666: checking pkg-config is at least version 0.23
configure:4669: result: yes
configure:4741: checking build system type
configure:4755: result: x86_64-pc-linux-gnu
configure:4775: checking host system type
configure:4788: result: i686-w64-mingw32
configure:4829: checking how to print strings
configure:4856: result: printf
configure:4877: checking for a sed that does not truncate output
configure:4941: result: /bin/sed
configure:4959: checking for grep that handles long lines and -e
configure:5017: result: /bin/grep
configure:5022: checking for egrep
configure:5084: result: /bin/grep -E
configure:5089: checking for fgrep
configure:5151: result: /bin/grep -F
configure:5186: checking for ld used by i686-w64-mingw32-gcc -std=gnu99
configure:5253: result: /usr/bin/i686-w64-mingw32-ld
configure:5260: checking if the linker (/usr/bin/i686-w64-mingw32-ld) is GNU ld
configure:5275: result: yes
configure:5287: checking for BSD- or MS-compatible name lister (nm)
configure:5341: result: /usr/bin/i686-w64-mingw32-nm -B
configure:5471: checking the name lister (/usr/bin/i686-w64-mingw32-nm -B) interface
configure:5478: i686-w64-mingw32-gcc -std=gnu99 -c -g -O2 -m32 -pipe conftest.c >&5
configure:5481: /usr/bin/i686-w64-mingw32-nm -B "conftest.o"
configure:5484: output
00000000 b .bss
00000000 d .data
00000000 N .debug_abbrev
00000000 N .debug_aranges
00000000 N .debug_info
00000000 N .debug_line
00000000 r .rdata$zzz
00000000 t .text
00000000 B _some_variable
configure:5491: result: BSD nm
configure:5494: checking whether ln -s works
configure:5498: result: yes
configure:5506: checking the maximum length of command line arguments
configure:5637: result: 1572864
configure:5685: checking how to convert x86_64-pc-linux-gnu file names to i686-w64-mingw32 format
configure:5725: result: func_convert_file_nix_to_w32
configure:5732: checking how to convert x86_64-pc-linux-gnu file names to toolchain format
configure:5752: result: func_convert_file_noop
configure:5759: checking for /usr/bin/i686-w64-mingw32-ld option to reload object files
configure:5766: result: -r
configure:5800: checking for i686-w64-mingw32-objdump
configure:5816: found /usr/bin/i686-w64-mingw32-objdump
configure:5827: result: i686-w64-mingw32-objdump
configure:5899: checking how to recognize dependent libraries
configure:6099: result: file_magic ^x86 archive import|^x86 DLL
configure:6144: checking for i686-w64-mingw32-dlltool
configure:6160: found /usr/bin/i686-w64-mingw32-dlltool
configure:6171: result: i686-w64-mingw32-dlltool
configure:6244: checking how to associate runtime and link libraries
configure:6271: result: func_cygming_dll_for_implib
configure:6288: checking for i686-w64-mingw32-ar
configure:6304: found /usr/bin/i686-w64-mingw32-ar
configure:6315: result: i686-w64-mingw32-ar
configure:6396: checking for archiver @FILE support
configure:6413: i686-w64-mingw32-gcc -std=gnu99 -c -g -O2 -m32 -pipe conftest.c >&5
configure:6413: $? = 0
configure:6416: i686-w64-mingw32-ar cru libconftest.a @conftest.lst >&5
configure:6419: $? = 0
configure:6424: i686-w64-mingw32-ar cru libconftest.a @conftest.lst >&5
i686-w64-mingw32-ar: conftest.o: No such file or directory
configure:6427: $? = 1
configure:6439: result: @
configure:6457: checking for i686-w64-mingw32-strip
configure:6484: result: i686-w64-mingw32-strip
configure:6556: checking for i686-w64-mingw32-ranlib
configure:6583: result: i686-w64-mingw32-ranlib
configure:6725: checking command to parse /usr/bin/i686-w64-mingw32-nm -B output from i686-w64-mingw32-gcc -std=gnu99 object
configure:6878: i686-w64-mingw32-gcc -std=gnu99 -c -g -O2 -m32 -pipe conftest.c >&5
configure:6881: $? = 0
configure:6885: /usr/bin/i686-w64-mingw32-nm -B conftest.o \| sed -n -e 's/^.*[ ]\([ABCDGIRSTW][ABCDGIRSTW]*\)[ ][ ]*\([_A-Za-z][_A-Za-z0-9]*\)$/\1 \2 \2/p' | sed '/ __gnu_lto/d' \> conftest.nm
configure:6888: $? = 0
cannot find nm_test_var in conftest.nm
configure:6878: i686-w64-mingw32-gcc -std=gnu99 -c -g -O2 -m32 -pipe conftest.c >&5
configure:6881: $? = 0
configure:6885: /usr/bin/i686-w64-mingw32-nm -B conftest.o \| sed -n -e 's/^.*[ ]\([ABCDGIRSTW][ABCDGIRSTW]*\)[ ][ ]*_\([_A-Za-z][_A-Za-z0-9]*\)$/\1 _\2 \2/p' | sed '/ __gnu_lto/d' \> conftest.nm
configure:6888: $? = 0
configure:6954: i686-w64-mingw32-gcc -std=gnu99 -o conftest.exe -g -O2 -m32 -pipe  conftest.c conftstm.o >&5
configure:6957: $? = 0
configure:6995: result: ok
configure:7042: checking for sysroot
configure:7072: result: no
configure:7079: checking for a working dd
configure:7117: result: /bin/dd
configure:7121: checking how to truncate binary pipes
configure:7136: result: /bin/dd bs=4096 count=1
configure:7425: checking for i686-w64-mingw32-mt
configure:7455: result: no
configure:7465: checking for mt
configure:7495: result: no
configure:7515: checking if : is a manifest tool
configure:7521: : '-?'
configure:7529: result: no
configure:8206: checking how to run the C preprocessor
configure:8237: i686-w64-mingw32-gcc -std=gnu99 -E -m32 -pipe conftest.c
configure:8237: $? = 0
configure:8251: i686-w64-mingw32-gcc -std=gnu99 -E -m32 -pipe conftest.c
conftest.c:11:28: fatal error: ac_nonexistent.h: No such file or directory
 #include <ac_nonexistent.h>
                            ^
compilation terminated.
configure:8251: $? = 1
configure: failed program was:
| /* confdefs.h */
| #define PACKAGE_NAME "openocd"
| #define PACKAGE_TARNAME "openocd"
| #define PACKAGE_VERSION "0.10.0-dev"
| #define PACKAGE_STRING "openocd 0.10.0-dev"
| #define PACKAGE_BUGREPORT "OpenOCD Mailing List <openocd-devel@lists.sourceforge.net>"
| #define PACKAGE_URL ""
| #define PACKAGE "openocd"
| #define VERSION "0.10.0-dev"
| /* end confdefs.h.  */
| #include <ac_nonexistent.h>
configure:8276: result: i686-w64-mingw32-gcc -std=gnu99 -E
configure:8296: i686-w64-mingw32-gcc -std=gnu99 -E -m32 -pipe conftest.c
configure:8296: $? = 0
configure:8310: i686-w64-mingw32-gcc -std=gnu99 -E -m32 -pipe conftest.c
conftest.c:11:28: fatal error: ac_nonexistent.h: No such file or directory
 #include <ac_nonexistent.h>
                            ^
compilation terminated.
configure:8310: $? = 1
configure: failed program was:
| /* confdefs.h */
| #define PACKAGE_NAME "openocd"
| #define PACKAGE_TARNAME "openocd"
| #define PACKAGE_VERSION "0.10.0-dev"
| #define PACKAGE_STRING "openocd 0.10.0-dev"
| #define PACKAGE_BUGREPORT "OpenOCD Mailing List <openocd-devel@lists.sourceforge.net>"
| #define PACKAGE_URL ""
| #define PACKAGE "openocd"
| #define VERSION "0.10.0-dev"
| /* end confdefs.h.  */
| #include <ac_nonexistent.h>
configure:8339: checking for ANSI C header files
configure:8359: i686-w64-mingw32-gcc -std=gnu99 -c -g -O2 -m32 -pipe conftest.c >&5
configure:8359: $? = 0
configure:8443: result: yes
configure:8456: checking for sys/types.h
configure:8456: i686-w64-mingw32-gcc -std=gnu99 -c -g -O2 -m32 -pipe conftest.c >&5
configure:8456: $? = 0
configure:8456: result: yes
configure:8456: checking for sys/stat.h
configure:8456: i686-w64-mingw32-gcc -std=gnu99 -c -g -O2 -m32 -pipe conftest.c >&5
configure:8456: $? = 0
configure:8456: result: yes
configure:8456: checking for stdlib.h
configure:8456: i686-w64-mingw32-gcc -std=gnu99 -c -g -O2 -m32 -pipe conftest.c >&5
configure:8456: $? = 0
configure:8456: result: yes
configure:8456: checking for string.h
configure:8456: i686-w64-mingw32-gcc -std=gnu99 -c -g -O2 -m32 -pipe conftest.c >&5
configure:8456: $? = 0
configure:8456: result: yes
configure:8456: checking for memory.h
configure:8456: i686-w64-mingw32-gcc -std=gnu99 -c -g -O2 -m32 -pipe conftest.c >&5
configure:8456: $? = 0
configure:8456: result: yes
configure:8456: checking for strings.h
configure:8456: i686-w64-mingw32-gcc -std=gnu99 -c -g -O2 -m32 -pipe conftest.c >&5
configure:8456: $? = 0
configure:8456: result: yes
configure:8456: checking for inttypes.h
configure:8456: i686-w64-mingw32-gcc -std=gnu99 -c -g -O2 -m32 -pipe conftest.c >&5
configure:8456: $? = 0
configure:8456: result: yes
configure:8456: checking for stdint.h
configure:8456: i686-w64-mingw32-gcc -std=gnu99 -c -g -O2 -m32 -pipe conftest.c >&5
configure:8456: $? = 0
configure:8456: result: yes
configure:8456: checking for unistd.h
configure:8456: i686-w64-mingw32-gcc -std=gnu99 -c -g -O2 -m32 -pipe conftest.c >&5
configure:8456: $? = 0
configure:8456: result: yes
configure:8470: checking for dlfcn.h
configure:8470: i686-w64-mingw32-gcc -std=gnu99 -c -g -O2 -m32 -pipe conftest.c >&5
conftest.c:55:19: fatal error: dlfcn.h: No such file or directory
 #include <dlfcn.h>
                   ^
compilation terminated.
configure:8470: $? = 1
configure: failed program was:
| /* confdefs.h */
| #define PACKAGE_NAME "openocd"
| #define PACKAGE_TARNAME "openocd"
| #define PACKAGE_VERSION "0.10.0-dev"
| #define PACKAGE_STRING "openocd 0.10.0-dev"
| #define PACKAGE_BUGREPORT "OpenOCD Mailing List <openocd-devel@lists.sourceforge.net>"
| #define PACKAGE_URL ""
| #define PACKAGE "openocd"
| #define VERSION "0.10.0-dev"
| #define STDC_HEADERS 1
| #define HAVE_SYS_TYPES_H 1
| #define HAVE_SYS_STAT_H 1
| #define HAVE_STDLIB_H 1
| #define HAVE_STRING_H 1
| #define HAVE_MEMORY_H 1
| #define HAVE_STRINGS_H 1
| #define HAVE_INTTYPES_H 1
| #define HAVE_STDINT_H 1
| #define HAVE_UNISTD_H 1
| /* end confdefs.h.  */
| #include <stdio.h>
| #ifdef HAVE_SYS_TYPES_H
| # include <sys/types.h>
| #endif
| #ifdef HAVE_SYS_STAT_H
| # include <sys/stat.h>
| #endif
| #ifdef STDC_HEADERS
| # include <stdlib.h>
| # include <stddef.h>
| #else
| # ifdef HAVE_STDLIB_H
| #  include <stdlib.h>
| # endif
| #endif
| #ifdef HAVE_STRING_H
| # if !defined STDC_HEADERS && defined HAVE_MEMORY_H
| #  include <memory.h>
| # endif
| # include <string.h>
| #endif
| #ifdef HAVE_STRINGS_H
| # include <strings.h>
| #endif
| #ifdef HAVE_INTTYPES_H
| # include <inttypes.h>
| #endif
| #ifdef HAVE_STDINT_H
| # include <stdint.h>
| #endif
| #ifdef HAVE_UNISTD_H
| # include <unistd.h>
| #endif
| 
| #include <dlfcn.h>
configure:8470: result: no
configure:8696: checking for objdir
configure:8711: result: .libs
configure:8971: checking if i686-w64-mingw32-gcc -std=gnu99 supports -fno-rtti -fno-exceptions
configure:8989: i686-w64-mingw32-gcc -std=gnu99 -c -g -O2 -m32 -pipe -fno-rtti -fno-exceptions conftest.c >&5
cc1: warning: command line option '-fno-rtti' is valid for C++/ObjC++ but not for C
configure:8993: $? = 0
configure:9006: result: no
configure:9364: checking for i686-w64-mingw32-gcc -std=gnu99 option to produce PIC
configure:9371: result: -DDLL_EXPORT -DPIC
configure:9379: checking if i686-w64-mingw32-gcc -std=gnu99 PIC flag -DDLL_EXPORT -DPIC works
configure:9397: i686-w64-mingw32-gcc -std=gnu99 -c -g -O2 -m32 -pipe -DDLL_EXPORT -DPIC -DPIC conftest.c >&5
configure:9401: $? = 0
configure:9414: result: yes
configure:9443: checking if i686-w64-mingw32-gcc -std=gnu99 static flag -static works
configure:9471: result: yes
configure:9486: checking if i686-w64-mingw32-gcc -std=gnu99 supports -c -o file.o
configure:9507: i686-w64-mingw32-gcc -std=gnu99 -c -g -O2 -m32 -pipe -o out/conftest2.o conftest.c >&5
configure:9511: $? = 0
configure:9533: result: yes
configure:9541: checking if i686-w64-mingw32-gcc -std=gnu99 supports -c -o file.o
configure:9588: result: yes
configure:9621: checking whether the i686-w64-mingw32-gcc -std=gnu99 linker (/usr/bin/i686-w64-mingw32-ld) supports shared libraries
configure:10880: result: yes
configure:11120: checking dynamic linker characteristics
configure:11938: result: Win32 ld.exe
configure:12060: checking how to hardcode library paths into programs
configure:12085: result: immediate
configure:12633: checking whether stripping libraries is possible
configure:12638: result: yes
configure:12673: checking if libtool supports shared libraries
configure:12675: result: yes
configure:12678: checking whether to build shared libraries
configure:12703: result: no
configure:12706: checking whether to build static libraries
configure:12710: result: yes
configure:12749: checking for an ANSI C-conforming const
configure:12815: i686-w64-mingw32-gcc -std=gnu99 -c -g -O2 -m32 -pipe conftest.c >&5
configure:12815: $? = 0
configure:12822: result: yes
configure:12831: checking for unsigned long long int
configure:12879: result: yes
configure:12889: checking for long long int
configure:12939: result: yes
configure:12948: checking for library containing ioperm
configure:12979: i686-w64-mingw32-gcc -std=gnu99 -o conftest.exe -g -O2 -m32 -pipe  conftest.c  >&5
/tmp/ccJHRiE4.o: In function `main':
/Host/Work/openocd/build/win32/openocd/conftest.c:35: undefined reference to `ioperm'
collect2: error: ld returned 1 exit status
configure:12979: $? = 1
configure: failed program was:
| /* confdefs.h */
| #define PACKAGE_NAME "openocd"
| #define PACKAGE_TARNAME "openocd"
| #define PACKAGE_VERSION "0.10.0-dev"
| #define PACKAGE_STRING "openocd 0.10.0-dev"
| #define PACKAGE_BUGREPORT "OpenOCD Mailing List <openocd-devel@lists.sourceforge.net>"
| #define PACKAGE_URL ""
| #define PACKAGE "openocd"
| #define VERSION "0.10.0-dev"
| #define STDC_HEADERS 1
| #define HAVE_SYS_TYPES_H 1
| #define HAVE_SYS_STAT_H 1
| #define HAVE_STDLIB_H 1
| #define HAVE_STRING_H 1
| #define HAVE_MEMORY_H 1
| #define HAVE_STRINGS_H 1
| #define HAVE_INTTYPES_H 1
| #define HAVE_STDINT_H 1
| #define HAVE_UNISTD_H 1
| #define LT_OBJDIR ".libs/"
| #define HAVE_UNSIGNED_LONG_LONG_INT 1
| #define HAVE_LONG_LONG_INT 1
| /* end confdefs.h.  */
| 
| /* Override any GCC internal prototype to avoid an error.
|    Use char because int might match the return type of a GCC
|    builtin and then its argument prototype would still apply.  */
| #ifdef __cplusplus
| extern "C"
| #endif
| char ioperm ();
| int
| main ()
| {
| return ioperm ();
|   ;
|   return 0;
| }
configure:12979: i686-w64-mingw32-gcc -std=gnu99 -o conftest.exe -g -O2 -m32 -pipe  conftest.c -lioperm   >&5
/usr/bin/i686-w64-mingw32-ld: cannot find -lioperm
collect2: error: ld returned 1 exit status
configure:12979: $? = 1
configure: failed program was:
| /* confdefs.h */
| #define PACKAGE_NAME "openocd"
| #define PACKAGE_TARNAME "openocd"
| #define PACKAGE_VERSION "0.10.0-dev"
| #define PACKAGE_STRING "openocd 0.10.0-dev"
| #define PACKAGE_BUGREPORT "OpenOCD Mailing List <openocd-devel@lists.sourceforge.net>"
| #define PACKAGE_URL ""
| #define PACKAGE "openocd"
| #define VERSION "0.10.0-dev"
| #define STDC_HEADERS 1
| #define HAVE_SYS_TYPES_H 1
| #define HAVE_SYS_STAT_H 1
| #define HAVE_STDLIB_H 1
| #define HAVE_STRING_H 1
| #define HAVE_MEMORY_H 1
| #define HAVE_STRINGS_H 1
| #define HAVE_INTTYPES_H 1
| #define HAVE_STDINT_H 1
| #define HAVE_UNISTD_H 1
| #define LT_OBJDIR ".libs/"
| #define HAVE_UNSIGNED_LONG_LONG_INT 1
| #define HAVE_LONG_LONG_INT 1
| /* end confdefs.h.  */
| 
| /* Override any GCC internal prototype to avoid an error.
|    Use char because int might match the return type of a GCC
|    builtin and then its argument prototype would still apply.  */
| #ifdef __cplusplus
| extern "C"
| #endif
| char ioperm ();
| int
| main ()
| {
| return ioperm ();
|   ;
|   return 0;
| }
configure:12996: result: no
configure:13004: checking for library containing dlopen
configure:13035: i686-w64-mingw32-gcc -std=gnu99 -o conftest.exe -g -O2 -m32 -pipe  conftest.c  >&5
/tmp/ccuM2lZh.o: In function `main':
/Host/Work/openocd/build/win32/openocd/conftest.c:35: undefined reference to `dlopen'
collect2: error: ld returned 1 exit status
configure:13035: $? = 1
configure: failed program was:
| /* confdefs.h */
| #define PACKAGE_NAME "openocd"
| #define PACKAGE_TARNAME "openocd"
| #define PACKAGE_VERSION "0.10.0-dev"
| #define PACKAGE_STRING "openocd 0.10.0-dev"
| #define PACKAGE_BUGREPORT "OpenOCD Mailing List <openocd-devel@lists.sourceforge.net>"
| #define PACKAGE_URL ""
| #define PACKAGE "openocd"
| #define VERSION "0.10.0-dev"
| #define STDC_HEADERS 1
| #define HAVE_SYS_TYPES_H 1
| #define HAVE_SYS_STAT_H 1
| #define HAVE_STDLIB_H 1
| #define HAVE_STRING_H 1
| #define HAVE_MEMORY_H 1
| #define HAVE_STRINGS_H 1
| #define HAVE_INTTYPES_H 1
| #define HAVE_STDINT_H 1
| #define HAVE_UNISTD_H 1
| #define LT_OBJDIR ".libs/"
| #define HAVE_UNSIGNED_LONG_LONG_INT 1
| #define HAVE_LONG_LONG_INT 1
| /* end confdefs.h.  */
| 
| /* Override any GCC internal prototype to avoid an error.
|    Use char because int might match the return type of a GCC
|    builtin and then its argument prototype would still apply.  */
| #ifdef __cplusplus
| extern "C"
| #endif
| char dlopen ();
| int
| main ()
| {
| return dlopen ();
|   ;
|   return 0;
| }
configure:13035: i686-w64-mingw32-gcc -std=gnu99 -o conftest.exe -g -O2 -m32 -pipe  conftest.c -ldl   >&5
/usr/bin/i686-w64-mingw32-ld: cannot find -ldl
collect2: error: ld returned 1 exit status
configure:13035: $? = 1
configure: failed program was:
| /* confdefs.h */
| #define PACKAGE_NAME "openocd"
| #define PACKAGE_TARNAME "openocd"
| #define PACKAGE_VERSION "0.10.0-dev"
| #define PACKAGE_STRING "openocd 0.10.0-dev"
| #define PACKAGE_BUGREPORT "OpenOCD Mailing List <openocd-devel@lists.sourceforge.net>"
| #define PACKAGE_URL ""
| #define PACKAGE "openocd"
| #define VERSION "0.10.0-dev"
| #define STDC_HEADERS 1
| #define HAVE_SYS_TYPES_H 1
| #define HAVE_SYS_STAT_H 1
| #define HAVE_STDLIB_H 1
| #define HAVE_STRING_H 1
| #define HAVE_MEMORY_H 1
| #define HAVE_STRINGS_H 1
| #define HAVE_INTTYPES_H 1
| #define HAVE_STDINT_H 1
| #define HAVE_UNISTD_H 1
| #define LT_OBJDIR ".libs/"
| #define HAVE_UNSIGNED_LONG_LONG_INT 1
| #define HAVE_LONG_LONG_INT 1
| /* end confdefs.h.  */
| 
| /* Override any GCC internal prototype to avoid an error.
|    Use char because int might match the return type of a GCC
|    builtin and then its argument prototype would still apply.  */
| #ifdef __cplusplus
| extern "C"
| #endif
| char dlopen ();
| int
| main ()
| {
| return dlopen ();
|   ;
|   return 0;
| }
configure:13052: result: no
configure:13063: checking sys/socket.h usability
configure:13063: i686-w64-mingw32-gcc -std=gnu99 -c -g -O2 -m32 -pipe conftest.c >&5
conftest.c:57:24: fatal error: sys/socket.h: No such file or directory
 #include <sys/socket.h>
                        ^
compilation terminated.
configure:13063: $? = 1
configure: failed program was:
| /* confdefs.h */
| #define PACKAGE_NAME "openocd"
| #define PACKAGE_TARNAME "openocd"
| #define PACKAGE_VERSION "0.10.0-dev"
| #define PACKAGE_STRING "openocd 0.10.0-dev"
| #define PACKAGE_BUGREPORT "OpenOCD Mailing List <openocd-devel@lists.sourceforge.net>"
| #define PACKAGE_URL ""
| #define PACKAGE "openocd"
| #define VERSION "0.10.0-dev"
| #define STDC_HEADERS 1
| #define HAVE_SYS_TYPES_H 1
| #define HAVE_SYS_STAT_H 1
| #define HAVE_STDLIB_H 1
| #define HAVE_STRING_H 1
| #define HAVE_MEMORY_H 1
| #define HAVE_STRINGS_H 1
| #define HAVE_INTTYPES_H 1
| #define HAVE_STDINT_H 1
| #define HAVE_UNISTD_H 1
| #define LT_OBJDIR ".libs/"
| #define HAVE_UNSIGNED_LONG_LONG_INT 1
| #define HAVE_LONG_LONG_INT 1
| /* end confdefs.h.  */
| #include <stdio.h>
| #ifdef HAVE_SYS_TYPES_H
| # include <sys/types.h>
| #endif
| #ifdef HAVE_SYS_STAT_H
| # include <sys/stat.h>
| #endif
| #ifdef STDC_HEADERS
| # include <stdlib.h>
| # include <stddef.h>
| #else
| # ifdef HAVE_STDLIB_H
| #  include <stdlib.h>
| # endif
| #endif
| #ifdef HAVE_STRING_H
| # if !defined STDC_HEADERS && defined HAVE_MEMORY_H
| #  include <memory.h>
| # endif
| # include <string.h>
| #endif
| #ifdef HAVE_STRINGS_H
| # include <strings.h>
| #endif
| #ifdef HAVE_INTTYPES_H
| # include <inttypes.h>
| #endif
| #ifdef HAVE_STDINT_H
| # include <stdint.h>
| #endif
| #ifdef HAVE_UNISTD_H
| # include <unistd.h>
| #endif
| #include <sys/socket.h>
configure:13063: result: no
configure:13063: checking sys/socket.h presence
configure:13063: i686-w64-mingw32-gcc -std=gnu99 -E -m32 -pipe conftest.c
conftest.c:24:24: fatal error: sys/socket.h: No such file or directory
 #include <sys/socket.h>
                        ^
compilation terminated.
configure:13063: $? = 1
configure: failed program was:
| /* confdefs.h */
| #define PACKAGE_NAME "openocd"
| #define PACKAGE_TARNAME "openocd"
| #define PACKAGE_VERSION "0.10.0-dev"
| #define PACKAGE_STRING "openocd 0.10.0-dev"
| #define PACKAGE_BUGREPORT "OpenOCD Mailing List <openocd-devel@lists.sourceforge.net>"
| #define PACKAGE_URL ""
| #define PACKAGE "openocd"
| #define VERSION "0.10.0-dev"
| #define STDC_HEADERS 1
| #define HAVE_SYS_TYPES_H 1
| #define HAVE_SYS_STAT_H 1
| #define HAVE_STDLIB_H 1
| #define HAVE_STRING_H 1
| #define HAVE_MEMORY_H 1
| #define HAVE_STRINGS_H 1
| #define HAVE_INTTYPES_H 1
| #define HAVE_STDINT_H 1
| #define HAVE_UNISTD_H 1
| #define LT_OBJDIR ".libs/"
| #define HAVE_UNSIGNED_LONG_LONG_INT 1
| #define HAVE_LONG_LONG_INT 1
| /* end confdefs.h.  */
| #include <sys/socket.h>
configure:13063: result: no
configure:13063: checking for sys/socket.h
configure:13063: result: no
configure:13075: checking for arpa/inet.h
configure:13075: i686-w64-mingw32-gcc -std=gnu99 -c -g -O2 -m32 -pipe conftest.c >&5
conftest.c:38:23: fatal error: arpa/inet.h: No such file or directory
 #include <arpa/inet.h>
                       ^
compilation terminated.
configure:13075: $? = 1
configure: failed program was:
| /* confdefs.h */
| #define PACKAGE_NAME "openocd"
| #define PACKAGE_TARNAME "openocd"
| #define PACKAGE_VERSION "0.10.0-dev"
| #define PACKAGE_STRING "openocd 0.10.0-dev"
| #define PACKAGE_BUGREPORT "OpenOCD Mailing List <openocd-devel@lists.sourceforge.net>"
| #define PACKAGE_URL ""
| #define PACKAGE "openocd"
| #define VERSION "0.10.0-dev"
| #define STDC_HEADERS 1
| #define HAVE_SYS_TYPES_H 1
| #define HAVE_SYS_STAT_H 1
| #define HAVE_STDLIB_H 1
| #define HAVE_STRING_H 1
| #define HAVE_MEMORY_H 1
| #define HAVE_STRINGS_H 1
| #define HAVE_INTTYPES_H 1
| #define HAVE_STDINT_H 1
| #define HAVE_UNISTD_H 1
| #define LT_OBJDIR ".libs/"
| #define HAVE_UNSIGNED_LONG_LONG_INT 1
| #define HAVE_LONG_LONG_INT 1
| /* end confdefs.h.  */
| #include <stdio.h>
| #ifdef STDC_HEADERS
| # include <stdlib.h>
| # include <stddef.h>
| #else
| # ifdef HAVE_STDLIB_H
| #  include <stdlib.h>
| # endif
| #endif
| #ifdef HAVE_SYS_SOCKET_H
| # include <sys/socket.h>
| #endif
| 
| 
| #include <arpa/inet.h>
configure:13075: result: no
configure:13100: checking elf.h usability
configure:13100: i686-w64-mingw32-gcc -std=gnu99 -c -g -O2 -m32 -pipe conftest.c >&5
conftest.c:57:17: fatal error: elf.h: No such file or directory
 #include <elf.h>
                 ^
compilation terminated.
configure:13100: $? = 1
configure: failed program was:
| /* confdefs.h */
| #define PACKAGE_NAME "openocd"
| #define PACKAGE_TARNAME "openocd"
| #define PACKAGE_VERSION "0.10.0-dev"
| #define PACKAGE_STRING "openocd 0.10.0-dev"
| #define PACKAGE_BUGREPORT "OpenOCD Mailing List <openocd-devel@lists.sourceforge.net>"
| #define PACKAGE_URL ""
| #define PACKAGE "openocd"
| #define VERSION "0.10.0-dev"
| #define STDC_HEADERS 1
| #define HAVE_SYS_TYPES_H 1
| #define HAVE_SYS_STAT_H 1
| #define HAVE_STDLIB_H 1
| #define HAVE_STRING_H 1
| #define HAVE_MEMORY_H 1
| #define HAVE_STRINGS_H 1
| #define HAVE_INTTYPES_H 1
| #define HAVE_STDINT_H 1
| #define HAVE_UNISTD_H 1
| #define LT_OBJDIR ".libs/"
| #define HAVE_UNSIGNED_LONG_LONG_INT 1
| #define HAVE_LONG_LONG_INT 1
| /* end confdefs.h.  */
| #include <stdio.h>
| #ifdef HAVE_SYS_TYPES_H
| # include <sys/types.h>
| #endif
| #ifdef HAVE_SYS_STAT_H
| # include <sys/stat.h>
| #endif
| #ifdef STDC_HEADERS
| # include <stdlib.h>
| # include <stddef.h>
| #else
| # ifdef HAVE_STDLIB_H
| #  include <stdlib.h>
| # endif
| #endif
| #ifdef HAVE_STRING_H
| # if !defined STDC_HEADERS && defined HAVE_MEMORY_H
| #  include <memory.h>
| # endif
| # include <string.h>
| #endif
| #ifdef HAVE_STRINGS_H
| # include <strings.h>
| #endif
| #ifdef HAVE_INTTYPES_H
| # include <inttypes.h>
| #endif
| #ifdef HAVE_STDINT_H
| # include <stdint.h>
| #endif
| #ifdef HAVE_UNISTD_H
| # include <unistd.h>
| #endif
| #include <elf.h>
configure:13100: result: no
configure:13100: checking elf.h presence
configure:13100: i686-w64-mingw32-gcc -std=gnu99 -E -m32 -pipe conftest.c
conftest.c:24:17: fatal error: elf.h: No such file or directory
 #include <elf.h>
                 ^
compilation terminated.
configure:13100: $? = 1
configure: failed program was:
| /* confdefs.h */
| #define PACKAGE_NAME "openocd"
| #define PACKAGE_TARNAME "openocd"
| #define PACKAGE_VERSION "0.10.0-dev"
| #define PACKAGE_STRING "openocd 0.10.0-dev"
| #define PACKAGE_BUGREPORT "OpenOCD Mailing List <openocd-devel@lists.sourceforge.net>"
| #define PACKAGE_URL ""
| #define PACKAGE "openocd"
| #define VERSION "0.10.0-dev"
| #define STDC_HEADERS 1
| #define HAVE_SYS_TYPES_H 1
| #define HAVE_SYS_STAT_H 1
| #define HAVE_STDLIB_H 1
| #define HAVE_STRING_H 1
| #define HAVE_MEMORY_H 1
| #define HAVE_STRINGS_H 1
| #define HAVE_INTTYPES_H 1
| #define HAVE_STDINT_H 1
| #define HAVE_UNISTD_H 1
| #define LT_OBJDIR ".libs/"
| #define HAVE_UNSIGNED_LONG_LONG_INT 1
| #define HAVE_LONG_LONG_INT 1
| /* end confdefs.h.  */
| #include <elf.h>
configure:13100: result: no
configure:13100: checking for elf.h
configure:13100: result: no
configure:13112: checking dirent.h usability
configure:13112: i686-w64-mingw32-gcc -std=gnu99 -c -g -O2 -m32 -pipe conftest.c >&5
configure:13112: $? = 0
configure:13112: result: yes
configure:13112: checking dirent.h presence
configure:13112: i686-w64-mingw32-gcc -std=gnu99 -E -m32 -pipe conftest.c
configure:13112: $? = 0
configure:13112: result: yes
configure:13112: checking for dirent.h
configure:13112: result: yes
configure:13124: checking fcntl.h usability
configure:13124: i686-w64-mingw32-gcc -std=gnu99 -c -g -O2 -m32 -pipe conftest.c >&5
configure:13124: $? = 0
configure:13124: result: yes
configure:13124: checking fcntl.h presence
configure:13124: i686-w64-mingw32-gcc -std=gnu99 -E -m32 -pipe conftest.c
configure:13124: $? = 0
configure:13124: result: yes
configure:13124: checking for fcntl.h
configure:13124: result: yes
configure:13136: checking for ifaddrs.h
configure:13136: i686-w64-mingw32-gcc -std=gnu99 -c -g -O2 -m32 -pipe conftest.c >&5
conftest.c:40:21: fatal error: ifaddrs.h: No such file or directory
 #include <ifaddrs.h>
                     ^
compilation terminated.
configure:13136: $? = 1
configure: failed program was:
| /* confdefs.h */
| #define PACKAGE_NAME "openocd"
| #define PACKAGE_TARNAME "openocd"
| #define PACKAGE_VERSION "0.10.0-dev"
| #define PACKAGE_STRING "openocd 0.10.0-dev"
| #define PACKAGE_BUGREPORT "OpenOCD Mailing List <openocd-devel@lists.sourceforge.net>"
| #define PACKAGE_URL ""
| #define PACKAGE "openocd"
| #define VERSION "0.10.0-dev"
| #define STDC_HEADERS 1
| #define HAVE_SYS_TYPES_H 1
| #define HAVE_SYS_STAT_H 1
| #define HAVE_STDLIB_H 1
| #define HAVE_STRING_H 1
| #define HAVE_MEMORY_H 1
| #define HAVE_STRINGS_H 1
| #define HAVE_INTTYPES_H 1
| #define HAVE_STDINT_H 1
| #define HAVE_UNISTD_H 1
| #define LT_OBJDIR ".libs/"
| #define HAVE_UNSIGNED_LONG_LONG_INT 1
| #define HAVE_LONG_LONG_INT 1
| #define HAVE_DIRENT_H 1
| #define HAVE_FCNTL_H 1
| /* end confdefs.h.  */
| #include <stdio.h>
| #ifdef STDC_HEADERS
| # include <stdlib.h>
| # include <stddef.h>
| #else
| # ifdef HAVE_STDLIB_H
| #  include <stdlib.h>
| # endif
| #endif
| #ifdef HAVE_SYS_SOCKET_H
| # include <sys/socket.h>
| #endif
| 
| 
| #include <ifaddrs.h>
configure:13136: result: no
configure:13161: checking malloc.h usability
configure:13161: i686-w64-mingw32-gcc -std=gnu99 -c -g -O2 -m32 -pipe conftest.c >&5
configure:13161: $? = 0
configure:13161: result: yes
configure:13161: checking malloc.h presence
configure:13161: i686-w64-mingw32-gcc -std=gnu99 -E -m32 -pipe conftest.c
configure:13161: $? = 0
configure:13161: result: yes
configure:13161: checking for malloc.h
configure:13161: result: yes
configure:13173: checking netdb.h usability
configure:13173: i686-w64-mingw32-gcc -std=gnu99 -c -g -O2 -m32 -pipe conftest.c >&5
conftest.c:60:19: fatal error: netdb.h: No such file or directory
 #include <netdb.h>
                   ^
compilation terminated.
configure:13173: $? = 1
configure: failed program was:
| /* confdefs.h */
| #define PACKAGE_NAME "openocd"
| #define PACKAGE_TARNAME "openocd"
| #define PACKAGE_VERSION "0.10.0-dev"
| #define PACKAGE_STRING "openocd 0.10.0-dev"
| #define PACKAGE_BUGREPORT "OpenOCD Mailing List <openocd-devel@lists.sourceforge.net>"
| #define PACKAGE_URL ""
| #define PACKAGE "openocd"
| #define VERSION "0.10.0-dev"
| #define STDC_HEADERS 1
| #define HAVE_SYS_TYPES_H 1
| #define HAVE_SYS_STAT_H 1
| #define HAVE_STDLIB_H 1
| #define HAVE_STRING_H 1
| #define HAVE_MEMORY_H 1
| #define HAVE_STRINGS_H 1
| #define HAVE_INTTYPES_H 1
| #define HAVE_STDINT_H 1
| #define HAVE_UNISTD_H 1
| #define LT_OBJDIR ".libs/"
| #define HAVE_UNSIGNED_LONG_LONG_INT 1
| #define HAVE_LONG_LONG_INT 1
| #define HAVE_DIRENT_H 1
| #define HAVE_FCNTL_H 1
| #define HAVE_MALLOC_H 1
| /* end confdefs.h.  */
| #include <stdio.h>
| #ifdef HAVE_SYS_TYPES_H
| # include <sys/types.h>
| #endif
| #ifdef HAVE_SYS_STAT_H
| # include <sys/stat.h>
| #endif
| #ifdef STDC_HEADERS
| # include <stdlib.h>
| # include <stddef.h>
| #else
| # ifdef HAVE_STDLIB_H
| #  include <stdlib.h>
| # endif
| #endif
| #ifdef HAVE_STRING_H
| # if !defined STDC_HEADERS && defined HAVE_MEMORY_H
| #  include <memory.h>
| # endif
| # include <string.h>
| #endif
| #ifdef HAVE_STRINGS_H
| # include <strings.h>
| #endif
| #ifdef HAVE_INTTYPES_H
| # include <inttypes.h>
| #endif
| #ifdef HAVE_STDINT_H
| # include <stdint.h>
| #endif
| #ifdef HAVE_UNISTD_H
| # include <unistd.h>
| #endif
| #include <netdb.h>
configure:13173: result: no
configure:13173: checking netdb.h presence
configure:13173: i686-w64-mingw32-gcc -std=gnu99 -E -m32 -pipe conftest.c
conftest.c:27:19: fatal error: netdb.h: No such file or directory
 #include <netdb.h>
                   ^
compilation terminated.
configure:13173: $? = 1
configure: failed program was:
| /* confdefs.h */
| #define PACKAGE_NAME "openocd"
| #define PACKAGE_TARNAME "openocd"
| #define PACKAGE_VERSION "0.10.0-dev"
| #define PACKAGE_STRING "openocd 0.10.0-dev"
| #define PACKAGE_BUGREPORT "OpenOCD Mailing List <openocd-devel@lists.sourceforge.net>"
| #define PACKAGE_URL ""
| #define PACKAGE "openocd"
| #define VERSION "0.10.0-dev"
| #define STDC_HEADERS 1
| #define HAVE_SYS_TYPES_H 1
| #define HAVE_SYS_STAT_H 1
| #define HAVE_STDLIB_H 1
| #define HAVE_STRING_H 1
| #define HAVE_MEMORY_H 1
| #define HAVE_STRINGS_H 1
| #define HAVE_INTTYPES_H 1
| #define HAVE_STDINT_H 1
| #define HAVE_UNISTD_H 1
| #define LT_OBJDIR ".libs/"
| #define HAVE_UNSIGNED_LONG_LONG_INT 1
| #define HAVE_LONG_LONG_INT 1
| #define HAVE_DIRENT_H 1
| #define HAVE_FCNTL_H 1
| #define HAVE_MALLOC_H 1
| /* end confdefs.h.  */
| #include <netdb.h>
configure:13173: result: no
configure:13173: checking for netdb.h
configure:13173: result: no
configure:13185: checking for netinet/in.h
configure:13185: i686-w64-mingw32-gcc -std=gnu99 -c -g -O2 -m32 -pipe conftest.c >&5
conftest.c:41:24: fatal error: netinet/in.h: No such file or directory
 #include <netinet/in.h>
                        ^
compilation terminated.
configure:13185: $? = 1
configure: failed program was:
| /* confdefs.h */
| #define PACKAGE_NAME "openocd"
| #define PACKAGE_TARNAME "openocd"
| #define PACKAGE_VERSION "0.10.0-dev"
| #define PACKAGE_STRING "openocd 0.10.0-dev"
| #define PACKAGE_BUGREPORT "OpenOCD Mailing List <openocd-devel@lists.sourceforge.net>"
| #define PACKAGE_URL ""
| #define PACKAGE "openocd"
| #define VERSION "0.10.0-dev"
| #define STDC_HEADERS 1
| #define HAVE_SYS_TYPES_H 1
| #define HAVE_SYS_STAT_H 1
| #define HAVE_STDLIB_H 1
| #define HAVE_STRING_H 1
| #define HAVE_MEMORY_H 1
| #define HAVE_STRINGS_H 1
| #define HAVE_INTTYPES_H 1
| #define HAVE_STDINT_H 1
| #define HAVE_UNISTD_H 1
| #define LT_OBJDIR ".libs/"
| #define HAVE_UNSIGNED_LONG_LONG_INT 1
| #define HAVE_LONG_LONG_INT 1
| #define HAVE_DIRENT_H 1
| #define HAVE_FCNTL_H 1
| #define HAVE_MALLOC_H 1
| /* end confdefs.h.  */
| #include <stdio.h>
| #ifdef STDC_HEADERS
| # include <stdlib.h>
| # include <stddef.h>
| #else
| # ifdef HAVE_STDLIB_H
| #  include <stdlib.h>
| # endif
| #endif
| #ifdef HAVE_SYS_SOCKET_H
| # include <sys/socket.h>
| #endif
| 
| 
| #include <netinet/in.h>
configure:13185: result: no
configure:13210: checking for netinet/tcp.h
configure:13210: i686-w64-mingw32-gcc -std=gnu99 -c -g -O2 -m32 -pipe conftest.c >&5
conftest.c:41:25: fatal error: netinet/tcp.h: No such file or directory
 #include <netinet/tcp.h>
                         ^
compilation terminated.
configure:13210: $? = 1
configure: failed program was:
| /* confdefs.h */
| #define PACKAGE_NAME "openocd"
| #define PACKAGE_TARNAME "openocd"
| #define PACKAGE_VERSION "0.10.0-dev"
| #define PACKAGE_STRING "openocd 0.10.0-dev"
| #define PACKAGE_BUGREPORT "OpenOCD Mailing List <openocd-devel@lists.sourceforge.net>"
| #define PACKAGE_URL ""
| #define PACKAGE "openocd"
| #define VERSION "0.10.0-dev"
| #define STDC_HEADERS 1
| #define HAVE_SYS_TYPES_H 1
| #define HAVE_SYS_STAT_H 1
| #define HAVE_STDLIB_H 1
| #define HAVE_STRING_H 1
| #define HAVE_MEMORY_H 1
| #define HAVE_STRINGS_H 1
| #define HAVE_INTTYPES_H 1
| #define HAVE_STDINT_H 1
| #define HAVE_UNISTD_H 1
| #define LT_OBJDIR ".libs/"
| #define HAVE_UNSIGNED_LONG_LONG_INT 1
| #define HAVE_LONG_LONG_INT 1
| #define HAVE_DIRENT_H 1
| #define HAVE_FCNTL_H 1
| #define HAVE_MALLOC_H 1
| /* end confdefs.h.  */
| #include <stdio.h>
| #ifdef STDC_HEADERS
| # include <stdlib.h>
| # include <stddef.h>
| #else
| # ifdef HAVE_STDLIB_H
| #  include <stdlib.h>
| # endif
| #endif
| #ifdef HAVE_SYS_SOCKET_H
| # include <sys/socket.h>
| #endif
| 
| 
| #include <netinet/tcp.h>
configure:13210: result: no
configure:13235: checking pthread.h usability
configure:13235: i686-w64-mingw32-gcc -std=gnu99 -c -g -O2 -m32 -pipe conftest.c >&5
configure:13235: $? = 0
configure:13235: result: yes
configure:13235: checking pthread.h presence
configure:13235: i686-w64-mingw32-gcc -std=gnu99 -E -m32 -pipe conftest.c
configure:13235: $? = 0
configure:13235: result: yes
configure:13235: checking for pthread.h
configure:13235: result: yes
configure:13247: checking for strings.h
configure:13247: result: yes
configure:13259: checking sys/ioctl.h usability
configure:13259: i686-w64-mingw32-gcc -std=gnu99 -c -g -O2 -m32 -pipe conftest.c >&5
conftest.c:62:23: fatal error: sys/ioctl.h: No such file or directory
 #include <sys/ioctl.h>
                       ^
compilation terminated.
configure:13259: $? = 1
configure: failed program was:
| /* confdefs.h */
| #define PACKAGE_NAME "openocd"
| #define PACKAGE_TARNAME "openocd"
| #define PACKAGE_VERSION "0.10.0-dev"
| #define PACKAGE_STRING "openocd 0.10.0-dev"
| #define PACKAGE_BUGREPORT "OpenOCD Mailing List <openocd-devel@lists.sourceforge.net>"
| #define PACKAGE_URL ""
| #define PACKAGE "openocd"
| #define VERSION "0.10.0-dev"
| #define STDC_HEADERS 1
| #define HAVE_SYS_TYPES_H 1
| #define HAVE_SYS_STAT_H 1
| #define HAVE_STDLIB_H 1
| #define HAVE_STRING_H 1
| #define HAVE_MEMORY_H 1
| #define HAVE_STRINGS_H 1
| #define HAVE_INTTYPES_H 1
| #define HAVE_STDINT_H 1
| #define HAVE_UNISTD_H 1
| #define LT_OBJDIR ".libs/"
| #define HAVE_UNSIGNED_LONG_LONG_INT 1
| #define HAVE_LONG_LONG_INT 1
| #define HAVE_DIRENT_H 1
| #define HAVE_FCNTL_H 1
| #define HAVE_MALLOC_H 1
| #define HAVE_PTHREAD_H 1
| #define HAVE_STRINGS_H 1
| /* end confdefs.h.  */
| #include <stdio.h>
| #ifdef HAVE_SYS_TYPES_H
| # include <sys/types.h>
| #endif
| #ifdef HAVE_SYS_STAT_H
| # include <sys/stat.h>
| #endif
| #ifdef STDC_HEADERS
| # include <stdlib.h>
| # include <stddef.h>
| #else
| # ifdef HAVE_STDLIB_H
| #  include <stdlib.h>
| # endif
| #endif
| #ifdef HAVE_STRING_H
| # if !defined STDC_HEADERS && defined HAVE_MEMORY_H
| #  include <memory.h>
| # endif
| # include <string.h>
| #endif
| #ifdef HAVE_STRINGS_H
| # include <strings.h>
| #endif
| #ifdef HAVE_INTTYPES_H
| # include <inttypes.h>
| #endif
| #ifdef HAVE_STDINT_H
| # include <stdint.h>
| #endif
| #ifdef HAVE_UNISTD_H
| # include <unistd.h>
| #endif
| #include <sys/ioctl.h>
configure:13259: result: no
configure:13259: checking sys/ioctl.h presence
configure:13259: i686-w64-mingw32-gcc -std=gnu99 -E -m32 -pipe conftest.c
conftest.c:29:23: fatal error: sys/ioctl.h: No such file or directory
 #include <sys/ioctl.h>
                       ^
compilation terminated.
configure:13259: $? = 1
configure: failed program was:
| /* confdefs.h */
| #define PACKAGE_NAME "openocd"
| #define PACKAGE_TARNAME "openocd"
| #define PACKAGE_VERSION "0.10.0-dev"
| #define PACKAGE_STRING "openocd 0.10.0-dev"
| #define PACKAGE_BUGREPORT "OpenOCD Mailing List <openocd-devel@lists.sourceforge.net>"
| #define PACKAGE_URL ""
| #define PACKAGE "openocd"
| #define VERSION "0.10.0-dev"
| #define STDC_HEADERS 1
| #define HAVE_SYS_TYPES_H 1
| #define HAVE_SYS_STAT_H 1
| #define HAVE_STDLIB_H 1
| #define HAVE_STRING_H 1
| #define HAVE_MEMORY_H 1
| #define HAVE_STRINGS_H 1
| #define HAVE_INTTYPES_H 1
| #define HAVE_STDINT_H 1
| #define HAVE_UNISTD_H 1
| #define LT_OBJDIR ".libs/"
| #define HAVE_UNSIGNED_LONG_LONG_INT 1
| #define HAVE_LONG_LONG_INT 1
| #define HAVE_DIRENT_H 1
| #define HAVE_FCNTL_H 1
| #define HAVE_MALLOC_H 1
| #define HAVE_PTHREAD_H 1
| #define HAVE_STRINGS_H 1
| /* end confdefs.h.  */
| #include <sys/ioctl.h>
configure:13259: result: no
configure:13259: checking for sys/ioctl.h
configure:13259: result: no
configure:13271: checking sys/param.h usability
configure:13271: i686-w64-mingw32-gcc -std=gnu99 -c -g -O2 -m32 -pipe conftest.c >&5
configure:13271: $? = 0
configure:13271: result: yes
configure:13271: checking sys/param.h presence
configure:13271: i686-w64-mingw32-gcc -std=gnu99 -E -m32 -pipe conftest.c
configure:13271: $? = 0
configure:13271: result: yes
configure:13271: checking for sys/param.h
configure:13271: result: yes
configure:13283: checking sys/poll.h usability
configure:13283: i686-w64-mingw32-gcc -std=gnu99 -c -g -O2 -m32 -pipe conftest.c >&5
conftest.c:63:22: fatal error: sys/poll.h: No such file or directory
 #include <sys/poll.h>
                      ^
compilation terminated.
configure:13283: $? = 1
configure: failed program was:
| /* confdefs.h */
| #define PACKAGE_NAME "openocd"
| #define PACKAGE_TARNAME "openocd"
| #define PACKAGE_VERSION "0.10.0-dev"
| #define PACKAGE_STRING "openocd 0.10.0-dev"
| #define PACKAGE_BUGREPORT "OpenOCD Mailing List <openocd-devel@lists.sourceforge.net>"
| #define PACKAGE_URL ""
| #define PACKAGE "openocd"
| #define VERSION "0.10.0-dev"
| #define STDC_HEADERS 1
| #define HAVE_SYS_TYPES_H 1
| #define HAVE_SYS_STAT_H 1
| #define HAVE_STDLIB_H 1
| #define HAVE_STRING_H 1
| #define HAVE_MEMORY_H 1
| #define HAVE_STRINGS_H 1
| #define HAVE_INTTYPES_H 1
| #define HAVE_STDINT_H 1
| #define HAVE_UNISTD_H 1
| #define LT_OBJDIR ".libs/"
| #define HAVE_UNSIGNED_LONG_LONG_INT 1
| #define HAVE_LONG_LONG_INT 1
| #define HAVE_DIRENT_H 1
| #define HAVE_FCNTL_H 1
| #define HAVE_MALLOC_H 1
| #define HAVE_PTHREAD_H 1
| #define HAVE_STRINGS_H 1
| #define HAVE_SYS_PARAM_H 1
| /* end confdefs.h.  */
| #include <stdio.h>
| #ifdef HAVE_SYS_TYPES_H
| # include <sys/types.h>
| #endif
| #ifdef HAVE_SYS_STAT_H
| # include <sys/stat.h>
| #endif
| #ifdef STDC_HEADERS
| # include <stdlib.h>
| # include <stddef.h>
| #else
| # ifdef HAVE_STDLIB_H
| #  include <stdlib.h>
| # endif
| #endif
| #ifdef HAVE_STRING_H
| # if !defined STDC_HEADERS && defined HAVE_MEMORY_H
| #  include <memory.h>
| # endif
| # include <string.h>
| #endif
| #ifdef HAVE_STRINGS_H
| # include <strings.h>
| #endif
| #ifdef HAVE_INTTYPES_H
| # include <inttypes.h>
| #endif
| #ifdef HAVE_STDINT_H
| # include <stdint.h>
| #endif
| #ifdef HAVE_UNISTD_H
| # include <unistd.h>
| #endif
| #include <sys/poll.h>
configure:13283: result: no
configure:13283: checking sys/poll.h presence
configure:13283: i686-w64-mingw32-gcc -std=gnu99 -E -m32 -pipe conftest.c
conftest.c:30:22: fatal error: sys/poll.h: No such file or directory
 #include <sys/poll.h>
                      ^
compilation terminated.
configure:13283: $? = 1
configure: failed program was:
| /* confdefs.h */
| #define PACKAGE_NAME "openocd"
| #define PACKAGE_TARNAME "openocd"
| #define PACKAGE_VERSION "0.10.0-dev"
| #define PACKAGE_STRING "openocd 0.10.0-dev"
| #define PACKAGE_BUGREPORT "OpenOCD Mailing List <openocd-devel@lists.sourceforge.net>"
| #define PACKAGE_URL ""
| #define PACKAGE "openocd"
| #define VERSION "0.10.0-dev"
| #define STDC_HEADERS 1
| #define HAVE_SYS_TYPES_H 1
| #define HAVE_SYS_STAT_H 1
| #define HAVE_STDLIB_H 1
| #define HAVE_STRING_H 1
| #define HAVE_MEMORY_H 1
| #define HAVE_STRINGS_H 1
| #define HAVE_INTTYPES_H 1
| #define HAVE_STDINT_H 1
| #define HAVE_UNISTD_H 1
| #define LT_OBJDIR ".libs/"
| #define HAVE_UNSIGNED_LONG_LONG_INT 1
| #define HAVE_LONG_LONG_INT 1
| #define HAVE_DIRENT_H 1
| #define HAVE_FCNTL_H 1
| #define HAVE_MALLOC_H 1
| #define HAVE_PTHREAD_H 1
| #define HAVE_STRINGS_H 1
| #define HAVE_SYS_PARAM_H 1
| /* end confdefs.h.  */
| #include <sys/poll.h>
configure:13283: result: no
configure:13283: checking for sys/poll.h
configure:13283: result: no
configure:13295: checking sys/select.h usability
configure:13295: i686-w64-mingw32-gcc -std=gnu99 -c -g -O2 -m32 -pipe conftest.c >&5
conftest.c:63:24: fatal error: sys/select.h: No such file or directory
 #include <sys/select.h>
                        ^
compilation terminated.
configure:13295: $? = 1
configure: failed program was:
| /* confdefs.h */
| #define PACKAGE_NAME "openocd"
| #define PACKAGE_TARNAME "openocd"
| #define PACKAGE_VERSION "0.10.0-dev"
| #define PACKAGE_STRING "openocd 0.10.0-dev"
| #define PACKAGE_BUGREPORT "OpenOCD Mailing List <openocd-devel@lists.sourceforge.net>"
| #define PACKAGE_URL ""
| #define PACKAGE "openocd"
| #define VERSION "0.10.0-dev"
| #define STDC_HEADERS 1
| #define HAVE_SYS_TYPES_H 1
| #define HAVE_SYS_STAT_H 1
| #define HAVE_STDLIB_H 1
| #define HAVE_STRING_H 1
| #define HAVE_MEMORY_H 1
| #define HAVE_STRINGS_H 1
| #define HAVE_INTTYPES_H 1
| #define HAVE_STDINT_H 1
| #define HAVE_UNISTD_H 1
| #define LT_OBJDIR ".libs/"
| #define HAVE_UNSIGNED_LONG_LONG_INT 1
| #define HAVE_LONG_LONG_INT 1
| #define HAVE_DIRENT_H 1
| #define HAVE_FCNTL_H 1
| #define HAVE_MALLOC_H 1
| #define HAVE_PTHREAD_H 1
| #define HAVE_STRINGS_H 1
| #define HAVE_SYS_PARAM_H 1
| /* end confdefs.h.  */
| #include <stdio.h>
| #ifdef HAVE_SYS_TYPES_H
| # include <sys/types.h>
| #endif
| #ifdef HAVE_SYS_STAT_H
| # include <sys/stat.h>
| #endif
| #ifdef STDC_HEADERS
| # include <stdlib.h>
| # include <stddef.h>
| #else
| # ifdef HAVE_STDLIB_H
| #  include <stdlib.h>
| # endif
| #endif
| #ifdef HAVE_STRING_H
| # if !defined STDC_HEADERS && defined HAVE_MEMORY_H
| #  include <memory.h>
| # endif
| # include <string.h>
| #endif
| #ifdef HAVE_STRINGS_H
| # include <strings.h>
| #endif
| #ifdef HAVE_INTTYPES_H
| # include <inttypes.h>
| #endif
| #ifdef HAVE_STDINT_H
| # include <stdint.h>
| #endif
| #ifdef HAVE_UNISTD_H
| # include <unistd.h>
| #endif
| #include <sys/select.h>
configure:13295: result: no
configure:13295: checking sys/select.h presence
configure:13295: i686-w64-mingw32-gcc -std=gnu99 -E -m32 -pipe conftest.c
conftest.c:30:24: fatal error: sys/select.h: No such file or directory
 #include <sys/select.h>
                        ^
compilation terminated.
configure:13295: $? = 1
configure: failed program was:
| /* confdefs.h */
| #define PACKAGE_NAME "openocd"
| #define PACKAGE_TARNAME "openocd"
| #define PACKAGE_VERSION "0.10.0-dev"
| #define PACKAGE_STRING "openocd 0.10.0-dev"
| #define PACKAGE_BUGREPORT "OpenOCD Mailing List <openocd-devel@lists.sourceforge.net>"
| #define PACKAGE_URL ""
| #define PACKAGE "openocd"
| #define VERSION "0.10.0-dev"
| #define STDC_HEADERS 1
| #define HAVE_SYS_TYPES_H 1
| #define HAVE_SYS_STAT_H 1
| #define HAVE_STDLIB_H 1
| #define HAVE_STRING_H 1
| #define HAVE_MEMORY_H 1
| #define HAVE_STRINGS_H 1
| #define HAVE_INTTYPES_H 1
| #define HAVE_STDINT_H 1
| #define HAVE_UNISTD_H 1
| #define LT_OBJDIR ".libs/"
| #define HAVE_UNSIGNED_LONG_LONG_INT 1
| #define HAVE_LONG_LONG_INT 1
| #define HAVE_DIRENT_H 1
| #define HAVE_FCNTL_H 1
| #define HAVE_MALLOC_H 1
| #define HAVE_PTHREAD_H 1
| #define HAVE_STRINGS_H 1
| #define HAVE_SYS_PARAM_H 1
| /* end confdefs.h.  */
| #include <sys/select.h>
configure:13295: result: no
configure:13295: checking for sys/select.h
configure:13295: result: no
configure:13307: checking for sys/stat.h
configure:13307: result: yes
configure:13319: checking sys/time.h usability
configure:13319: i686-w64-mingw32-gcc -std=gnu99 -c -g -O2 -m32 -pipe conftest.c >&5
configure:13319: $? = 0
configure:13319: result: yes
configure:13319: checking sys/time.h presence
configure:13319: i686-w64-mingw32-gcc -std=gnu99 -E -m32 -pipe conftest.c
configure:13319: $? = 0
configure:13319: result: yes
configure:13319: checking for sys/time.h
configure:13319: result: yes
configure:13331: checking for sys/types.h
configure:13331: result: yes
configure:13343: checking for unistd.h
configure:13343: result: yes
configure:13355: checking for net/if.h
configure:13355: i686-w64-mingw32-gcc -std=gnu99 -c -g -O2 -m32 -pipe conftest.c >&5
conftest.c:48:20: fatal error: net/if.h: No such file or directory
 #include <net/if.h>
                    ^
compilation terminated.
configure:13355: $? = 1
configure: failed program was:
| /* confdefs.h */
| #define PACKAGE_NAME "openocd"
| #define PACKAGE_TARNAME "openocd"
| #define PACKAGE_VERSION "0.10.0-dev"
| #define PACKAGE_STRING "openocd 0.10.0-dev"
| #define PACKAGE_BUGREPORT "OpenOCD Mailing List <openocd-devel@lists.sourceforge.net>"
| #define PACKAGE_URL ""
| #define PACKAGE "openocd"
| #define VERSION "0.10.0-dev"
| #define STDC_HEADERS 1
| #define HAVE_SYS_TYPES_H 1
| #define HAVE_SYS_STAT_H 1
| #define HAVE_STDLIB_H 1
| #define HAVE_STRING_H 1
| #define HAVE_MEMORY_H 1
| #define HAVE_STRINGS_H 1
| #define HAVE_INTTYPES_H 1
| #define HAVE_STDINT_H 1
| #define HAVE_UNISTD_H 1
| #define LT_OBJDIR ".libs/"
| #define HAVE_UNSIGNED_LONG_LONG_INT 1
| #define HAVE_LONG_LONG_INT 1
| #define HAVE_DIRENT_H 1
| #define HAVE_FCNTL_H 1
| #define HAVE_MALLOC_H 1
| #define HAVE_PTHREAD_H 1
| #define HAVE_STRINGS_H 1
| #define HAVE_SYS_PARAM_H 1
| #define HAVE_SYS_STAT_H 1
| #define HAVE_SYS_TIME_H 1
| #define HAVE_SYS_TYPES_H 1
| #define HAVE_UNISTD_H 1
| /* end confdefs.h.  */
| #include <stdio.h>
| #ifdef STDC_HEADERS
| # include <stdlib.h>
| # include <stddef.h>
| #else
| # ifdef HAVE_STDLIB_H
| #  include <stdlib.h>
| # endif
| #endif
| #ifdef HAVE_SYS_SOCKET_H
| # include <sys/socket.h>
| #endif
| 
| 
| #include <net/if.h>
configure:13355: result: no
configure:13380: checking whether to enable assertions
configure:13398: result: yes
configure:13401: checking for stdbool.h that conforms to C99
configure:13468: i686-w64-mingw32-gcc -std=gnu99 -c -g -O2 -m32 -pipe conftest.c >&5
configure:13468: $? = 0
configure:13475: result: yes
configure:13477: checking for _Bool
configure:13477: i686-w64-mingw32-gcc -std=gnu99 -c -g -O2 -m32 -pipe conftest.c >&5
configure:13477: $? = 0
configure:13477: i686-w64-mingw32-gcc -std=gnu99 -c -g -O2 -m32 -pipe conftest.c >&5
conftest.c: In function 'main':
conftest.c:70:20: error: expected expression before ')' token
 if (sizeof ((_Bool)))
                    ^
configure:13477: $? = 1
configure: failed program was:
| /* confdefs.h */
| #define PACKAGE_NAME "openocd"
| #define PACKAGE_TARNAME "openocd"
| #define PACKAGE_VERSION "0.10.0-dev"
| #define PACKAGE_STRING "openocd 0.10.0-dev"
| #define PACKAGE_BUGREPORT "OpenOCD Mailing List <openocd-devel@lists.sourceforge.net>"
| #define PACKAGE_URL ""
| #define PACKAGE "openocd"
| #define VERSION "0.10.0-dev"
| #define STDC_HEADERS 1
| #define HAVE_SYS_TYPES_H 1
| #define HAVE_SYS_STAT_H 1
| #define HAVE_STDLIB_H 1
| #define HAVE_STRING_H 1
| #define HAVE_MEMORY_H 1
| #define HAVE_STRINGS_H 1
| #define HAVE_INTTYPES_H 1
| #define HAVE_STDINT_H 1
| #define HAVE_UNISTD_H 1
| #define LT_OBJDIR ".libs/"
| #define HAVE_UNSIGNED_LONG_LONG_INT 1
| #define HAVE_LONG_LONG_INT 1
| #define HAVE_DIRENT_H 1
| #define HAVE_FCNTL_H 1
| #define HAVE_MALLOC_H 1
| #define HAVE_PTHREAD_H 1
| #define HAVE_STRINGS_H 1
| #define HAVE_SYS_PARAM_H 1
| #define HAVE_SYS_STAT_H 1
| #define HAVE_SYS_TIME_H 1
| #define HAVE_SYS_TYPES_H 1
| #define HAVE_UNISTD_H 1
| /* end confdefs.h.  */
| #include <stdio.h>
| #ifdef HAVE_SYS_TYPES_H
| # include <sys/types.h>
| #endif
| #ifdef HAVE_SYS_STAT_H
| # include <sys/stat.h>
| #endif
| #ifdef STDC_HEADERS
| # include <stdlib.h>
| # include <stddef.h>
| #else
| # ifdef HAVE_STDLIB_H
| #  include <stdlib.h>
| # endif
| #endif
| #ifdef HAVE_STRING_H
| # if !defined STDC_HEADERS && defined HAVE_MEMORY_H
| #  include <memory.h>
| # endif
| # include <string.h>
| #endif
| #ifdef HAVE_STRINGS_H
| # include <strings.h>
| #endif
| #ifdef HAVE_INTTYPES_H
| # include <inttypes.h>
| #endif
| #ifdef HAVE_STDINT_H
| # include <stdint.h>
| #endif
| #ifdef HAVE_UNISTD_H
| # include <unistd.h>
| #endif
| int
| main ()
| {
| if (sizeof ((_Bool)))
| 	    return 0;
|   ;
|   return 0;
| }
configure:13477: result: yes
configure:13494: checking whether time.h and sys/time.h may both be included
configure:13514: i686-w64-mingw32-gcc -std=gnu99 -c -g -O2 -m32 -pipe conftest.c >&5
configure:13514: $? = 0
configure:13521: result: yes
configure:13530: checking whether byte ordering is bigendian
configure:13545: i686-w64-mingw32-gcc -std=gnu99 -c -g -O2 -m32 -pipe conftest.c >&5
conftest.c:38:9: error: unknown type name 'not'
         not a universal capable compiler
         ^
conftest.c:38:15: error: expected '=', ',', ';', 'asm' or '__attribute__' before 'universal'
         not a universal capable compiler
               ^
conftest.c:38:15: error: unknown type name 'universal'
configure:13545: $? = 1
configure: failed program was:
| /* confdefs.h */
| #define PACKAGE_NAME "openocd"
| #define PACKAGE_TARNAME "openocd"
| #define PACKAGE_VERSION "0.10.0-dev"
| #define PACKAGE_STRING "openocd 0.10.0-dev"
| #define PACKAGE_BUGREPORT "OpenOCD Mailing List <openocd-devel@lists.sourceforge.net>"
| #define PACKAGE_URL ""
| #define PACKAGE "openocd"
| #define VERSION "0.10.0-dev"
| #define STDC_HEADERS 1
| #define HAVE_SYS_TYPES_H 1
| #define HAVE_SYS_STAT_H 1
| #define HAVE_STDLIB_H 1
| #define HAVE_STRING_H 1
| #define HAVE_MEMORY_H 1
| #define HAVE_STRINGS_H 1
| #define HAVE_INTTYPES_H 1
| #define HAVE_STDINT_H 1
| #define HAVE_UNISTD_H 1
| #define LT_OBJDIR ".libs/"
| #define HAVE_UNSIGNED_LONG_LONG_INT 1
| #define HAVE_LONG_LONG_INT 1
| #define HAVE_DIRENT_H 1
| #define HAVE_FCNTL_H 1
| #define HAVE_MALLOC_H 1
| #define HAVE_PTHREAD_H 1
| #define HAVE_STRINGS_H 1
| #define HAVE_SYS_PARAM_H 1
| #define HAVE_SYS_STAT_H 1
| #define HAVE_SYS_TIME_H 1
| #define HAVE_SYS_TYPES_H 1
| #define HAVE_UNISTD_H 1
| #define HAVE__BOOL 1
| #define HAVE_STDBOOL_H 1
| #define TIME_WITH_SYS_TIME 1
| /* end confdefs.h.  */
| #ifndef __APPLE_CC__
| 	       not a universal capable compiler
| 	     #endif
| 	     typedef int dummy;
| 
configure:13590: i686-w64-mingw32-gcc -std=gnu99 -c -g -O2 -m32 -pipe conftest.c >&5
configure:13590: $? = 0
configure:13608: i686-w64-mingw32-gcc -std=gnu99 -c -g -O2 -m32 -pipe conftest.c >&5
conftest.c: In function 'main':
conftest.c:44:4: error: unknown type name 'not'
    not big endian
    ^
conftest.c:44:12: error: expected '=', ',', ';', 'asm' or '__attribute__' before 'endian'
    not big endian
            ^
configure:13608: $? = 1
configure: failed program was:
| /* confdefs.h */
| #define PACKAGE_NAME "openocd"
| #define PACKAGE_TARNAME "openocd"
| #define PACKAGE_VERSION "0.10.0-dev"
| #define PACKAGE_STRING "openocd 0.10.0-dev"
| #define PACKAGE_BUGREPORT "OpenOCD Mailing List <openocd-devel@lists.sourceforge.net>"
| #define PACKAGE_URL ""
| #define PACKAGE "openocd"
| #define VERSION "0.10.0-dev"
| #define STDC_HEADERS 1
| #define HAVE_SYS_TYPES_H 1
| #define HAVE_SYS_STAT_H 1
| #define HAVE_STDLIB_H 1
| #define HAVE_STRING_H 1
| #define HAVE_MEMORY_H 1
| #define HAVE_STRINGS_H 1
| #define HAVE_INTTYPES_H 1
| #define HAVE_STDINT_H 1
| #define HAVE_UNISTD_H 1
| #define LT_OBJDIR ".libs/"
| #define HAVE_UNSIGNED_LONG_LONG_INT 1
| #define HAVE_LONG_LONG_INT 1
| #define HAVE_DIRENT_H 1
| #define HAVE_FCNTL_H 1
| #define HAVE_MALLOC_H 1
| #define HAVE_PTHREAD_H 1
| #define HAVE_STRINGS_H 1
| #define HAVE_SYS_PARAM_H 1
| #define HAVE_SYS_STAT_H 1
| #define HAVE_SYS_TIME_H 1
| #define HAVE_SYS_TYPES_H 1
| #define HAVE_UNISTD_H 1
| #define HAVE__BOOL 1
| #define HAVE_STDBOOL_H 1
| #define TIME_WITH_SYS_TIME 1
| /* end confdefs.h.  */
| #include <sys/types.h>
| 		#include <sys/param.h>
| 
| int
| main ()
| {
| #if BYTE_ORDER != BIG_ENDIAN
| 		 not big endian
| 		#endif
| 
|   ;
|   return 0;
| }
configure:13736: result: no
configure:13757: checking for strndup
configure:13757: i686-w64-mingw32-gcc -std=gnu99 -o conftest.exe -g -O2 -m32 -pipe  conftest.c  >&5
conftest.c:60:6: warning: conflicting types for built-in function 'strndup'
 char strndup ();
      ^
/tmp/ccHRhLAn.o: In function `main':
/Host/Work/openocd/build/win32/openocd/conftest.c:71: undefined reference to `strndup'
collect2: error: ld returned 1 exit status
configure:13757: $? = 1
configure: failed program was:
| /* confdefs.h */
| #define PACKAGE_NAME "openocd"
| #define PACKAGE_TARNAME "openocd"
| #define PACKAGE_VERSION "0.10.0-dev"
| #define PACKAGE_STRING "openocd 0.10.0-dev"
| #define PACKAGE_BUGREPORT "OpenOCD Mailing List <openocd-devel@lists.sourceforge.net>"
| #define PACKAGE_URL ""
| #define PACKAGE "openocd"
| #define VERSION "0.10.0-dev"
| #define STDC_HEADERS 1
| #define HAVE_SYS_TYPES_H 1
| #define HAVE_SYS_STAT_H 1
| #define HAVE_STDLIB_H 1
| #define HAVE_STRING_H 1
| #define HAVE_MEMORY_H 1
| #define HAVE_STRINGS_H 1
| #define HAVE_INTTYPES_H 1
| #define HAVE_STDINT_H 1
| #define HAVE_UNISTD_H 1
| #define LT_OBJDIR ".libs/"
| #define HAVE_UNSIGNED_LONG_LONG_INT 1
| #define HAVE_LONG_LONG_INT 1
| #define HAVE_DIRENT_H 1
| #define HAVE_FCNTL_H 1
| #define HAVE_MALLOC_H 1
| #define HAVE_PTHREAD_H 1
| #define HAVE_STRINGS_H 1
| #define HAVE_SYS_PARAM_H 1
| #define HAVE_SYS_STAT_H 1
| #define HAVE_SYS_TIME_H 1
| #define HAVE_SYS_TYPES_H 1
| #define HAVE_UNISTD_H 1
| #define HAVE__BOOL 1
| #define HAVE_STDBOOL_H 1
| #define TIME_WITH_SYS_TIME 1
| /* end confdefs.h.  */
| /* Define strndup to an innocuous variant, in case <limits.h> declares strndup.
|    For example, HP-UX 11i <limits.h> declares gettimeofday.  */
| #define strndup innocuous_strndup
| 
| /* System header to define __stub macros and hopefully few prototypes,
|     which can conflict with char strndup (); below.
|     Prefer <limits.h> to <assert.h> if __STDC__ is defined, since
|     <limits.h> exists even on freestanding compilers.  */
| 
| #ifdef __STDC__
| # include <limits.h>
| #else
| # include <assert.h>
| #endif
| 
| #undef strndup
| 
| /* Override any GCC internal prototype to avoid an error.
|    Use char because int might match the return type of a GCC
|    builtin and then its argument prototype would still apply.  */
| #ifdef __cplusplus
| extern "C"
| #endif
| char strndup ();
| /* The GNU C library defines this for functions which it implements
|     to always fail with ENOSYS.  Some functions are actually named
|     something starting with __ and the normal name is an alias.  */
| #if defined __stub_strndup || defined __stub___strndup
| choke me
| #endif
| 
| int
| main ()
| {
| return strndup ();
|   ;
|   return 0;
| }
configure:13757: result: no
configure:13768: checking for strnlen
configure:13768: i686-w64-mingw32-gcc -std=gnu99 -o conftest.exe -g -O2 -m32 -pipe  conftest.c  >&5
configure:13768: $? = 0
configure:13768: result: yes
configure:13779: checking for gettimeofday
configure:13779: i686-w64-mingw32-gcc -std=gnu99 -o conftest.exe -g -O2 -m32 -pipe  conftest.c  >&5
configure:13779: $? = 0
configure:13779: result: yes
configure:13790: checking for usleep
configure:13790: i686-w64-mingw32-gcc -std=gnu99 -o conftest.exe -g -O2 -m32 -pipe  conftest.c  >&5
configure:13790: $? = 0
configure:13790: result: yes
configure:13801: checking for vasprintf
configure:13801: i686-w64-mingw32-gcc -std=gnu99 -o conftest.exe -g -O2 -m32 -pipe  conftest.c  >&5
configure:13801: $? = 0
configure:13801: result: yes
configure:13819: checking whether to build a release
configure:13826: result: no
configure:13964: checking whether to build Doxygen as HTML
configure:13966: result: yes
configure:13977: checking whether to build Doxygen as PDF
configure:13979: result: no
configure:14039: checking whether to enable verbose JTAG I/O messages
configure:14041: result: no
configure:14049: checking whether to enable verbose USB I/O messages
configure:14051: result: no
configure:14059: checking whether to enable verbose USB communication messages
configure:14061: result: no
configure:14076: checking whether to enable malloc free space logging
configure:14078: result: no
configure:14429: checking whether to enable ZY1000 minidriver
configure:14440: result: no
configure:14451: checking whether to enable dummy minidriver
configure:14465: result: no
configure:14468: checking whether standard drivers can be built
configure:14477: result: yes
configure:15283: checking for LIBFTDI
configure:15290: $PKG_CONFIG --exists --print-errors "libftdi1"
configure:15293: $? = 0
configure:15307: $PKG_CONFIG --exists --print-errors "libftdi1"
configure:15310: $? = 0
configure:15348: result: yes
configure:15431: checking Build & Link with libftdi...
configure:15467: i686-w64-mingw32-gcc -std=gnu99 -c -g -O2 -D__USE_MINGW_ANSI_STDIO -I/Host/Work/openocd/install/win32/include/libftdi1 -I/Host/Work/openocd/install/win32/include/libusb-1.0  -m32 -pipe conftest.c >&5
conftest.c:67:0: warning: "BUILD_OPENJTAG" redefined
 #define BUILD_OPENJTAG 1
 ^
conftest.c:64:0: note: this is the location of the previous definition
 #define BUILD_OPENJTAG 0
 ^
conftest.c:68:0: warning: "BUILD_OPENJTAG_LIBFTDI" redefined
 #define BUILD_OPENJTAG_LIBFTDI 1
 ^
conftest.c:66:0: note: this is the location of the previous definition
 #define BUILD_OPENJTAG_LIBFTDI 0
 ^
configure:15467: $? = 0
configure:15469: result: Success
configure:15479: checking for libftdi highspeed device support
configure:15497: i686-w64-mingw32-gcc -std=gnu99 -c -g -O2 -D__USE_MINGW_ANSI_STDIO -I/Host/Work/openocd/install/win32/include/libftdi1 -I/Host/Work/openocd/install/win32/include/libusb-1.0  -m32 -pipe conftest.c >&5
conftest.c:67:0: warning: "BUILD_OPENJTAG" redefined
 #define BUILD_OPENJTAG 1
 ^
conftest.c:64:0: note: this is the location of the previous definition
 #define BUILD_OPENJTAG 0
 ^
conftest.c:68:0: warning: "BUILD_OPENJTAG_LIBFTDI" redefined
 #define BUILD_OPENJTAG_LIBFTDI 1
 ^
conftest.c:66:0: note: this is the location of the previous definition
 #define BUILD_OPENJTAG_LIBFTDI 0
 ^
configure:15497: $? = 0
configure:15510: result: yes
configure:15518: checking for libftdi FT232H device support
configure:15536: i686-w64-mingw32-gcc -std=gnu99 -c -g -O2 -D__USE_MINGW_ANSI_STDIO -I/Host/Work/openocd/install/win32/include/libftdi1 -I/Host/Work/openocd/install/win32/include/libusb-1.0  -m32 -pipe conftest.c >&5
conftest.c:67:0: warning: "BUILD_OPENJTAG" redefined
 #define BUILD_OPENJTAG 1
 ^
conftest.c:64:0: note: this is the location of the previous definition
 #define BUILD_OPENJTAG 0
 ^
conftest.c:68:0: warning: "BUILD_OPENJTAG_LIBFTDI" redefined
 #define BUILD_OPENJTAG_LIBFTDI 1
 ^
conftest.c:66:0: note: this is the location of the previous definition
 #define BUILD_OPENJTAG_LIBFTDI 0
 ^
configure:15536: $? = 0
configure:15549: result: yes
configure:15565: checking for LIBUSB1
configure:15572: $PKG_CONFIG --exists --print-errors "libusb-1.0"
configure:15575: $? = 0
configure:15589: $PKG_CONFIG --exists --print-errors "libusb-1.0"
configure:15592: $? = 0
configure:15638: result: yes
configure:15646: $PKG_CONFIG --exists --print-errors "libusb-1.0 >= 1.0.9"
configure:15649: $? = 0
configure:15659: libusb-1.0 header bug workaround: LIBUSB1_CFLAGS changed to "-isystem /Host/Work/openocd/install/win32/include/libusb-1.0"
configure:15666: checking for LIBUSB0
configure:15673: $PKG_CONFIG --exists --print-errors "libusb"
configure:15676: $? = 0
configure:15690: $PKG_CONFIG --exists --print-errors "libusb"
configure:15693: $? = 0
configure:15731: result: yes
configure:15739: checking for HIDAPI
configure:15746: $PKG_CONFIG --exists --print-errors "$hidapi_lib"
configure:15749: $? = 0
configure:15763: $PKG_CONFIG --exists --print-errors "$hidapi_lib"
configure:15766: $? = 0
configure:15808: result: yes
configure:16500: checking for environ in unistd.h and stdlib.h
configure:16518: i686-w64-mingw32-gcc -std=gnu99 -c -g -O2 -D__USE_MINGW_ANSI_STDIO -m32 -pipe conftest.c >&5
conftest.c:67:0: warning: "BUILD_OPENJTAG" redefined
 #define BUILD_OPENJTAG 1
 ^
conftest.c:64:0: note: this is the location of the previous definition
 #define BUILD_OPENJTAG 0
 ^
conftest.c:68:0: warning: "BUILD_OPENJTAG_LIBFTDI" redefined
 #define BUILD_OPENJTAG_LIBFTDI 1
 ^
conftest.c:66:0: note: this is the location of the previous definition
 #define BUILD_OPENJTAG_LIBFTDI 0
 ^
configure:16518: $? = 0
configure:16520: result: yes
configure:16705: checking that generated files are newer than configure
configure:16711: result: done
configure:16943: creating ./config.status

## ---------------------- ##
## Running config.status. ##
## ---------------------- ##

This file was extended by openocd config.status 0.10.0-dev, which was
generated by GNU Autoconf 2.69.  Invocation command line was

  CONFIG_FILES    = 
  CONFIG_HEADERS  = 
  CONFIG_LINKS    = 
  CONFIG_COMMANDS = 
  $ ./config.status 

on docker

config.status:1304: creating Makefile
config.status:1304: creating src/Makefile
config.status:1304: creating src/helper/Makefile
config.status:1304: creating src/jtag/Makefile
config.status:1304: creating src/jtag/drivers/Makefile
config.status:1304: creating src/jtag/drivers/usb_blaster/Makefile
config.status:1304: creating src/jtag/hla/Makefile
config.status:1304: creating src/jtag/aice/Makefile
config.status:1304: creating src/transport/Makefile
config.status:1304: creating src/target/openrisc/Makefile
config.status:1304: creating src/xsvf/Makefile
config.status:1304: creating src/svf/Makefile
config.status:1304: creating src/target/Makefile
config.status:1304: creating src/rtos/Makefile
config.status:1304: creating src/server/Makefile
config.status:1304: creating src/flash/Makefile
config.status:1304: creating src/flash/nor/Makefile
config.status:1304: creating src/flash/nand/Makefile
config.status:1304: creating src/pld/Makefile
config.status:1304: creating doc/Makefile
config.status:1304: creating config.h
config.status:1518: executing depfiles commands
config.status:1518: executing libtool commands
configure:19171: === configuring in jimtcl (/Host/Work/openocd/build/win32/openocd/jimtcl)
configure:19234: running /bin/bash /Host/Work/openocd/gnuarmeclipse-openocd.git/jimtcl/configure.gnu --disable-option-checking '--prefix=/Host/Work/openocd/install/win32/openocd'  '--build=x86_64-linux-gnu' '--host=i686-w64-mingw32' '--datarootdir=/Host/Work/openocd/install/win32' '--infodir=/Host/Work/openocd/install/win32/openocd/info' '--localedir=/Host/Work/openocd/install/win32/openocd/locale' '--mandir=/Host/Work/openocd/install/win32/openocd/man' '--docdir=/Host/Work/openocd/install/win32/openocd/doc' '--enable-aice' '--enable-amtjtagaccel' '--enable-armjtagew' '--enable-cmsis-dap' '--enable-dummy' '--enable-ftdi' '--enable-gw16012' '--enable-jlink' '--enable-jtag_vpi' '--enable-opendous' '--enable-openjtag_ftdi' '--enable-osbdm' '--enable-legacy-ft2232_libftdi' '--enable-parport' '--disable-parport-ppdev' '--enable-parport-giveio' '--enable-presto_libftdi' '--enable-remote-bitbang' '--enable-rlink' '--enable-stlink' '--enable-ti-icdi' '--enable-ulink' '--enable-usb-blaster-2' '--enable-usb_blaster_libftdi' '--enable-usbprog' '--enable-vsllink' 'build_alias=x86_64-linux-gnu' 'host_alias=i686-w64-mingw32' 'CPPFLAGS=-m32 -pipe' 'PKG_CONFIG=/Host/Work/openocd/gnuarmeclipse-openocd.git/gnuarmeclipse/scripts/cross-pkg-config' 'PKG_CONFIG_LIBDIR=/Host/Work/openocd/install/win32/lib/pkgconfig' --cache-file=/dev/null --srcdir=/Host/Work/openocd/gnuarmeclipse-openocd.git/jimtcl
configure:19433: WARNING: Building the deprecated 'ft2232' adapter driver.

## ---------------- ##
## Cache variables. ##
## ---------------- ##

ac_cv_build=x86_64-pc-linux-gnu
ac_cv_c_bigendian=no
ac_cv_c_compiler_gnu=yes
ac_cv_c_const=yes
ac_cv_env_CC_set=
ac_cv_env_CC_value=
ac_cv_env_CFLAGS_set=
ac_cv_env_CFLAGS_value=
ac_cv_env_CPPFLAGS_set=set
ac_cv_env_CPPFLAGS_value='-m32 -pipe'
ac_cv_env_CPP_set=
ac_cv_env_CPP_value=
ac_cv_env_HIDAPI_CFLAGS_set=
ac_cv_env_HIDAPI_CFLAGS_value=
ac_cv_env_HIDAPI_LIBS_set=
ac_cv_env_HIDAPI_LIBS_value=
ac_cv_env_LDFLAGS_set=
ac_cv_env_LDFLAGS_value=
ac_cv_env_LIBFTDI_CFLAGS_set=
ac_cv_env_LIBFTDI_CFLAGS_value=
ac_cv_env_LIBFTDI_LIBS_set=
ac_cv_env_LIBFTDI_LIBS_value=
ac_cv_env_LIBS_set=
ac_cv_env_LIBS_value=
ac_cv_env_LIBUSB0_CFLAGS_set=
ac_cv_env_LIBUSB0_CFLAGS_value=
ac_cv_env_LIBUSB0_LIBS_set=
ac_cv_env_LIBUSB0_LIBS_value=
ac_cv_env_LIBUSB1_CFLAGS_set=
ac_cv_env_LIBUSB1_CFLAGS_value=
ac_cv_env_LIBUSB1_LIBS_set=
ac_cv_env_LIBUSB1_LIBS_value=
ac_cv_env_LT_SYS_LIBRARY_PATH_set=
ac_cv_env_LT_SYS_LIBRARY_PATH_value=
ac_cv_env_PKG_CONFIG_LIBDIR_set=set
ac_cv_env_PKG_CONFIG_LIBDIR_value=/Host/Work/openocd/install/win32/lib/pkgconfig
ac_cv_env_PKG_CONFIG_PATH_set=
ac_cv_env_PKG_CONFIG_PATH_value=
ac_cv_env_PKG_CONFIG_set=set
ac_cv_env_PKG_CONFIG_value=/Host/Work/openocd/gnuarmeclipse-openocd.git/gnuarmeclipse/scripts/cross-pkg-config
ac_cv_env_build_alias_set=set
ac_cv_env_build_alias_value=x86_64-linux-gnu
ac_cv_env_host_alias_set=set
ac_cv_env_host_alias_value=i686-w64-mingw32
ac_cv_env_target_alias_set=
ac_cv_env_target_alias_value=
ac_cv_exeext=.exe
ac_cv_func_gettimeofday=yes
ac_cv_func_strndup=no
ac_cv_func_strnlen=yes
ac_cv_func_usleep=yes
ac_cv_func_vasprintf=yes
ac_cv_header_arpa_inet_h=no
ac_cv_header_dirent_h=yes
ac_cv_header_dlfcn_h=no
ac_cv_header_elf_h=no
ac_cv_header_fcntl_h=yes
ac_cv_header_ifaddrs_h=no
ac_cv_header_inttypes_h=yes
ac_cv_header_malloc_h=yes
ac_cv_header_memory_h=yes
ac_cv_header_net_if_h=no
ac_cv_header_netdb_h=no
ac_cv_header_netinet_in_h=no
ac_cv_header_netinet_tcp_h=no
ac_cv_header_pthread_h=yes
ac_cv_header_stdbool_h=yes
ac_cv_header_stdc=yes
ac_cv_header_stdint_h=yes
ac_cv_header_stdlib_h=yes
ac_cv_header_string_h=yes
ac_cv_header_strings_h=yes
ac_cv_header_sys_ioctl_h=no
ac_cv_header_sys_param_h=yes
ac_cv_header_sys_poll_h=no
ac_cv_header_sys_select_h=no
ac_cv_header_sys_socket_h=no
ac_cv_header_sys_stat_h=yes
ac_cv_header_sys_time_h=yes
ac_cv_header_sys_types_h=yes
ac_cv_header_time=yes
ac_cv_header_unistd_h=yes
ac_cv_host=i686-w64-mingw32
ac_cv_objext=o
ac_cv_path_EGREP='/bin/grep -E'
ac_cv_path_FGREP='/bin/grep -F'
ac_cv_path_GREP=/bin/grep
ac_cv_path_SED=/bin/sed
ac_cv_path_install='/usr/bin/install -c'
ac_cv_path_lt_DD=/bin/dd
ac_cv_path_mkdir=/bin/mkdir
ac_cv_prog_AR=i686-w64-mingw32-ar
ac_cv_prog_AWK=mawk
ac_cv_prog_CC=i686-w64-mingw32-gcc
ac_cv_prog_CPP='i686-w64-mingw32-gcc -std=gnu99 -E'
ac_cv_prog_DLLTOOL=i686-w64-mingw32-dlltool
ac_cv_prog_MAKEINFO=makeinfo
ac_cv_prog_OBJDUMP=i686-w64-mingw32-objdump
ac_cv_prog_RANLIB=i686-w64-mingw32-ranlib
ac_cv_prog_STRIP=i686-w64-mingw32-strip
ac_cv_prog_cc_c89=
ac_cv_prog_cc_c99=-std=gnu99
ac_cv_prog_cc_g=yes
ac_cv_prog_make_make_set=yes
ac_cv_search_dlopen=no
ac_cv_search_ioperm=no
ac_cv_type__Bool=yes
ac_cv_type_long_long_int=yes
ac_cv_type_unsigned_long_long_int=yes
am_cv_CC_dependencies_compiler_type=gcc3
am_cv_make_support_nested_variables=yes
am_cv_prog_cc_c_o=yes
lt_cv_ar_at_file=@
lt_cv_deplibs_check_method='file_magic ^x86 archive import|^x86 DLL'
lt_cv_file_magic_cmd=func_win32_libid
lt_cv_file_magic_test_file=
lt_cv_ld_reload_flag=-r
lt_cv_nm_interface='BSD nm'
lt_cv_objdir=.libs
lt_cv_path_LD=/usr/bin/i686-w64-mingw32-ld
lt_cv_path_NM='/usr/bin/i686-w64-mingw32-nm -B'
lt_cv_path_mainfest_tool=no
lt_cv_prog_compiler_c_o=yes
lt_cv_prog_compiler_pic='-DDLL_EXPORT -DPIC'
lt_cv_prog_compiler_pic_works=yes
lt_cv_prog_compiler_rtti_exceptions=no
lt_cv_prog_compiler_static_works=yes
lt_cv_prog_gnu_ld=yes
lt_cv_sharedlib_from_linklib_cmd=func_cygming_dll_for_implib
lt_cv_sys_global_symbol_pipe='sed -n -e '\''s/^.*[	 ]\([ABCDGIRSTW][ABCDGIRSTW]*\)[	 ][	 ]*_\([_A-Za-z][_A-Za-z0-9]*\)$/\1 _\2 \2/p'\'' | sed '\''/ __gnu_lto/d'\'''
lt_cv_sys_global_symbol_to_c_name_address='sed -n -e '\''s/^: \(.*\) .*$/  {"\1", (void *) 0},/p'\'' -e '\''s/^[ABCDGIRSTW][ABCDGIRSTW]* .* \(.*\)$/  {"\1", (void *) \&\1},/p'\'''
lt_cv_sys_global_symbol_to_c_name_address_lib_prefix='sed -n -e '\''s/^: \(.*\) .*$/  {"\1", (void *) 0},/p'\'' -e '\''s/^[ABCDGIRSTW][ABCDGIRSTW]* .* \(lib.*\)$/  {"\1", (void *) \&\1},/p'\'' -e '\''s/^[ABCDGIRSTW][ABCDGIRSTW]* .* \(.*\)$/  {"lib\1", (void *) \&\1},/p'\'''
lt_cv_sys_global_symbol_to_cdecl='sed -n -e '\''s/^T .* \(.*\)$/extern int \1();/p'\'' -e '\''s/^[ABCDGIRSTW][ABCDGIRSTW]* .* \(.*\)$/extern char \1;/p'\'''
lt_cv_sys_global_symbol_to_import=
lt_cv_sys_max_cmd_len=1572864
lt_cv_to_host_file_cmd=func_convert_file_nix_to_w32
lt_cv_to_tool_file_cmd=func_convert_file_noop
lt_cv_truncate_bin='/bin/dd bs=4096 count=1'
pkg_cv_HIDAPI_CFLAGS='-I/Host/Work/openocd/install/win32/include/hidapi '
pkg_cv_HIDAPI_LIBS='-L/Host/Work/openocd/install/win32/lib -lhid -lsetupapi '
pkg_cv_LIBFTDI_CFLAGS='-I/Host/Work/openocd/install/win32/include/libftdi1 -I/Host/Work/openocd/install/win32/include/libusb-1.0 '
pkg_cv_LIBFTDI_LIBS='-L/Host/Work/openocd/install/win32/bin -L/Host/Work/openocd/install/win32/lib -lftdi1 -lusb-1.0 '
pkg_cv_LIBUSB0_CFLAGS='-I/Host/Work/openocd/install/win32/include/libusb '
pkg_cv_LIBUSB0_LIBS='-L/Host/Work/openocd/install/win32/lib -lusb '
pkg_cv_LIBUSB1_CFLAGS='-I/Host/Work/openocd/install/win32/include/libusb-1.0 '
pkg_cv_LIBUSB1_LIBS='-L/Host/Work/openocd/install/win32/lib -lusb-1.0 '

## ----------------- ##
## Output variables. ##
## ----------------- ##

ACLOCAL='${SHELL} /Host/Work/openocd/gnuarmeclipse-openocd.git/missing aclocal-1.15'
AICE_FALSE='#'
AICE_TRUE=''
AMDEPBACKSLASH='\'
AMDEP_FALSE='#'
AMDEP_TRUE=''
AMTAR='$${TAR-tar}'
AMTJTAGACCEL_FALSE='#'
AMTJTAGACCEL_TRUE=''
AM_BACKSLASH='\'
AM_DEFAULT_V='$(AM_DEFAULT_VERBOSITY)'
AM_DEFAULT_VERBOSITY='1'
AM_V='$(V)'
AR='i686-w64-mingw32-ar'
ARMJTAGEW_FALSE='#'
ARMJTAGEW_TRUE=''
AT91RM9200_FALSE=''
AT91RM9200_TRUE='#'
AUTOCONF='${SHELL} /Host/Work/openocd/gnuarmeclipse-openocd.git/missing autoconf'
AUTOHEADER='${SHELL} /Host/Work/openocd/gnuarmeclipse-openocd.git/missing autoheader'
AUTOMAKE='${SHELL} /Host/Work/openocd/gnuarmeclipse-openocd.git/missing automake-1.15'
AWK='mawk'
BCM2835GPIO_FALSE=''
BCM2835GPIO_TRUE='#'
BITBANG_FALSE='#'
BITBANG_TRUE=''
BITQ_FALSE='#'
BITQ_TRUE=''
BUSPIRATE_FALSE=''
BUSPIRATE_TRUE='#'
CC='i686-w64-mingw32-gcc -std=gnu99'
CCDEPMODE='depmode=gcc3'
CFLAGS='-g -O2 -D__USE_MINGW_ANSI_STDIO -Wall -Wstrict-prototypes -Wformat-security -Wshadow -Wextra -Wno-unused-parameter -Wbad-function-cast -Wcast-align -Wredundant-decls -Werror'
CMSIS_DAP_FALSE='#'
CMSIS_DAP_TRUE=''
CPP='i686-w64-mingw32-gcc -std=gnu99 -E'
CPPFLAGS='-m32 -pipe'
CYGPATH_W='echo'
DEFS='-DHAVE_CONFIG_H'
DEPDIR='.deps'
DLLTOOL='i686-w64-mingw32-dlltool'
DSYMUTIL=''
DUMMY_FALSE='#'
DUMMY_TRUE=''
DUMPBIN=''
ECHO_C=''
ECHO_N='-n'
ECHO_T=''
EGREP='/bin/grep -E'
EP93XX_FALSE=''
EP93XX_TRUE='#'
EXEEXT='.exe'
FGREP='/bin/grep -F'
FT2232_DRIVER_FALSE='#'
FT2232_DRIVER_TRUE=''
FT2232_LIBFTDI_FALSE='#'
FT2232_LIBFTDI_TRUE=''
FTDI_FALSE='#'
FTDI_TRUE=''
GIVEIO_FALSE='#'
GIVEIO_TRUE=''
GREP='/bin/grep'
GW16012_FALSE='#'
GW16012_TRUE=''
HIDAPI_CFLAGS='-I/Host/Work/openocd/install/win32/include/hidapi '
HIDAPI_LIBS='-L/Host/Work/openocd/install/win32/lib -lhid -lsetupapi '
HLADAPTER_FALSE='#'
HLADAPTER_ICDI_FALSE='#'
HLADAPTER_ICDI_TRUE=''
HLADAPTER_STLINK_FALSE='#'
HLADAPTER_STLINK_TRUE=''
HLADAPTER_TRUE=''
INSTALL_DATA='${INSTALL} -m 644'
INSTALL_PROGRAM='${INSTALL}'
INSTALL_SCRIPT='${INSTALL}'
INSTALL_STRIP_PROGRAM='$(install_sh) -c -s'
INTERNAL_JIMTCL_FALSE='#'
INTERNAL_JIMTCL_TRUE=''
IOUTIL_FALSE=''
IOUTIL_TRUE='#'
IS_CYGWIN_FALSE=''
IS_CYGWIN_TRUE='#'
IS_DARWIN_FALSE=''
IS_DARWIN_TRUE='#'
IS_MINGW_FALSE='#'
IS_MINGW_TRUE=''
IS_WIN32_FALSE='#'
IS_WIN32_TRUE=''
JLINK_FALSE='#'
JLINK_TRUE=''
JTAG_VPI_FALSE='#'
JTAG_VPI_TRUE=''
LD='/usr/bin/i686-w64-mingw32-ld'
LDFLAGS=''
LIBFTDI_CFLAGS='-I/Host/Work/openocd/install/win32/include/libftdi1 -I/Host/Work/openocd/install/win32/include/libusb-1.0 '
LIBFTDI_LIBS='-L/Host/Work/openocd/install/win32/bin -L/Host/Work/openocd/install/win32/lib -lftdi1 -lusb-1.0 '
LIBOBJS=''
LIBS=''
LIBTOOL='$(SHELL) $(top_builddir)/libtool'
LIBTOOL_DEPS='/Host/Work/openocd/gnuarmeclipse-openocd.git/ltmain.sh'
LIBUSB0_CFLAGS='-I/Host/Work/openocd/install/win32/include/libusb '
LIBUSB0_LIBS='-L/Host/Work/openocd/install/win32/lib -lusb '
LIBUSB1_CFLAGS='-isystem /Host/Work/openocd/install/win32/include/libusb-1.0'
LIBUSB1_LIBS='-L/Host/Work/openocd/install/win32/lib -lusb-1.0 '
LIPO=''
LN_S='ln -s'
LTLIBOBJS=''
LT_SYS_LIBRARY_PATH=''
MAKEINFO='makeinfo'
MANIFEST_TOOL=':'
MINIDRIVER_DUMMY_FALSE=''
MINIDRIVER_DUMMY_TRUE='#'
MINIDRIVER_FALSE=''
MINIDRIVER_TRUE='#'
MKDIR_P='/bin/mkdir -p'
NM='/usr/bin/i686-w64-mingw32-nm -B'
NMEDIT=''
OBJDUMP='i686-w64-mingw32-objdump'
OBJEXT='o'
OOCD_TRACE_FALSE=''
OOCD_TRACE_TRUE='#'
OPENDOUS_FALSE='#'
OPENDOUS_TRUE=''
OPENJTAG_FALSE='#'
OPENJTAG_TRUE=''
OSBDM_FALSE='#'
OSBDM_TRUE=''
OTOOL64=''
OTOOL=''
PACKAGE='openocd'
PACKAGE_BUGREPORT='OpenOCD Mailing List <openocd-devel@lists.sourceforge.net>'
PACKAGE_NAME='openocd'
PACKAGE_STRING='openocd 0.10.0-dev'
PACKAGE_TARNAME='openocd'
PACKAGE_URL=''
PACKAGE_VERSION='0.10.0-dev'
PARPORT_FALSE='#'
PARPORT_TRUE=''
PATH_SEPARATOR=':'
PKG_CONFIG='/Host/Work/openocd/gnuarmeclipse-openocd.git/gnuarmeclipse/scripts/cross-pkg-config'
PKG_CONFIG_LIBDIR='/Host/Work/openocd/install/win32/lib/pkgconfig'
PKG_CONFIG_PATH=''
PRESTO_DRIVER_FALSE='#'
PRESTO_DRIVER_TRUE=''
PRESTO_LIBFTDI_FALSE='#'
PRESTO_LIBFTDI_TRUE=''
RANLIB='i686-w64-mingw32-ranlib'
RELEASE_FALSE=''
RELEASE_TRUE='#'
REMOTE_BITBANG_FALSE='#'
REMOTE_BITBANG_TRUE=''
RLINK_FALSE='#'
RLINK_TRUE=''
SED='/bin/sed'
SET_MAKE=''
SHELL='/bin/bash'
STRIP='i686-w64-mingw32-strip'
SYSFSGPIO_FALSE=''
SYSFSGPIO_TRUE='#'
ULINK_FALSE='#'
ULINK_TRUE=''
USBPROG_FALSE='#'
USBPROG_TRUE=''
USB_BLASTER_2_FALSE='#'
USB_BLASTER_2_TRUE=''
USB_BLASTER_DRIVER_FALSE='#'
USB_BLASTER_DRIVER_TRUE=''
USB_BLASTER_FTD2XX_FALSE=''
USB_BLASTER_FTD2XX_TRUE='#'
USB_BLASTER_LIBFTDI_FALSE='#'
USB_BLASTER_LIBFTDI_TRUE=''
USE_LIBUSB0_FALSE='#'
USE_LIBUSB0_TRUE=''
USE_LIBUSB1_FALSE='#'
USE_LIBUSB1_TRUE=''
VERSION='0.10.0-dev'
VSLLINK_FALSE='#'
VSLLINK_TRUE=''
ZY1000_FALSE=''
ZY1000_MASTER_FALSE=''
ZY1000_MASTER_TRUE='#'
ZY1000_TRUE='#'
ac_ct_AR=''
ac_ct_CC=''
ac_ct_DUMPBIN=''
am__EXEEXT_FALSE='#'
am__EXEEXT_TRUE=''
am__fastdepCC_FALSE='#'
am__fastdepCC_TRUE=''
am__include='include'
am__isrc=' -I$(srcdir)'
am__leading_dot='.'
am__nodep='_no'
am__quote=''
am__tar='$${TAR-tar} chof - "$$tardir"'
am__untar='$${TAR-tar} xf -'
bindir='${exec_prefix}/bin'
build='x86_64-pc-linux-gnu'
build_alias='x86_64-linux-gnu'
build_cpu='x86_64'
build_os='linux-gnu'
build_vendor='pc'
datadir='${datarootdir}'
datarootdir='/Host/Work/openocd/install/win32'
docdir='/Host/Work/openocd/install/win32/openocd/doc'
doxygen_as_html='yes'
doxygen_as_pdf='no'
dvidir='${docdir}'
exec_prefix='${prefix}'
host='i686-w64-mingw32'
host_alias='i686-w64-mingw32'
host_cpu='i686'
host_os='mingw32'
host_vendor='w64'
htmldir='${docdir}'
includedir='${prefix}/include'
infodir='/Host/Work/openocd/install/win32/openocd/info'
install_sh='${SHELL} /Host/Work/openocd/gnuarmeclipse-openocd.git/install-sh'
libdir='${exec_prefix}/lib'
libexecdir='${exec_prefix}/libexec'
localedir='/Host/Work/openocd/install/win32/openocd/locale'
localstatedir='${prefix}/var'
mandir='/Host/Work/openocd/install/win32/openocd/man'
mkdir_p='$(MKDIR_P)'
oldincludedir='/usr/include'
pdfdir='${docdir}'
prefix='/Host/Work/openocd/install/win32/openocd'
program_transform_name='s,x,x,'
psdir='${docdir}'
sbindir='${exec_prefix}/sbin'
sharedstatedir='${prefix}/com'
subdirs=' jimtcl'
sysconfdir='${prefix}/etc'
target_alias=''

## ----------- ##
## confdefs.h. ##
## ----------- ##

/* confdefs.h */
#define PACKAGE_NAME "openocd"
#define PACKAGE_TARNAME "openocd"
#define PACKAGE_VERSION "0.10.0-dev"
#define PACKAGE_STRING "openocd 0.10.0-dev"
#define PACKAGE_BUGREPORT "OpenOCD Mailing List <openocd-devel@lists.sourceforge.net>"
#define PACKAGE_URL ""
#define PACKAGE "openocd"
#define VERSION "0.10.0-dev"
#define STDC_HEADERS 1
#define HAVE_SYS_TYPES_H 1
#define HAVE_SYS_STAT_H 1
#define HAVE_STDLIB_H 1
#define HAVE_STRING_H 1
#define HAVE_MEMORY_H 1
#define HAVE_STRINGS_H 1
#define HAVE_INTTYPES_H 1
#define HAVE_STDINT_H 1
#define HAVE_UNISTD_H 1
#define LT_OBJDIR ".libs/"
#define HAVE_UNSIGNED_LONG_LONG_INT 1
#define HAVE_LONG_LONG_INT 1
#define HAVE_DIRENT_H 1
#define HAVE_FCNTL_H 1
#define HAVE_MALLOC_H 1
#define HAVE_PTHREAD_H 1
#define HAVE_STRINGS_H 1
#define HAVE_SYS_PARAM_H 1
#define HAVE_SYS_STAT_H 1
#define HAVE_SYS_TIME_H 1
#define HAVE_SYS_TYPES_H 1
#define HAVE_UNISTD_H 1
#define HAVE__BOOL 1
#define HAVE_STDBOOL_H 1
#define TIME_WITH_SYS_TIME 1
#define HAVE_STRNLEN 1
#define HAVE_GETTIMEOFDAY 1
#define HAVE_USLEEP 1
#define HAVE_VASPRINTF 1
#define IS_MINGW 1
#define IS_WIN32 1
#define IS_DARWIN 0
#define WIN32_LEAN_AND_MEAN 1
#define BUILD_PARPORT 1
#define BUILD_DUMMY 1
#define BUILD_EP93XX 0
#define BUILD_ZY1000 0
#define BUILD_ZY1000_MASTER 0
#define BUILD_AT91RM9200 0
#define BUILD_BCM2835GPIO 0
#define PARPORT_USE_PPDEV 0
#define PARPORT_USE_GIVEIO 1
#define BUILD_BITBANG 1
#define BUILD_FT2232_LIBFTDI 1
#define BUILD_FT2232_FTD2XX 0
#define BUILD_USB_BLASTER_LIBFTDI 1
#define BUILD_JTAG_VPI 1
#define BUILD_USB_BLASTER_FTD2XX 0
#define BUILD_AMTJTAGACCEL 1
#define BUILD_GW16012 1
#define BUILD_PRESTO_LIBFTDI 1
#define BUILD_PRESTO_FTD2XX 0
#define BUILD_BITQ 1
#define BUILD_OPENJTAG 0
#define BUILD_OPENJTAG_FTD2XX 0
#define BUILD_OPENJTAG_LIBFTDI 0
#define BUILD_OPENJTAG 1
#define BUILD_OPENJTAG_LIBFTDI 1
#define BUILD_OOCD_TRACE 0
#define BUILD_BUSPIRATE 0
#define BUILD_REMOTE_BITBANG 1
#define BUILD_SYSFSGPIO 0
#define BUILD_FT2232_HIGHSPEED 1
#define HAS_ENUM_FT232H 1
#define HAVE_LIBUSB1 1
#define HAVE_LIBUSB_ERROR_NAME 1
#define BUILD_FTDI 1
#define BUILD_HLADAPTER_STLINK 1
#define BUILD_HLADAPTER_ICDI 1
#define BUILD_ULINK 1
#define BUILD_USB_BLASTER_2 1
#define BUILD_VSLLINK 1
#define BUILD_JLINK 1
#define BUILD_OSBDM 1
#define BUILD_OPENDOUS 1
#define BUILD_AICE 1
#define BUILD_USBPROG 1
#define BUILD_RLINK 1
#define BUILD_ARMJTAGEW 1
#define BUILD_CMSIS_DAP 1
#define BUILD_HLADAPTER 1
#define _GNU_SOURCE 1

configure: exit 0
